{"/Users/javierlazarocastellondorta/Documents/JAVIER/WORK/LiRAYS/SOFT/LiRAYS-Scada/frontend/src/lib/core/theme/theme-utils.ts": {"path":"/Users/javierlazarocastellondorta/Documents/JAVIER/WORK/LiRAYS/SOFT/LiRAYS-Scada/frontend/src/lib/core/theme/theme-utils.ts","statementMap":{"0":{"start":{"line":4,"column":17},"end":{"line":4,"column":null}},"1":{"start":{"line":5,"column":2},"end":{"line":5,"column":null}}},"fnMap":{"0":{"name":"createThemeVars","decl":{"start":{"line":3,"column":16},"end":{"line":3,"column":32}},"loc":{"start":{"line":3,"column":58},"end":{"line":6,"column":null}},"line":3}},"branchMap":{"0":{"loc":{"start":{"line":5,"column":21},"end":{"line":5,"column":51}},"type":"cond-expr","locations":[{"start":{"line":5,"column":30},"end":{"line":5,"column":42}},{"start":{"line":5,"column":42},"end":{"line":5,"column":51}}],"line":5},"1":{"loc":{"start":{"line":5,"column":66},"end":{"line":5,"column":96}},"type":"cond-expr","locations":[{"start":{"line":5,"column":75},"end":{"line":5,"column":87}},{"start":{"line":5,"column":87},"end":{"line":5,"column":96}}],"line":5},"2":{"loc":{"start":{"line":5,"column":111},"end":{"line":5,"column":141}},"type":"cond-expr","locations":[{"start":{"line":5,"column":120},"end":{"line":5,"column":132}},{"start":{"line":5,"column":132},"end":{"line":5,"column":141}}],"line":5},"3":{"loc":{"start":{"line":5,"column":156},"end":{"line":5,"column":186}},"type":"cond-expr","locations":[{"start":{"line":5,"column":165},"end":{"line":5,"column":177}},{"start":{"line":5,"column":177},"end":{"line":5,"column":186}}],"line":5},"4":{"loc":{"start":{"line":5,"column":204},"end":{"line":5,"column":234}},"type":"cond-expr","locations":[{"start":{"line":5,"column":213},"end":{"line":5,"column":225}},{"start":{"line":5,"column":225},"end":{"line":5,"column":234}}],"line":5},"5":{"loc":{"start":{"line":5,"column":253},"end":{"line":5,"column":283}},"type":"cond-expr","locations":[{"start":{"line":5,"column":262},"end":{"line":5,"column":274}},{"start":{"line":5,"column":274},"end":{"line":5,"column":283}}],"line":5},"6":{"loc":{"start":{"line":5,"column":304},"end":{"line":5,"column":334}},"type":"cond-expr","locations":[{"start":{"line":5,"column":313},"end":{"line":5,"column":325}},{"start":{"line":5,"column":325},"end":{"line":5,"column":334}}],"line":5},"7":{"loc":{"start":{"line":5,"column":351},"end":{"line":5,"column":381}},"type":"cond-expr","locations":[{"start":{"line":5,"column":360},"end":{"line":5,"column":372}},{"start":{"line":5,"column":372},"end":{"line":5,"column":381}}],"line":5}},"s":{"0":3,"1":3},"f":{"0":3},"b":{"0":[1,2],"1":[1,2],"2":[1,2],"3":[1,2],"4":[1,2],"5":[1,2],"6":[1,2],"7":[1,2]},"meta":{"lastBranch":8,"lastFunction":1,"lastStatement":2,"seen":{"f:3:16:3:32":0,"s:4:17:4:Infinity":0,"s:5:2:5:Infinity":1,"b:5:30:5:42:5:42:5:51":0,"b:5:75:5:87:5:87:5:96":1,"b:5:120:5:132:5:132:5:141":2,"b:5:165:5:177:5:177:5:186":3,"b:5:213:5:225:5:225:5:234":4,"b:5:262:5:274:5:274:5:283":5,"b:5:313:5:325:5:325:5:334":6,"b:5:360:5:372:5:372:5:381":7}}}
,"/Users/javierlazarocastellondorta/Documents/JAVIER/WORK/LiRAYS/SOFT/LiRAYS-Scada/frontend/src/lib/core/ws/command-ws-client.ts": {"path":"/Users/javierlazarocastellondorta/Documents/JAVIER/WORK/LiRAYS/SOFT/LiRAYS-Scada/frontend/src/lib/core/ws/command-ws-client.ts","statementMap":{"0":{"start":{"line":13,"column":2},"end":{"line":13,"column":null}},"1":{"start":{"line":17,"column":2},"end":{"line":19,"column":null}},"2":{"start":{"line":18,"column":4},"end":{"line":18,"column":null}},"3":{"start":{"line":20,"column":2},"end":{"line":22,"column":null}},"4":{"start":{"line":21,"column":4},"end":{"line":21,"column":null}},"5":{"start":{"line":23,"column":2},"end":{"line":25,"column":null}},"6":{"start":{"line":24,"column":4},"end":{"line":24,"column":null}},"7":{"start":{"line":26,"column":2},"end":{"line":26,"column":null}},"8":{"start":{"line":32,"column":2},"end":{"line":34,"column":null}},"9":{"start":{"line":33,"column":4},"end":{"line":33,"column":null}},"10":{"start":{"line":35,"column":2},"end":{"line":37,"column":null}},"11":{"start":{"line":36,"column":4},"end":{"line":36,"column":null}},"12":{"start":{"line":38,"column":2},"end":{"line":40,"column":null}},"13":{"start":{"line":39,"column":4},"end":{"line":39,"column":null}},"14":{"start":{"line":41,"column":2},"end":{"line":43,"column":null}},"15":{"start":{"line":42,"column":4},"end":{"line":42,"column":null}},"16":{"start":{"line":44,"column":2},"end":{"line":46,"column":null}},"17":{"start":{"line":45,"column":4},"end":{"line":45,"column":null}},"18":{"start":{"line":47,"column":2},"end":{"line":47,"column":null}},"19":{"start":{"line":57,"column":2},"end":{"line":65,"column":null}},"20":{"start":{"line":76,"column":2},"end":{"line":85,"column":null}},"21":{"start":{"line":96,"column":2},"end":{"line":105,"column":null}},"22":{"start":{"line":112,"column":2},"end":{"line":112,"column":null}},"23":{"start":{"line":120,"column":2},"end":{"line":128,"column":null}},"24":{"start":{"line":135,"column":2},"end":{"line":143,"column":null}},"25":{"start":{"line":151,"column":2},"end":{"line":160,"column":null}},"26":{"start":{"line":167,"column":2},"end":{"line":175,"column":null}},"27":{"start":{"line":183,"column":4},"end":{"line":185,"column":null}},"28":{"start":{"line":184,"column":6},"end":{"line":184,"column":null}},"29":{"start":{"line":186,"column":4},"end":{"line":194,"column":null}},"30":{"start":{"line":187,"column":57},"end":{"line":187,"column":null}},"31":{"start":{"line":188,"column":6},"end":{"line":192,"column":null}},"32":{"start":{"line":191,"column":8},"end":{"line":191,"column":null}},"33":{"start":{"line":193,"column":6},"end":{"line":193,"column":null}},"34":{"start":{"line":195,"column":4},"end":{"line":197,"column":null}},"35":{"start":{"line":199,"column":50},"end":{"line":199,"column":null}},"36":{"start":{"line":200,"column":2},"end":{"line":202,"column":null}},"37":{"start":{"line":201,"column":4},"end":{"line":201,"column":null}},"38":{"start":{"line":203,"column":2},"end":{"line":203,"column":null}},"39":{"start":{"line":211,"column":2},"end":{"line":220,"column":null}},"40":{"start":{"line":228,"column":2},"end":{"line":232,"column":null}}},"fnMap":{"0":{"name":"createCommandId","decl":{"start":{"line":12,"column":16},"end":{"line":12,"column":32}},"loc":{"start":{"line":12,"column":56},"end":{"line":14,"column":null}},"line":12},"1":{"name":"toBackendValue","decl":{"start":{"line":16,"column":16},"end":{"line":16,"column":31}},"loc":{"start":{"line":16,"column":61},"end":{"line":27,"column":null}},"line":16},"2":{"name":"fromBackendValue","decl":{"start":{"line":29,"column":16},"end":{"line":29,"column":null}},"loc":{"start":{"line":31,"column":30},"end":{"line":48,"column":null}},"line":31},"3":{"name":"createGetCommand","decl":{"start":{"line":50,"column":16},"end":{"line":50,"column":null}},"loc":{"start":{"line":56,"column":2},"end":{"line":66,"column":null}},"line":56},"4":{"name":"createSubscribeCommand","decl":{"start":{"line":68,"column":16},"end":{"line":68,"column":null}},"loc":{"start":{"line":75,"column":2},"end":{"line":86,"column":null}},"line":75},"5":{"name":"createUnsubscribeCommand","decl":{"start":{"line":88,"column":16},"end":{"line":88,"column":null}},"loc":{"start":{"line":95,"column":2},"end":{"line":106,"column":null}},"line":95},"6":{"name":"createTreeChangeSubscribeCommand","decl":{"start":{"line":109,"column":16},"end":{"line":109,"column":null}},"loc":{"start":{"line":111,"column":39},"end":{"line":113,"column":null}},"line":111},"7":{"name":"createSetCommand","decl":{"start":{"line":115,"column":16},"end":{"line":115,"column":null}},"loc":{"start":{"line":119,"column":39},"end":{"line":129,"column":null}},"line":119},"8":{"name":"createListCommand","decl":{"start":{"line":131,"column":16},"end":{"line":131,"column":null}},"loc":{"start":{"line":134,"column":39},"end":{"line":144,"column":null}},"line":134},"9":{"name":"createAddCommand","decl":{"start":{"line":146,"column":16},"end":{"line":146,"column":null}},"loc":{"start":{"line":150,"column":39},"end":{"line":161,"column":null}},"line":150},"10":{"name":"createDelCommand","decl":{"start":{"line":163,"column":16},"end":{"line":163,"column":null}},"loc":{"start":{"line":166,"column":39},"end":{"line":176,"column":null}},"line":166},"11":{"name":"namespaceJsonToSchema","decl":{"start":{"line":179,"column":16},"end":{"line":179,"column":null}},"loc":{"start":{"line":181,"column":19},"end":{"line":204,"column":null}},"line":181},"12":{"name":"nodeFromJson","decl":{"start":{"line":182,"column":11},"end":{"line":182,"column":24}},"loc":{"start":{"line":182,"column":53},"end":{"line":198,"column":null}},"line":182},"13":{"name":"createAddBulkCommand","decl":{"start":{"line":206,"column":16},"end":{"line":206,"column":null}},"loc":{"start":{"line":210,"column":39},"end":{"line":221,"column":null}},"line":210},"14":{"name":"createSingleItemMeta","decl":{"start":{"line":223,"column":16},"end":{"line":223,"column":null}},"loc":{"start":{"line":227,"column":12},"end":{"line":233,"column":null}},"line":227}},"branchMap":{"0":{"loc":{"start":{"line":17,"column":2},"end":{"line":19,"column":null}},"type":"if","locations":[{"start":{"line":17,"column":2},"end":{"line":19,"column":null}},{"start":{},"end":{}}],"line":17},"1":{"loc":{"start":{"line":20,"column":2},"end":{"line":22,"column":null}},"type":"if","locations":[{"start":{"line":20,"column":2},"end":{"line":22,"column":null}},{"start":{},"end":{}}],"line":20},"2":{"loc":{"start":{"line":23,"column":2},"end":{"line":25,"column":null}},"type":"if","locations":[{"start":{"line":23,"column":2},"end":{"line":25,"column":null}},{"start":{},"end":{}}],"line":23},"3":{"loc":{"start":{"line":32,"column":2},"end":{"line":34,"column":null}},"type":"if","locations":[{"start":{"line":32,"column":2},"end":{"line":34,"column":null}},{"start":{},"end":{}}],"line":32},"4":{"loc":{"start":{"line":35,"column":2},"end":{"line":37,"column":null}},"type":"if","locations":[{"start":{"line":35,"column":2},"end":{"line":37,"column":null}},{"start":{},"end":{}}],"line":35},"5":{"loc":{"start":{"line":38,"column":2},"end":{"line":40,"column":null}},"type":"if","locations":[{"start":{"line":38,"column":2},"end":{"line":40,"column":null}},{"start":{},"end":{}}],"line":38},"6":{"loc":{"start":{"line":41,"column":2},"end":{"line":43,"column":null}},"type":"if","locations":[{"start":{"line":41,"column":2},"end":{"line":43,"column":null}},{"start":{},"end":{}}],"line":41},"7":{"loc":{"start":{"line":44,"column":2},"end":{"line":46,"column":null}},"type":"if","locations":[{"start":{"line":44,"column":2},"end":{"line":46,"column":null}},{"start":{},"end":{}}],"line":44},"8":{"loc":{"start":{"line":52,"column":2},"end":{"line":52,"column":null}},"type":"default-arg","locations":[{"start":{"line":52,"column":10},"end":{"line":52,"column":null}}],"line":52},"9":{"loc":{"start":{"line":71,"column":2},"end":{"line":71,"column":null}},"type":"default-arg","locations":[{"start":{"line":71,"column":10},"end":{"line":71,"column":null}}],"line":71},"10":{"loc":{"start":{"line":91,"column":2},"end":{"line":91,"column":null}},"type":"default-arg","locations":[{"start":{"line":91,"column":10},"end":{"line":91,"column":null}}],"line":91},"11":{"loc":{"start":{"line":110,"column":2},"end":{"line":110,"column":null}},"type":"default-arg","locations":[{"start":{"line":110,"column":10},"end":{"line":110,"column":null}}],"line":110},"12":{"loc":{"start":{"line":118,"column":2},"end":{"line":118,"column":null}},"type":"default-arg","locations":[{"start":{"line":118,"column":10},"end":{"line":118,"column":null}}],"line":118},"13":{"loc":{"start":{"line":133,"column":2},"end":{"line":133,"column":null}},"type":"default-arg","locations":[{"start":{"line":133,"column":10},"end":{"line":133,"column":null}}],"line":133},"14":{"loc":{"start":{"line":149,"column":2},"end":{"line":149,"column":null}},"type":"default-arg","locations":[{"start":{"line":149,"column":10},"end":{"line":149,"column":null}}],"line":149},"15":{"loc":{"start":{"line":165,"column":2},"end":{"line":165,"column":null}},"type":"default-arg","locations":[{"start":{"line":165,"column":10},"end":{"line":165,"column":null}}],"line":165},"16":{"loc":{"start":{"line":183,"column":4},"end":{"line":185,"column":null}},"type":"if","locations":[{"start":{"line":183,"column":4},"end":{"line":185,"column":null}},{"start":{},"end":{}}],"line":183},"17":{"loc":{"start":{"line":186,"column":4},"end":{"line":194,"column":null}},"type":"if","locations":[{"start":{"line":186,"column":4},"end":{"line":194,"column":null}},{"start":{},"end":{}}],"line":186},"18":{"loc":{"start":{"line":186,"column":8},"end":{"line":186,"column":72}},"type":"binary-expr","locations":[{"start":{"line":186,"column":8},"end":{"line":186,"column":24}},{"start":{"line":186,"column":24},"end":{"line":186,"column":51}},{"start":{"line":186,"column":51},"end":{"line":186,"column":72}}],"line":186},"19":{"loc":{"start":{"line":209,"column":2},"end":{"line":209,"column":null}},"type":"default-arg","locations":[{"start":{"line":209,"column":10},"end":{"line":209,"column":null}}],"line":209}},"s":{"0":22,"1":6,"2":1,"3":5,"4":1,"5":4,"6":3,"7":1,"8":7,"9":2,"10":5,"11":2,"12":3,"13":1,"14":2,"15":1,"16":1,"17":1,"18":0,"19":1,"20":10,"21":0,"22":8,"23":2,"24":3,"25":2,"26":1,"27":8,"28":4,"29":4,"30":3,"31":3,"32":3,"33":3,"34":1,"35":5,"36":5,"37":5,"38":4,"39":2,"40":3},"f":{"0":22,"1":6,"2":7,"3":1,"4":10,"5":0,"6":8,"7":2,"8":3,"9":2,"10":1,"11":5,"12":8,"13":2,"14":3},"b":{"0":[1,5],"1":[1,4],"2":[3,1],"3":[2,5],"4":[2,3],"5":[1,2],"6":[1,1],"7":[1,0],"8":[1],"9":[10],"10":[0],"11":[8],"12":[2],"13":[3],"14":[2],"15":[1],"16":[4,4],"17":[3,1],"18":[4,4,3],"19":[2]},"meta":{"lastBranch":20,"lastFunction":15,"lastStatement":41,"seen":{"f:12:16:12:32":0,"s:13:2:13:Infinity":0,"f:16:16:16:31":1,"b:17:2:19:Infinity:undefined:undefined:undefined:undefined":0,"s:17:2:19:Infinity":1,"s:18:4:18:Infinity":2,"b:20:2:22:Infinity:undefined:undefined:undefined:undefined":1,"s:20:2:22:Infinity":3,"s:21:4:21:Infinity":4,"b:23:2:25:Infinity:undefined:undefined:undefined:undefined":2,"s:23:2:25:Infinity":5,"s:24:4:24:Infinity":6,"s:26:2:26:Infinity":7,"f:29:16:29:Infinity":2,"b:32:2:34:Infinity:undefined:undefined:undefined:undefined":3,"s:32:2:34:Infinity":8,"s:33:4:33:Infinity":9,"b:35:2:37:Infinity:undefined:undefined:undefined:undefined":4,"s:35:2:37:Infinity":10,"s:36:4:36:Infinity":11,"b:38:2:40:Infinity:undefined:undefined:undefined:undefined":5,"s:38:2:40:Infinity":12,"s:39:4:39:Infinity":13,"b:41:2:43:Infinity:undefined:undefined:undefined:undefined":6,"s:41:2:43:Infinity":14,"s:42:4:42:Infinity":15,"b:44:2:46:Infinity:undefined:undefined:undefined:undefined":7,"s:44:2:46:Infinity":16,"s:45:4:45:Infinity":17,"s:47:2:47:Infinity":18,"f:50:16:50:Infinity":3,"b:52:10:52:Infinity":8,"s:57:2:65:Infinity":19,"f:68:16:68:Infinity":4,"b:71:10:71:Infinity":9,"s:76:2:85:Infinity":20,"f:88:16:88:Infinity":5,"b:91:10:91:Infinity":10,"s:96:2:105:Infinity":21,"f:109:16:109:Infinity":6,"b:110:10:110:Infinity":11,"s:112:2:112:Infinity":22,"f:115:16:115:Infinity":7,"b:118:10:118:Infinity":12,"s:120:2:128:Infinity":23,"f:131:16:131:Infinity":8,"b:133:10:133:Infinity":13,"s:135:2:143:Infinity":24,"f:146:16:146:Infinity":9,"b:149:10:149:Infinity":14,"s:151:2:160:Infinity":25,"f:163:16:163:Infinity":10,"b:165:10:165:Infinity":15,"s:167:2:175:Infinity":26,"f:179:16:179:Infinity":11,"f:182:11:182:24":12,"b:183:4:185:Infinity:undefined:undefined:undefined:undefined":16,"s:183:4:185:Infinity":27,"s:184:6:184:Infinity":28,"b:186:4:194:Infinity:undefined:undefined:undefined:undefined":17,"s:186:4:194:Infinity":29,"b:186:8:186:24:186:24:186:51:186:51:186:72":18,"s:187:57:187:Infinity":30,"s:188:6:192:Infinity":31,"s:191:8:191:Infinity":32,"s:193:6:193:Infinity":33,"s:195:4:197:Infinity":34,"s:199:50:199:Infinity":35,"s:200:2:202:Infinity":36,"s:201:4:201:Infinity":37,"s:203:2:203:Infinity":38,"f:206:16:206:Infinity":13,"b:209:10:209:Infinity":19,"s:211:2:220:Infinity":39,"f:223:16:223:Infinity":14,"s:228:2:232:Infinity":40}}}
,"/Users/javierlazarocastellondorta/Documents/JAVIER/WORK/LiRAYS/SOFT/LiRAYS-Scada/frontend/src/lib/core/ws/tag-stream-client.ts": {"path":"/Users/javierlazarocastellondorta/Documents/JAVIER/WORK/LiRAYS/SOFT/LiRAYS-Scada/frontend/src/lib/core/ws/tag-stream-client.ts","statementMap":{"0":{"start":{"line":32,"column":22},"end":{"line":32,"column":null}},"1":{"start":{"line":33,"column":21},"end":{"line":33,"column":null}},"2":{"start":{"line":35,"column":27},"end":{"line":35,"column":null}},"3":{"start":{"line":37,"column":29},"end":{"line":37,"column":null}},"4":{"start":{"line":49,"column":37},"end":{"line":49,"column":null}},"5":{"start":{"line":50,"column":65},"end":{"line":50,"column":null}},"6":{"start":{"line":51,"column":20},"end":{"line":51,"column":null}},"7":{"start":{"line":52,"column":20},"end":{"line":52,"column":null}},"8":{"start":{"line":53,"column":23},"end":{"line":53,"column":null}},"9":{"start":{"line":54,"column":23},"end":{"line":54,"column":null}},"10":{"start":{"line":55,"column":32},"end":{"line":55,"column":null}},"11":{"start":{"line":56,"column":21},"end":{"line":56,"column":null}},"12":{"start":{"line":57,"column":27},"end":{"line":57,"column":null}},"13":{"start":{"line":61,"column":7},"end":{"line":61,"column":null}},"14":{"start":{"line":63,"column":18},"end":{"line":65,"column":null}},"15":{"start":{"line":66,"column":18},"end":{"line":66,"column":null}},"16":{"start":{"line":68,"column":18},"end":{"line":68,"column":null}},"17":{"start":{"line":71,"column":4},"end":{"line":73,"column":null}},"18":{"start":{"line":72,"column":6},"end":{"line":72,"column":null}},"19":{"start":{"line":75,"column":4},"end":{"line":75,"column":null}},"20":{"start":{"line":76,"column":4},"end":{"line":76,"column":null}},"21":{"start":{"line":77,"column":4},"end":{"line":77,"column":null}},"22":{"start":{"line":78,"column":4},"end":{"line":81,"column":null}},"23":{"start":{"line":79,"column":6},"end":{"line":79,"column":null}},"24":{"start":{"line":80,"column":6},"end":{"line":80,"column":null}},"25":{"start":{"line":82,"column":4},"end":{"line":86,"column":null}},"26":{"start":{"line":83,"column":6},"end":{"line":83,"column":null}},"27":{"start":{"line":84,"column":6},"end":{"line":84,"column":null}},"28":{"start":{"line":85,"column":6},"end":{"line":85,"column":null}},"29":{"start":{"line":87,"column":4},"end":{"line":87,"column":null}},"30":{"start":{"line":91,"column":4},"end":{"line":91,"column":null}},"31":{"start":{"line":92,"column":4},"end":{"line":92,"column":null}},"32":{"start":{"line":93,"column":4},"end":{"line":93,"column":null}},"33":{"start":{"line":94,"column":4},"end":{"line":94,"column":null}},"34":{"start":{"line":95,"column":4},"end":{"line":95,"column":null}},"35":{"start":{"line":96,"column":4},"end":{"line":96,"column":null}},"36":{"start":{"line":97,"column":4},"end":{"line":100,"column":null}},"37":{"start":{"line":98,"column":6},"end":{"line":98,"column":null}},"38":{"start":{"line":99,"column":6},"end":{"line":99,"column":null}},"39":{"start":{"line":104,"column":20},"end":{"line":104,"column":null}},"40":{"start":{"line":105,"column":4},"end":{"line":105,"column":null}},"41":{"start":{"line":107,"column":4},"end":{"line":110,"column":null}},"42":{"start":{"line":109,"column":6},"end":{"line":109,"column":null}},"43":{"start":{"line":112,"column":20},"end":{"line":112,"column":null}},"44":{"start":{"line":113,"column":34},"end":{"line":113,"column":null}},"45":{"start":{"line":114,"column":36},"end":{"line":114,"column":null}},"46":{"start":{"line":116,"column":4},"end":{"line":118,"column":null}},"47":{"start":{"line":117,"column":6},"end":{"line":117,"column":null}},"48":{"start":{"line":117,"column":28},"end":{"line":117,"column":null}},"49":{"start":{"line":119,"column":4},"end":{"line":121,"column":null}},"50":{"start":{"line":120,"column":6},"end":{"line":120,"column":null}},"51":{"start":{"line":120,"column":28},"end":{"line":120,"column":null}},"52":{"start":{"line":123,"column":4},"end":{"line":123,"column":null}},"53":{"start":{"line":124,"column":4},"end":{"line":124,"column":null}},"54":{"start":{"line":132,"column":4},"end":{"line":134,"column":null}},"55":{"start":{"line":133,"column":6},"end":{"line":133,"column":null}},"56":{"start":{"line":135,"column":4},"end":{"line":135,"column":null}},"57":{"start":{"line":136,"column":27},"end":{"line":136,"column":null}},"58":{"start":{"line":137,"column":4},"end":{"line":150,"column":null}},"59":{"start":{"line":138,"column":24},"end":{"line":142,"column":null}},"60":{"start":{"line":139,"column":8},"end":{"line":139,"column":null}},"61":{"start":{"line":140,"column":8},"end":{"line":140,"column":null}},"62":{"start":{"line":141,"column":8},"end":{"line":141,"column":null}},"63":{"start":{"line":143,"column":6},"end":{"line":148,"column":null}},"64":{"start":{"line":145,"column":23},"end":{"line":145,"column":null}},"65":{"start":{"line":149,"column":6},"end":{"line":149,"column":null}},"66":{"start":{"line":157,"column":4},"end":{"line":157,"column":null}},"67":{"start":{"line":158,"column":27},"end":{"line":158,"column":null}},"68":{"start":{"line":159,"column":4},"end":{"line":172,"column":null}},"69":{"start":{"line":160,"column":24},"end":{"line":164,"column":null}},"70":{"start":{"line":161,"column":8},"end":{"line":161,"column":null}},"71":{"start":{"line":162,"column":8},"end":{"line":162,"column":null}},"72":{"start":{"line":163,"column":8},"end":{"line":163,"column":null}},"73":{"start":{"line":165,"column":6},"end":{"line":170,"column":null}},"74":{"start":{"line":167,"column":24},"end":{"line":167,"column":null}},"75":{"start":{"line":171,"column":6},"end":{"line":171,"column":null}},"76":{"start":{"line":182,"column":4},"end":{"line":182,"column":null}},"77":{"start":{"line":183,"column":27},"end":{"line":189,"column":null}},"78":{"start":{"line":190,"column":4},"end":{"line":203,"column":null}},"79":{"start":{"line":191,"column":24},"end":{"line":195,"column":null}},"80":{"start":{"line":192,"column":8},"end":{"line":192,"column":null}},"81":{"start":{"line":193,"column":8},"end":{"line":193,"column":null}},"82":{"start":{"line":194,"column":8},"end":{"line":194,"column":null}},"83":{"start":{"line":196,"column":6},"end":{"line":201,"column":null}},"84":{"start":{"line":198,"column":23},"end":{"line":198,"column":null}},"85":{"start":{"line":202,"column":6},"end":{"line":202,"column":null}},"86":{"start":{"line":216,"column":4},"end":{"line":216,"column":null}},"87":{"start":{"line":217,"column":10},"end":{"line":217,"column":null}},"88":{"start":{"line":218,"column":27},"end":{"line":218,"column":null}},"89":{"start":{"line":219,"column":4},"end":{"line":232,"column":null}},"90":{"start":{"line":220,"column":24},"end":{"line":224,"column":null}},"91":{"start":{"line":221,"column":8},"end":{"line":221,"column":null}},"92":{"start":{"line":222,"column":8},"end":{"line":222,"column":null}},"93":{"start":{"line":223,"column":8},"end":{"line":223,"column":null}},"94":{"start":{"line":225,"column":6},"end":{"line":230,"column":null}},"95":{"start":{"line":227,"column":23},"end":{"line":227,"column":null}},"96":{"start":{"line":231,"column":6},"end":{"line":231,"column":null}},"97":{"start":{"line":236,"column":4},"end":{"line":236,"column":null}},"98":{"start":{"line":237,"column":27},"end":{"line":237,"column":null}},"99":{"start":{"line":238,"column":4},"end":{"line":251,"column":null}},"100":{"start":{"line":239,"column":24},"end":{"line":243,"column":null}},"101":{"start":{"line":240,"column":8},"end":{"line":240,"column":null}},"102":{"start":{"line":241,"column":8},"end":{"line":241,"column":null}},"103":{"start":{"line":242,"column":8},"end":{"line":242,"column":null}},"104":{"start":{"line":244,"column":6},"end":{"line":249,"column":null}},"105":{"start":{"line":246,"column":23},"end":{"line":246,"column":null}},"106":{"start":{"line":250,"column":6},"end":{"line":250,"column":null}},"107":{"start":{"line":255,"column":4},"end":{"line":257,"column":null}},"108":{"start":{"line":256,"column":6},"end":{"line":256,"column":null}},"109":{"start":{"line":258,"column":4},"end":{"line":260,"column":null}},"110":{"start":{"line":259,"column":6},"end":{"line":259,"column":null}},"111":{"start":{"line":261,"column":4},"end":{"line":263,"column":null}},"112":{"start":{"line":262,"column":6},"end":{"line":262,"column":null}},"113":{"start":{"line":264,"column":4},"end":{"line":269,"column":null}},"114":{"start":{"line":265,"column":6},"end":{"line":265,"column":null}},"115":{"start":{"line":266,"column":6},"end":{"line":268,"column":null}},"116":{"start":{"line":267,"column":8},"end":{"line":267,"column":null}},"117":{"start":{"line":273,"column":4},"end":{"line":275,"column":null}},"118":{"start":{"line":274,"column":6},"end":{"line":274,"column":null}},"119":{"start":{"line":276,"column":4},"end":{"line":276,"column":null}},"120":{"start":{"line":278,"column":4},"end":{"line":284,"column":null}},"121":{"start":{"line":279,"column":6},"end":{"line":283,"column":null}},"122":{"start":{"line":286,"column":4},"end":{"line":286,"column":null}},"123":{"start":{"line":287,"column":4},"end":{"line":287,"column":null}},"124":{"start":{"line":289,"column":4},"end":{"line":299,"column":null}},"125":{"start":{"line":290,"column":6},"end":{"line":290,"column":null}},"126":{"start":{"line":291,"column":6},"end":{"line":291,"column":null}},"127":{"start":{"line":292,"column":6},"end":{"line":294,"column":null}},"128":{"start":{"line":293,"column":8},"end":{"line":293,"column":null}},"129":{"start":{"line":295,"column":6},"end":{"line":295,"column":null}},"130":{"start":{"line":296,"column":6},"end":{"line":298,"column":null}},"131":{"start":{"line":297,"column":8},"end":{"line":297,"column":null}},"132":{"start":{"line":301,"column":4},"end":{"line":303,"column":null}},"133":{"start":{"line":302,"column":6},"end":{"line":302,"column":null}},"134":{"start":{"line":305,"column":4},"end":{"line":317,"column":null}},"135":{"start":{"line":306,"column":6},"end":{"line":306,"column":null}},"136":{"start":{"line":307,"column":6},"end":{"line":307,"column":null}},"137":{"start":{"line":308,"column":6},"end":{"line":308,"column":null}},"138":{"start":{"line":309,"column":6},"end":{"line":309,"column":null}},"139":{"start":{"line":310,"column":6},"end":{"line":315,"column":null}},"140":{"start":{"line":311,"column":8},"end":{"line":313,"column":null}},"141":{"start":{"line":312,"column":10},"end":{"line":312,"column":null}},"142":{"start":{"line":314,"column":8},"end":{"line":314,"column":null}},"143":{"start":{"line":316,"column":6},"end":{"line":316,"column":null}},"144":{"start":{"line":319,"column":4},"end":{"line":326,"column":null}},"145":{"start":{"line":320,"column":6},"end":{"line":322,"column":null}},"146":{"start":{"line":321,"column":8},"end":{"line":321,"column":null}},"147":{"start":{"line":323,"column":6},"end":{"line":325,"column":null}},"148":{"start":{"line":324,"column":8},"end":{"line":324,"column":null}},"149":{"start":{"line":330,"column":4},"end":{"line":330,"column":null}},"150":{"start":{"line":331,"column":18},"end":{"line":331,"column":null}},"151":{"start":{"line":332,"column":4},"end":{"line":332,"column":null}},"152":{"start":{"line":333,"column":4},"end":{"line":335,"column":null}},"153":{"start":{"line":334,"column":6},"end":{"line":334,"column":null}},"154":{"start":{"line":339,"column":4},"end":{"line":342,"column":null}},"155":{"start":{"line":340,"column":6},"end":{"line":340,"column":null}},"156":{"start":{"line":341,"column":6},"end":{"line":341,"column":null}},"157":{"start":{"line":346,"column":4},"end":{"line":346,"column":null}},"158":{"start":{"line":347,"column":4},"end":{"line":349,"column":null}},"159":{"start":{"line":348,"column":6},"end":{"line":348,"column":null}},"160":{"start":{"line":350,"column":18},"end":{"line":350,"column":null}},"161":{"start":{"line":351,"column":4},"end":{"line":351,"column":null}},"162":{"start":{"line":355,"column":4},"end":{"line":355,"column":null}},"163":{"start":{"line":356,"column":4},"end":{"line":356,"column":null}},"164":{"start":{"line":361,"column":4},"end":{"line":363,"column":null}},"165":{"start":{"line":362,"column":6},"end":{"line":362,"column":null}},"166":{"start":{"line":364,"column":27},"end":{"line":364,"column":null}},"167":{"start":{"line":365,"column":4},"end":{"line":374,"column":null}},"168":{"start":{"line":369,"column":8},"end":{"line":369,"column":null}},"169":{"start":{"line":372,"column":8},"end":{"line":372,"column":null}},"170":{"start":{"line":375,"column":4},"end":{"line":375,"column":null}},"171":{"start":{"line":379,"column":4},"end":{"line":379,"column":null}},"172":{"start":{"line":383,"column":4},"end":{"line":383,"column":null}},"173":{"start":{"line":383,"column":26},"end":{"line":383,"column":null}},"174":{"start":{"line":384,"column":4},"end":{"line":384,"column":null}},"175":{"start":{"line":385,"column":27},"end":{"line":387,"column":null}},"176":{"start":{"line":388,"column":4},"end":{"line":397,"column":null}},"177":{"start":{"line":392,"column":8},"end":{"line":392,"column":null}},"178":{"start":{"line":395,"column":8},"end":{"line":395,"column":null}},"179":{"start":{"line":398,"column":4},"end":{"line":398,"column":null}},"180":{"start":{"line":402,"column":4},"end":{"line":402,"column":null}},"181":{"start":{"line":402,"column":26},"end":{"line":402,"column":null}},"182":{"start":{"line":403,"column":4},"end":{"line":403,"column":null}},"183":{"start":{"line":404,"column":27},"end":{"line":406,"column":null}},"184":{"start":{"line":407,"column":4},"end":{"line":416,"column":null}},"185":{"start":{"line":411,"column":8},"end":{"line":411,"column":null}},"186":{"start":{"line":414,"column":8},"end":{"line":414,"column":null}},"187":{"start":{"line":417,"column":4},"end":{"line":417,"column":null}},"188":{"start":{"line":426,"column":20},"end":{"line":426,"column":null}},"189":{"start":{"line":427,"column":4},"end":{"line":427,"column":null}},"190":{"start":{"line":427,"column":18},"end":{"line":427,"column":null}},"191":{"start":{"line":428,"column":4},"end":{"line":428,"column":null}},"192":{"start":{"line":429,"column":4},"end":{"line":432,"column":null}},"193":{"start":{"line":430,"column":6},"end":{"line":430,"column":null}},"194":{"start":{"line":431,"column":6},"end":{"line":431,"column":null}},"195":{"start":{"line":436,"column":4},"end":{"line":446,"column":null}},"196":{"start":{"line":456,"column":4},"end":{"line":480,"column":null}},"197":{"start":{"line":457,"column":19},"end":{"line":457,"column":null}},"198":{"start":{"line":458,"column":6},"end":{"line":473,"column":null}},"199":{"start":{"line":459,"column":26},"end":{"line":459,"column":null}},"200":{"start":{"line":460,"column":8},"end":{"line":460,"column":null}},"201":{"start":{"line":460,"column":30},"end":{"line":460,"column":null}},"202":{"start":{"line":461,"column":8},"end":{"line":461,"column":null}},"203":{"start":{"line":461,"column":51},"end":{"line":461,"column":null}},"204":{"start":{"line":462,"column":14},"end":{"line":462,"column":null}},"205":{"start":{"line":463,"column":8},"end":{"line":471,"column":null}},"206":{"start":{"line":464,"column":23},"end":{"line":464,"column":null}},"207":{"start":{"line":465,"column":10},"end":{"line":469,"column":null}},"208":{"start":{"line":466,"column":12},"end":{"line":466,"column":null}},"209":{"start":{"line":468,"column":12},"end":{"line":468,"column":null}},"210":{"start":{"line":470,"column":10},"end":{"line":470,"column":null}},"211":{"start":{"line":472,"column":8},"end":{"line":472,"column":null}},"212":{"start":{"line":474,"column":6},"end":{"line":477,"column":null}},"213":{"start":{"line":475,"column":8},"end":{"line":475,"column":null}},"214":{"start":{"line":476,"column":8},"end":{"line":476,"column":null}},"215":{"start":{"line":481,"column":4},"end":{"line":481,"column":null}},"216":{"start":{"line":485,"column":4},"end":{"line":487,"column":null}},"217":{"start":{"line":486,"column":6},"end":{"line":486,"column":null}},"218":{"start":{"line":489,"column":18},"end":{"line":489,"column":null}},"219":{"start":{"line":491,"column":4},"end":{"line":564,"column":null}},"220":{"start":{"line":492,"column":22},"end":{"line":492,"column":null}},"221":{"start":{"line":494,"column":8},"end":{"line":502,"column":null}},"222":{"start":{"line":504,"column":6},"end":{"line":561,"column":null}},"223":{"start":{"line":505,"column":22},"end":{"line":505,"column":null}},"224":{"start":{"line":507,"column":10},"end":{"line":507,"column":null}},"225":{"start":{"line":508,"column":8},"end":{"line":510,"column":null}},"226":{"start":{"line":509,"column":10},"end":{"line":509,"column":null}},"227":{"start":{"line":512,"column":8},"end":{"line":512,"column":null}},"228":{"start":{"line":513,"column":25},"end":{"line":513,"column":null}},"229":{"start":{"line":515,"column":10},"end":{"line":515,"column":null}},"230":{"start":{"line":518,"column":10},"end":{"line":520,"column":null}},"231":{"start":{"line":522,"column":10},"end":{"line":522,"column":null}},"232":{"start":{"line":524,"column":8},"end":{"line":538,"column":null}},"233":{"start":{"line":525,"column":26},"end":{"line":525,"column":null}},"234":{"start":{"line":527,"column":12},"end":{"line":530,"column":null}},"235":{"start":{"line":531,"column":10},"end":{"line":536,"column":null}},"236":{"start":{"line":532,"column":12},"end":{"line":532,"column":null}},"237":{"start":{"line":533,"column":12},"end":{"line":533,"column":null}},"238":{"start":{"line":534,"column":12},"end":{"line":534,"column":null}},"239":{"start":{"line":535,"column":12},"end":{"line":535,"column":null}},"240":{"start":{"line":537,"column":10},"end":{"line":537,"column":null}},"241":{"start":{"line":540,"column":8},"end":{"line":554,"column":null}},"242":{"start":{"line":541,"column":26},"end":{"line":543,"column":null}},"243":{"start":{"line":544,"column":10},"end":{"line":552,"column":null}},"244":{"start":{"line":545,"column":12},"end":{"line":545,"column":null}},"245":{"start":{"line":546,"column":12},"end":{"line":546,"column":null}},"246":{"start":{"line":547,"column":12},"end":{"line":551,"column":null}},"247":{"start":{"line":548,"column":14},"end":{"line":548,"column":null}},"248":{"start":{"line":550,"column":14},"end":{"line":550,"column":null}},"249":{"start":{"line":553,"column":10},"end":{"line":553,"column":null}},"250":{"start":{"line":557,"column":8},"end":{"line":559,"column":null}},"251":{"start":{"line":558,"column":10},"end":{"line":558,"column":null}},"252":{"start":{"line":560,"column":8},"end":{"line":560,"column":null}},"253":{"start":{"line":566,"column":4},"end":{"line":568,"column":null}},"254":{"start":{"line":567,"column":6},"end":{"line":567,"column":null}},"255":{"start":{"line":570,"column":4},"end":{"line":587,"column":null}},"256":{"start":{"line":572,"column":36},"end":{"line":572,"column":null}},"257":{"start":{"line":573,"column":6},"end":{"line":573,"column":null}},"258":{"start":{"line":573,"column":28},"end":{"line":573,"column":null}},"259":{"start":{"line":574,"column":6},"end":{"line":574,"column":null}},"260":{"start":{"line":574,"column":49},"end":{"line":574,"column":null}},"261":{"start":{"line":575,"column":12},"end":{"line":575,"column":null}},"262":{"start":{"line":576,"column":6},"end":{"line":584,"column":null}},"263":{"start":{"line":577,"column":21},"end":{"line":577,"column":null}},"264":{"start":{"line":578,"column":8},"end":{"line":582,"column":null}},"265":{"start":{"line":579,"column":10},"end":{"line":579,"column":null}},"266":{"start":{"line":581,"column":10},"end":{"line":581,"column":null}},"267":{"start":{"line":583,"column":8},"end":{"line":583,"column":null}},"268":{"start":{"line":591,"column":4},"end":{"line":593,"column":null}},"269":{"start":{"line":592,"column":6},"end":{"line":592,"column":null}},"270":{"start":{"line":594,"column":4},"end":{"line":594,"column":null}},"271":{"start":{"line":598,"column":4},"end":{"line":600,"column":null}},"272":{"start":{"line":599,"column":6},"end":{"line":599,"column":null}},"273":{"start":{"line":601,"column":4},"end":{"line":601,"column":null}},"274":{"start":{"line":605,"column":4},"end":{"line":608,"column":null}},"275":{"start":{"line":606,"column":6},"end":{"line":606,"column":null}},"276":{"start":{"line":607,"column":6},"end":{"line":607,"column":null}},"277":{"start":{"line":609,"column":4},"end":{"line":609,"column":null}},"278":{"start":{"line":613,"column":31},"end":{"line":613,"column":null}}},"fnMap":{"0":{"name":"(anonymous_0)","decl":{"start":{"line":70,"column":2},"end":{"line":70,"column":8}},"loc":{"start":{"line":70,"column":32},"end":{"line":88,"column":null}},"line":70},"1":{"name":"(anonymous_1)","decl":{"start":{"line":90,"column":2},"end":{"line":90,"column":15}},"loc":{"start":{"line":90,"column":15},"end":{"line":101,"column":null}},"line":90},"2":{"name":"(anonymous_2)","decl":{"start":{"line":103,"column":2},"end":{"line":103,"column":16}},"loc":{"start":{"line":103,"column":37},"end":{"line":125,"column":null}},"line":103},"3":{"name":"(anonymous_3)","decl":{"start":{"line":127,"column":8},"end":{"line":127,"column":null}},"loc":{"start":{"line":131,"column":19},"end":{"line":151,"column":null}},"line":131},"4":{"name":"(anonymous_4)","decl":{"start":{"line":137,"column":29},"end":{"line":137,"column":30}},"loc":{"start":{"line":137,"column":50},"end":{"line":150,"column":5}},"line":137},"5":{"name":"(anonymous_5)","decl":{"start":{"line":138,"column":35},"end":{"line":138,"column":41}},"loc":{"start":{"line":138,"column":41},"end":{"line":142,"column":9}},"line":138},"6":{"name":"(anonymous_6)","decl":{"start":{"line":145,"column":17},"end":{"line":145,"column":23}},"loc":{"start":{"line":145,"column":23},"end":{"line":145,"column":null}},"line":145},"7":{"name":"(anonymous_7)","decl":{"start":{"line":153,"column":8},"end":{"line":153,"column":null}},"loc":{"start":{"line":156,"column":27},"end":{"line":173,"column":null}},"line":156},"8":{"name":"(anonymous_8)","decl":{"start":{"line":159,"column":37},"end":{"line":159,"column":38}},"loc":{"start":{"line":159,"column":58},"end":{"line":172,"column":5}},"line":159},"9":{"name":"(anonymous_9)","decl":{"start":{"line":160,"column":35},"end":{"line":160,"column":41}},"loc":{"start":{"line":160,"column":41},"end":{"line":164,"column":9}},"line":160},"10":{"name":"(anonymous_10)","decl":{"start":{"line":167,"column":17},"end":{"line":167,"column":18}},"loc":{"start":{"line":167,"column":24},"end":{"line":167,"column":null}},"line":167},"11":{"name":"(anonymous_11)","decl":{"start":{"line":175,"column":8},"end":{"line":175,"column":null}},"loc":{"start":{"line":181,"column":23},"end":{"line":204,"column":null}},"line":181},"12":{"name":"(anonymous_12)","decl":{"start":{"line":190,"column":33},"end":{"line":190,"column":34}},"loc":{"start":{"line":190,"column":54},"end":{"line":203,"column":5}},"line":190},"13":{"name":"(anonymous_13)","decl":{"start":{"line":191,"column":35},"end":{"line":191,"column":41}},"loc":{"start":{"line":191,"column":41},"end":{"line":195,"column":9}},"line":191},"14":{"name":"(anonymous_14)","decl":{"start":{"line":198,"column":17},"end":{"line":198,"column":23}},"loc":{"start":{"line":198,"column":23},"end":{"line":198,"column":null}},"line":198},"15":{"name":"(anonymous_15)","decl":{"start":{"line":211,"column":8},"end":{"line":211,"column":null}},"loc":{"start":{"line":215,"column":19},"end":{"line":233,"column":null}},"line":215},"16":{"name":"(anonymous_16)","decl":{"start":{"line":219,"column":29},"end":{"line":219,"column":30}},"loc":{"start":{"line":219,"column":50},"end":{"line":232,"column":5}},"line":219},"17":{"name":"(anonymous_17)","decl":{"start":{"line":220,"column":35},"end":{"line":220,"column":41}},"loc":{"start":{"line":220,"column":41},"end":{"line":224,"column":9}},"line":220},"18":{"name":"(anonymous_18)","decl":{"start":{"line":227,"column":17},"end":{"line":227,"column":23}},"loc":{"start":{"line":227,"column":23},"end":{"line":227,"column":null}},"line":227},"19":{"name":"(anonymous_19)","decl":{"start":{"line":235,"column":8},"end":{"line":235,"column":20}},"loc":{"start":{"line":235,"column":73},"end":{"line":252,"column":null}},"line":235},"20":{"name":"(anonymous_20)","decl":{"start":{"line":238,"column":29},"end":{"line":238,"column":30}},"loc":{"start":{"line":238,"column":50},"end":{"line":251,"column":5}},"line":238},"21":{"name":"(anonymous_21)","decl":{"start":{"line":239,"column":35},"end":{"line":239,"column":41}},"loc":{"start":{"line":239,"column":41},"end":{"line":243,"column":9}},"line":239},"22":{"name":"(anonymous_22)","decl":{"start":{"line":246,"column":17},"end":{"line":246,"column":23}},"loc":{"start":{"line":246,"column":23},"end":{"line":246,"column":null}},"line":246},"23":{"name":"(anonymous_23)","decl":{"start":{"line":254,"column":16},"end":{"line":254,"column":32}},"loc":{"start":{"line":254,"column":66},"end":{"line":270,"column":null}},"line":254},"24":{"name":"(anonymous_24)","decl":{"start":{"line":264,"column":29},"end":{"line":264,"column":30}},"loc":{"start":{"line":264,"column":50},"end":{"line":269,"column":5}},"line":264},"25":{"name":"(anonymous_25)","decl":{"start":{"line":272,"column":10},"end":{"line":272,"column":18}},"loc":{"start":{"line":272,"column":42},"end":{"line":327,"column":null}},"line":272},"26":{"name":"(anonymous_26)","decl":{"start":{"line":289,"column":41},"end":{"line":289,"column":47}},"loc":{"start":{"line":289,"column":47},"end":{"line":299,"column":5}},"line":289},"27":{"name":"(anonymous_27)","decl":{"start":{"line":301,"column":44},"end":{"line":301,"column":45}},"loc":{"start":{"line":301,"column":55},"end":{"line":303,"column":5}},"line":301},"28":{"name":"(anonymous_28)","decl":{"start":{"line":305,"column":42},"end":{"line":305,"column":48}},"loc":{"start":{"line":305,"column":48},"end":{"line":317,"column":5}},"line":305},"29":{"name":"(anonymous_29)","decl":{"start":{"line":319,"column":42},"end":{"line":319,"column":48}},"loc":{"start":{"line":319,"column":48},"end":{"line":326,"column":5}},"line":319},"30":{"name":"(anonymous_30)","decl":{"start":{"line":329,"column":10},"end":{"line":329,"column":36}},"loc":{"start":{"line":329,"column":36},"end":{"line":336,"column":null}},"line":329},"31":{"name":"(anonymous_31)","decl":{"start":{"line":333,"column":37},"end":{"line":333,"column":43}},"loc":{"start":{"line":333,"column":43},"end":{"line":335,"column":7}},"line":333},"32":{"name":"(anonymous_32)","decl":{"start":{"line":338,"column":10},"end":{"line":338,"column":33}},"loc":{"start":{"line":338,"column":33},"end":{"line":343,"column":null}},"line":338},"33":{"name":"(anonymous_33)","decl":{"start":{"line":345,"column":10},"end":{"line":345,"column":15}},"loc":{"start":{"line":345,"column":39},"end":{"line":352,"column":null}},"line":345},"34":{"name":"(anonymous_34)","decl":{"start":{"line":354,"column":10},"end":{"line":354,"column":45}},"loc":{"start":{"line":354,"column":45},"end":{"line":357,"column":null}},"line":354},"35":{"name":"(anonymous_35)","decl":{"start":{"line":360,"column":10},"end":{"line":360,"column":42}},"loc":{"start":{"line":360,"column":42},"end":{"line":376,"column":null}},"line":360},"36":{"name":"(anonymous_36)","decl":{"start":{"line":367,"column":15},"end":{"line":367,"column":21}},"loc":{"start":{"line":367,"column":21},"end":{"line":367,"column":null}},"line":367},"37":{"name":"(anonymous_37)","decl":{"start":{"line":368,"column":14},"end":{"line":368,"column":20}},"loc":{"start":{"line":368,"column":20},"end":{"line":370,"column":null}},"line":368},"38":{"name":"(anonymous_38)","decl":{"start":{"line":371,"column":28},"end":{"line":371,"column":34}},"loc":{"start":{"line":371,"column":34},"end":{"line":373,"column":9}},"line":371},"39":{"name":"(anonymous_39)","decl":{"start":{"line":378,"column":10},"end":{"line":378,"column":41}},"loc":{"start":{"line":378,"column":41},"end":{"line":380,"column":null}},"line":378},"40":{"name":"(anonymous_40)","decl":{"start":{"line":382,"column":16},"end":{"line":382,"column":29}},"loc":{"start":{"line":382,"column":59},"end":{"line":399,"column":null}},"line":382},"41":{"name":"(anonymous_41)","decl":{"start":{"line":390,"column":15},"end":{"line":390,"column":21}},"loc":{"start":{"line":390,"column":21},"end":{"line":390,"column":null}},"line":390},"42":{"name":"(anonymous_42)","decl":{"start":{"line":391,"column":14},"end":{"line":391,"column":20}},"loc":{"start":{"line":391,"column":20},"end":{"line":393,"column":null}},"line":391},"43":{"name":"(anonymous_43)","decl":{"start":{"line":394,"column":28},"end":{"line":394,"column":34}},"loc":{"start":{"line":394,"column":34},"end":{"line":396,"column":9}},"line":394},"44":{"name":"(anonymous_44)","decl":{"start":{"line":401,"column":16},"end":{"line":401,"column":31}},"loc":{"start":{"line":401,"column":61},"end":{"line":418,"column":null}},"line":401},"45":{"name":"(anonymous_45)","decl":{"start":{"line":409,"column":15},"end":{"line":409,"column":21}},"loc":{"start":{"line":409,"column":21},"end":{"line":409,"column":null}},"line":409},"46":{"name":"(anonymous_46)","decl":{"start":{"line":410,"column":14},"end":{"line":410,"column":20}},"loc":{"start":{"line":410,"column":20},"end":{"line":412,"column":null}},"line":410},"47":{"name":"(anonymous_47)","decl":{"start":{"line":413,"column":28},"end":{"line":413,"column":34}},"loc":{"start":{"line":413,"column":34},"end":{"line":415,"column":9}},"line":413},"48":{"name":"(anonymous_48)","decl":{"start":{"line":425,"column":10},"end":{"line":425,"column":30}},"loc":{"start":{"line":425,"column":51},"end":{"line":433,"column":null}},"line":425},"49":{"name":"(anonymous_49)","decl":{"start":{"line":429,"column":35},"end":{"line":429,"column":41}},"loc":{"start":{"line":429,"column":41},"end":{"line":432,"column":7}},"line":429},"50":{"name":"(anonymous_50)","decl":{"start":{"line":435,"column":10},"end":{"line":435,"column":31}},"loc":{"start":{"line":435,"column":58},"end":{"line":448,"column":null}},"line":435},"51":{"name":"(anonymous_51)","decl":{"start":{"line":455,"column":10},"end":{"line":455,"column":29}},"loc":{"start":{"line":455,"column":57},"end":{"line":482,"column":null}},"line":455},"52":{"name":"(anonymous_52)","decl":{"start":{"line":463,"column":27},"end":{"line":463,"column":28}},"loc":{"start":{"line":463,"column":40},"end":{"line":471,"column":9}},"line":463},"53":{"name":"(anonymous_53)","decl":{"start":{"line":484,"column":10},"end":{"line":484,"column":24}},"loc":{"start":{"line":484,"column":48},"end":{"line":588,"column":null}},"line":484},"54":{"name":"(anonymous_54)","decl":{"start":{"line":576,"column":25},"end":{"line":576,"column":26}},"loc":{"start":{"line":576,"column":38},"end":{"line":584,"column":7}},"line":576},"55":{"name":"(anonymous_55)","decl":{"start":{"line":590,"column":10},"end":{"line":590,"column":43}},"loc":{"start":{"line":590,"column":43},"end":{"line":595,"column":null}},"line":590},"56":{"name":"(anonymous_56)","decl":{"start":{"line":597,"column":10},"end":{"line":597,"column":34}},"loc":{"start":{"line":597,"column":54},"end":{"line":602,"column":null}},"line":597},"57":{"name":"(anonymous_57)","decl":{"start":{"line":604,"column":10},"end":{"line":604,"column":27}},"loc":{"start":{"line":604,"column":47},"end":{"line":610,"column":null}},"line":604}},"branchMap":{"0":{"loc":{"start":{"line":71,"column":4},"end":{"line":73,"column":null}},"type":"if","locations":[{"start":{"line":71,"column":4},"end":{"line":73,"column":null}},{"start":{},"end":{}}],"line":71},"1":{"loc":{"start":{"line":71,"column":8},"end":{"line":71,"column":34}},"type":"binary-expr","locations":[{"start":{"line":71,"column":8},"end":{"line":71,"column":20}},{"start":{"line":71,"column":20},"end":{"line":71,"column":34}}],"line":71},"2":{"loc":{"start":{"line":78,"column":4},"end":{"line":81,"column":null}},"type":"if","locations":[{"start":{"line":78,"column":4},"end":{"line":81,"column":null}},{"start":{},"end":{}}],"line":78},"3":{"loc":{"start":{"line":78,"column":8},"end":{"line":78,"column":72}},"type":"binary-expr","locations":[{"start":{"line":78,"column":8},"end":{"line":78,"column":23}},{"start":{"line":78,"column":23},"end":{"line":78,"column":72}}],"line":78},"4":{"loc":{"start":{"line":82,"column":4},"end":{"line":86,"column":null}},"type":"if","locations":[{"start":{"line":82,"column":4},"end":{"line":86,"column":null}},{"start":{},"end":{}}],"line":82},"5":{"loc":{"start":{"line":82,"column":8},"end":{"line":82,"column":66}},"type":"binary-expr","locations":[{"start":{"line":82,"column":8},"end":{"line":82,"column":23}},{"start":{"line":82,"column":23},"end":{"line":82,"column":66}}],"line":82},"6":{"loc":{"start":{"line":97,"column":4},"end":{"line":100,"column":null}},"type":"if","locations":[{"start":{"line":97,"column":4},"end":{"line":100,"column":null}},{"start":{},"end":{}}],"line":97},"7":{"loc":{"start":{"line":107,"column":4},"end":{"line":110,"column":null}},"type":"if","locations":[{"start":{"line":107,"column":4},"end":{"line":110,"column":null}},{"start":{},"end":{}}],"line":107},"8":{"loc":{"start":{"line":107,"column":8},"end":{"line":107,"column":67}},"type":"binary-expr","locations":[{"start":{"line":107,"column":8},"end":{"line":107,"column":24}},{"start":{"line":107,"column":24},"end":{"line":107,"column":67}}],"line":107},"9":{"loc":{"start":{"line":117,"column":6},"end":{"line":117,"column":null}},"type":"if","locations":[{"start":{"line":117,"column":6},"end":{"line":117,"column":null}},{"start":{},"end":{}}],"line":117},"10":{"loc":{"start":{"line":120,"column":6},"end":{"line":120,"column":null}},"type":"if","locations":[{"start":{"line":120,"column":6},"end":{"line":120,"column":null}},{"start":{},"end":{}}],"line":120},"11":{"loc":{"start":{"line":132,"column":4},"end":{"line":134,"column":null}},"type":"if","locations":[{"start":{"line":132,"column":4},"end":{"line":134,"column":null}},{"start":{},"end":{}}],"line":132},"12":{"loc":{"start":{"line":183,"column":48},"end":{"line":183,"column":64}},"type":"binary-expr","locations":[{"start":{"line":183,"column":48},"end":{"line":183,"column":60}},{"start":{"line":183,"column":60},"end":{"line":183,"column":64}}],"line":183},"13":{"loc":{"start":{"line":187,"column":8},"end":{"line":187,"column":null}},"type":"cond-expr","locations":[{"start":{"line":187,"column":49},"end":{"line":187,"column":61}},{"start":{"line":187,"column":61},"end":{"line":187,"column":null}}],"line":187},"14":{"loc":{"start":{"line":255,"column":4},"end":{"line":257,"column":null}},"type":"if","locations":[{"start":{"line":255,"column":4},"end":{"line":257,"column":null}},{"start":{},"end":{}}],"line":255},"15":{"loc":{"start":{"line":258,"column":4},"end":{"line":260,"column":null}},"type":"if","locations":[{"start":{"line":258,"column":4},"end":{"line":260,"column":null}},{"start":{},"end":{}}],"line":258},"16":{"loc":{"start":{"line":261,"column":4},"end":{"line":263,"column":null}},"type":"if","locations":[{"start":{"line":261,"column":4},"end":{"line":263,"column":null}},{"start":{},"end":{}}],"line":261},"17":{"loc":{"start":{"line":261,"column":8},"end":{"line":261,"column":66}},"type":"binary-expr","locations":[{"start":{"line":261,"column":8},"end":{"line":261,"column":23}},{"start":{"line":261,"column":23},"end":{"line":261,"column":66}}],"line":261},"18":{"loc":{"start":{"line":266,"column":6},"end":{"line":268,"column":null}},"type":"if","locations":[{"start":{"line":266,"column":6},"end":{"line":268,"column":null}},{"start":{},"end":{}}],"line":266},"19":{"loc":{"start":{"line":266,"column":10},"end":{"line":266,"column":44}},"type":"binary-expr","locations":[{"start":{"line":266,"column":10},"end":{"line":266,"column":26}},{"start":{"line":266,"column":26},"end":{"line":266,"column":44}}],"line":266},"20":{"loc":{"start":{"line":273,"column":4},"end":{"line":275,"column":null}},"type":"if","locations":[{"start":{"line":273,"column":4},"end":{"line":275,"column":null}},{"start":{},"end":{}}],"line":273},"21":{"loc":{"start":{"line":273,"column":8},"end":{"line":273,"column":36}},"type":"binary-expr","locations":[{"start":{"line":273,"column":8},"end":{"line":273,"column":20}},{"start":{"line":273,"column":20},"end":{"line":273,"column":36}}],"line":273},"22":{"loc":{"start":{"line":278,"column":4},"end":{"line":284,"column":null}},"type":"if","locations":[{"start":{"line":278,"column":4},"end":{"line":284,"column":null}},{"start":{},"end":{}}],"line":278},"23":{"loc":{"start":{"line":280,"column":8},"end":{"line":282,"column":null}},"type":"cond-expr","locations":[{"start":{"line":281,"column":12},"end":{"line":281,"column":null}},{"start":{"line":282,"column":12},"end":{"line":282,"column":null}}],"line":280},"24":{"loc":{"start":{"line":292,"column":6},"end":{"line":294,"column":null}},"type":"if","locations":[{"start":{"line":292,"column":6},"end":{"line":294,"column":null}},{"start":{},"end":{}}],"line":292},"25":{"loc":{"start":{"line":296,"column":6},"end":{"line":298,"column":null}},"type":"if","locations":[{"start":{"line":296,"column":6},"end":{"line":298,"column":null}},{"start":{},"end":{}}],"line":296},"26":{"loc":{"start":{"line":310,"column":6},"end":{"line":315,"column":null}},"type":"if","locations":[{"start":{"line":310,"column":6},"end":{"line":315,"column":null}},{"start":{},"end":{}}],"line":310},"27":{"loc":{"start":{"line":310,"column":10},"end":{"line":310,"column":53}},"type":"binary-expr","locations":[{"start":{"line":310,"column":10},"end":{"line":310,"column":38}},{"start":{"line":310,"column":38},"end":{"line":310,"column":53}}],"line":310},"28":{"loc":{"start":{"line":311,"column":8},"end":{"line":313,"column":null}},"type":"if","locations":[{"start":{"line":311,"column":8},"end":{"line":313,"column":null}},{"start":{},"end":{}}],"line":311},"29":{"loc":{"start":{"line":311,"column":12},"end":{"line":311,"column":54}},"type":"binary-expr","locations":[{"start":{"line":311,"column":12},"end":{"line":311,"column":28}},{"start":{"line":311,"column":28},"end":{"line":311,"column":54}}],"line":311},"30":{"loc":{"start":{"line":320,"column":6},"end":{"line":322,"column":null}},"type":"if","locations":[{"start":{"line":320,"column":6},"end":{"line":322,"column":null}},{"start":{},"end":{}}],"line":320},"31":{"loc":{"start":{"line":320,"column":10},"end":{"line":320,"column":68}},"type":"binary-expr","locations":[{"start":{"line":320,"column":10},"end":{"line":320,"column":25}},{"start":{"line":320,"column":25},"end":{"line":320,"column":68}}],"line":320},"32":{"loc":{"start":{"line":323,"column":6},"end":{"line":325,"column":null}},"type":"if","locations":[{"start":{"line":323,"column":6},"end":{"line":325,"column":null}},{"start":{},"end":{}}],"line":323},"33":{"loc":{"start":{"line":323,"column":10},"end":{"line":323,"column":69}},"type":"binary-expr","locations":[{"start":{"line":323,"column":10},"end":{"line":323,"column":26}},{"start":{"line":323,"column":26},"end":{"line":323,"column":69}}],"line":323},"34":{"loc":{"start":{"line":339,"column":4},"end":{"line":342,"column":null}},"type":"if","locations":[{"start":{"line":339,"column":4},"end":{"line":342,"column":null}},{"start":{},"end":{}}],"line":339},"35":{"loc":{"start":{"line":347,"column":4},"end":{"line":349,"column":null}},"type":"if","locations":[{"start":{"line":347,"column":4},"end":{"line":349,"column":null}},{"start":{},"end":{}}],"line":347},"36":{"loc":{"start":{"line":347,"column":8},"end":{"line":347,"column":67}},"type":"binary-expr","locations":[{"start":{"line":347,"column":8},"end":{"line":347,"column":24}},{"start":{"line":347,"column":24},"end":{"line":347,"column":67}}],"line":347},"37":{"loc":{"start":{"line":361,"column":4},"end":{"line":363,"column":null}},"type":"if","locations":[{"start":{"line":361,"column":4},"end":{"line":363,"column":null}},{"start":{},"end":{}}],"line":361},"38":{"loc":{"start":{"line":361,"column":8},"end":{"line":361,"column":67}},"type":"binary-expr","locations":[{"start":{"line":361,"column":8},"end":{"line":361,"column":24}},{"start":{"line":361,"column":24},"end":{"line":361,"column":67}}],"line":361},"39":{"loc":{"start":{"line":383,"column":4},"end":{"line":383,"column":null}},"type":"if","locations":[{"start":{"line":383,"column":4},"end":{"line":383,"column":null}},{"start":{},"end":{}}],"line":383},"40":{"loc":{"start":{"line":402,"column":4},"end":{"line":402,"column":null}},"type":"if","locations":[{"start":{"line":402,"column":4},"end":{"line":402,"column":null}},{"start":{},"end":{}}],"line":402},"41":{"loc":{"start":{"line":427,"column":4},"end":{"line":427,"column":null}},"type":"if","locations":[{"start":{"line":427,"column":4},"end":{"line":427,"column":null}},{"start":{},"end":{}}],"line":427},"42":{"loc":{"start":{"line":437,"column":6},"end":{"line":446,"column":null}},"type":"binary-expr","locations":[{"start":{"line":437,"column":6},"end":{"line":437,"column":null}},{"start":{"line":438,"column":6},"end":{"line":438,"column":null}},{"start":{"line":439,"column":6},"end":{"line":439,"column":null}},{"start":{"line":440,"column":6},"end":{"line":440,"column":null}},{"start":{"line":441,"column":6},"end":{"line":441,"column":null}},{"start":{"line":442,"column":6},"end":{"line":442,"column":null}},{"start":{"line":443,"column":6},"end":{"line":443,"column":null}},{"start":{"line":444,"column":6},"end":{"line":444,"column":null}},{"start":{"line":445,"column":6},"end":{"line":445,"column":null}},{"start":{"line":446,"column":6},"end":{"line":446,"column":null}}],"line":437},"43":{"loc":{"start":{"line":458,"column":6},"end":{"line":473,"column":null}},"type":"if","locations":[{"start":{"line":458,"column":6},"end":{"line":473,"column":null}},{"start":{},"end":{}}],"line":458},"44":{"loc":{"start":{"line":460,"column":8},"end":{"line":460,"column":null}},"type":"if","locations":[{"start":{"line":460,"column":8},"end":{"line":460,"column":null}},{"start":{},"end":{}}],"line":460},"45":{"loc":{"start":{"line":461,"column":8},"end":{"line":461,"column":null}},"type":"if","locations":[{"start":{"line":461,"column":8},"end":{"line":461,"column":null}},{"start":{},"end":{}}],"line":461},"46":{"loc":{"start":{"line":465,"column":10},"end":{"line":469,"column":null}},"type":"if","locations":[{"start":{"line":465,"column":10},"end":{"line":469,"column":null}},{"start":{"line":467,"column":17},"end":{"line":469,"column":null}}],"line":465},"47":{"loc":{"start":{"line":474,"column":6},"end":{"line":477,"column":null}},"type":"if","locations":[{"start":{"line":474,"column":6},"end":{"line":477,"column":null}},{"start":{},"end":{}}],"line":474},"48":{"loc":{"start":{"line":474,"column":10},"end":{"line":474,"column":75}},"type":"binary-expr","locations":[{"start":{"line":474,"column":10},"end":{"line":474,"column":46}},{"start":{"line":474,"column":46},"end":{"line":474,"column":75}}],"line":474},"49":{"loc":{"start":{"line":485,"column":4},"end":{"line":487,"column":null}},"type":"if","locations":[{"start":{"line":485,"column":4},"end":{"line":487,"column":null}},{"start":{},"end":{}}],"line":485},"50":{"loc":{"start":{"line":494,"column":8},"end":{"line":502,"column":null}},"type":"binary-expr","locations":[{"start":{"line":494,"column":8},"end":{"line":494,"column":null}},{"start":{"line":495,"column":8},"end":{"line":495,"column":null}},{"start":{"line":496,"column":8},"end":{"line":496,"column":null}},{"start":{"line":497,"column":8},"end":{"line":497,"column":null}},{"start":{"line":498,"column":8},"end":{"line":498,"column":null}},{"start":{"line":499,"column":8},"end":{"line":499,"column":null}},{"start":{"line":500,"column":8},"end":{"line":500,"column":null}},{"start":{"line":501,"column":8},"end":{"line":501,"column":null}},{"start":{"line":502,"column":8},"end":{"line":502,"column":null}}],"line":494},"51":{"loc":{"start":{"line":504,"column":6},"end":{"line":561,"column":null}},"type":"if","locations":[{"start":{"line":504,"column":6},"end":{"line":561,"column":null}},{"start":{},"end":{}}],"line":504},"52":{"loc":{"start":{"line":507,"column":10},"end":{"line":507,"column":null}},"type":"binary-expr","locations":[{"start":{"line":507,"column":10},"end":{"line":507,"column":26}},{"start":{"line":507,"column":26},"end":{"line":507,"column":null}}],"line":507},"53":{"loc":{"start":{"line":508,"column":8},"end":{"line":510,"column":null}},"type":"if","locations":[{"start":{"line":508,"column":8},"end":{"line":510,"column":null}},{"start":{},"end":{}}],"line":508},"54":{"loc":{"start":{"line":508,"column":12},"end":{"line":508,"column":61}},"type":"binary-expr","locations":[{"start":{"line":508,"column":12},"end":{"line":508,"column":29}},{"start":{"line":508,"column":29},"end":{"line":508,"column":61}}],"line":508},"55":{"loc":{"start":{"line":513,"column":25},"end":{"line":513,"column":null}},"type":"binary-expr","locations":[{"start":{"line":513,"column":25},"end":{"line":513,"column":45}},{"start":{"line":513,"column":45},"end":{"line":513,"column":null}}],"line":513},"56":{"loc":{"start":{"line":515,"column":10},"end":{"line":515,"column":null}},"type":"binary-expr","locations":[{"start":{"line":515,"column":10},"end":{"line":515,"column":28}},{"start":{"line":515,"column":28},"end":{"line":515,"column":null}}],"line":515},"57":{"loc":{"start":{"line":518,"column":10},"end":{"line":520,"column":null}},"type":"binary-expr","locations":[{"start":{"line":518,"column":10},"end":{"line":518,"column":null}},{"start":{"line":519,"column":10},"end":{"line":519,"column":null}},{"start":{"line":520,"column":10},"end":{"line":520,"column":null}}],"line":518},"58":{"loc":{"start":{"line":524,"column":8},"end":{"line":538,"column":null}},"type":"if","locations":[{"start":{"line":524,"column":8},"end":{"line":538,"column":null}},{"start":{},"end":{}}],"line":524},"59":{"loc":{"start":{"line":524,"column":12},"end":{"line":524,"column":38}},"type":"binary-expr","locations":[{"start":{"line":524,"column":12},"end":{"line":524,"column":31}},{"start":{"line":524,"column":31},"end":{"line":524,"column":38}}],"line":524},"60":{"loc":{"start":{"line":527,"column":12},"end":{"line":530,"column":null}},"type":"binary-expr","locations":[{"start":{"line":527,"column":12},"end":{"line":527,"column":null}},{"start":{"line":528,"column":13},"end":{"line":530,"column":null}}],"line":527},"61":{"loc":{"start":{"line":528,"column":13},"end":{"line":530,"column":null}},"type":"cond-expr","locations":[{"start":{"line":529,"column":16},"end":{"line":529,"column":null}},{"start":{"line":530,"column":16},"end":{"line":530,"column":null}}],"line":528},"62":{"loc":{"start":{"line":531,"column":10},"end":{"line":536,"column":null}},"type":"if","locations":[{"start":{"line":531,"column":10},"end":{"line":536,"column":null}},{"start":{},"end":{}}],"line":531},"63":{"loc":{"start":{"line":540,"column":8},"end":{"line":554,"column":null}},"type":"if","locations":[{"start":{"line":540,"column":8},"end":{"line":554,"column":null}},{"start":{},"end":{}}],"line":540},"64":{"loc":{"start":{"line":541,"column":26},"end":{"line":543,"column":null}},"type":"cond-expr","locations":[{"start":{"line":542,"column":14},"end":{"line":542,"column":null}},{"start":{"line":543,"column":14},"end":{"line":543,"column":null}}],"line":541},"65":{"loc":{"start":{"line":544,"column":10},"end":{"line":552,"column":null}},"type":"if","locations":[{"start":{"line":544,"column":10},"end":{"line":552,"column":null}},{"start":{},"end":{}}],"line":544},"66":{"loc":{"start":{"line":547,"column":12},"end":{"line":551,"column":null}},"type":"if","locations":[{"start":{"line":547,"column":12},"end":{"line":551,"column":null}},{"start":{"line":549,"column":19},"end":{"line":551,"column":null}}],"line":547},"67":{"loc":{"start":{"line":547,"column":16},"end":{"line":547,"column":65}},"type":"binary-expr","locations":[{"start":{"line":547,"column":16},"end":{"line":547,"column":43}},{"start":{"line":547,"column":43},"end":{"line":547,"column":65}}],"line":547},"68":{"loc":{"start":{"line":557,"column":8},"end":{"line":559,"column":null}},"type":"if","locations":[{"start":{"line":557,"column":8},"end":{"line":559,"column":null}},{"start":{},"end":{}}],"line":557},"69":{"loc":{"start":{"line":566,"column":4},"end":{"line":568,"column":null}},"type":"if","locations":[{"start":{"line":566,"column":4},"end":{"line":568,"column":null}},{"start":{},"end":{}}],"line":566},"70":{"loc":{"start":{"line":573,"column":6},"end":{"line":573,"column":null}},"type":"if","locations":[{"start":{"line":573,"column":6},"end":{"line":573,"column":null}},{"start":{},"end":{}}],"line":573},"71":{"loc":{"start":{"line":574,"column":6},"end":{"line":574,"column":null}},"type":"if","locations":[{"start":{"line":574,"column":6},"end":{"line":574,"column":null}},{"start":{},"end":{}}],"line":574},"72":{"loc":{"start":{"line":578,"column":8},"end":{"line":582,"column":null}},"type":"if","locations":[{"start":{"line":578,"column":8},"end":{"line":582,"column":null}},{"start":{"line":580,"column":15},"end":{"line":582,"column":null}}],"line":578}},"s":{"0":2,"1":2,"2":2,"3":2,"4":11,"5":11,"6":11,"7":11,"8":11,"9":11,"10":11,"11":11,"12":11,"13":11,"14":11,"15":11,"16":11,"17":9,"18":0,"19":9,"20":9,"21":9,"22":9,"23":1,"24":1,"25":8,"26":1,"27":1,"28":1,"29":7,"30":0,"31":0,"32":0,"33":0,"34":0,"35":0,"36":0,"37":0,"38":0,"39":2,"40":2,"41":2,"42":0,"43":2,"44":2,"45":2,"46":2,"47":3,"48":3,"49":2,"50":0,"51":0,"52":2,"53":2,"54":1,"55":0,"56":1,"57":1,"58":1,"59":1,"60":0,"61":0,"62":0,"63":1,"64":1,"65":1,"66":2,"67":1,"68":1,"69":1,"70":0,"71":0,"72":0,"73":1,"74":1,"75":1,"76":1,"77":1,"78":1,"79":1,"80":0,"81":0,"82":0,"83":1,"84":1,"85":1,"86":1,"87":1,"88":1,"89":1,"90":1,"91":0,"92":0,"93":0,"94":1,"95":1,"96":1,"97":0,"98":0,"99":0,"100":0,"101":0,"102":0,"103":0,"104":0,"105":0,"106":0,"107":7,"108":3,"109":7,"110":0,"111":7,"112":5,"113":2,"114":2,"115":2,"116":2,"117":10,"118":0,"119":10,"120":10,"121":8,"122":10,"123":10,"124":10,"125":8,"126":8,"127":8,"128":7,"129":8,"130":8,"131":7,"132":10,"133":6,"134":10,"135":1,"136":1,"137":1,"138":1,"139":1,"140":0,"141":0,"142":0,"143":1,"144":10,"145":0,"146":0,"147":0,"148":0,"149":1,"150":1,"151":1,"152":1,"153":1,"154":1,"155":0,"156":0,"157":14,"158":14,"159":0,"160":14,"161":14,"162":8,"163":8,"164":8,"165":0,"166":8,"167":8,"168":1,"169":0,"170":8,"171":8,"172":10,"173":8,"174":2,"175":2,"176":2,"177":0,"178":0,"179":2,"180":2,"181":2,"182":0,"183":0,"184":0,"185":0,"186":0,"187":0,"188":0,"189":0,"190":0,"191":0,"192":0,"193":0,"194":0,"195":6,"196":1,"197":1,"198":1,"199":1,"200":1,"201":0,"202":1,"203":0,"204":1,"205":1,"206":1,"207":1,"208":0,"209":1,"210":1,"211":1,"212":0,"213":0,"214":0,"215":0,"216":6,"217":0,"218":6,"219":6,"220":6,"221":6,"222":6,"223":6,"224":6,"225":6,"226":1,"227":5,"228":5,"229":6,"230":6,"231":6,"232":6,"233":0,"234":0,"235":0,"236":0,"237":0,"238":0,"239":0,"240":0,"241":5,"242":5,"243":5,"244":5,"245":5,"246":5,"247":1,"248":4,"249":5,"250":0,"251":0,"252":0,"253":0,"254":0,"255":0,"256":0,"257":0,"258":0,"259":0,"260":0,"261":0,"262":0,"263":0,"264":0,"265":0,"266":0,"267":0,"268":8,"269":1,"270":8,"271":1,"272":0,"273":1,"274":1,"275":1,"276":1,"277":1,"278":2},"f":{"0":9,"1":0,"2":2,"3":1,"4":1,"5":0,"6":1,"7":2,"8":1,"9":0,"10":1,"11":1,"12":1,"13":0,"14":1,"15":1,"16":1,"17":0,"18":1,"19":0,"20":0,"21":0,"22":0,"23":7,"24":2,"25":10,"26":8,"27":6,"28":1,"29":0,"30":1,"31":1,"32":1,"33":14,"34":8,"35":8,"36":0,"37":1,"38":0,"39":8,"40":10,"41":1,"42":0,"43":0,"44":2,"45":0,"46":0,"47":0,"48":0,"49":0,"50":6,"51":1,"52":1,"53":6,"54":0,"55":8,"56":1,"57":1},"b":{"0":[0,9],"1":[9,9],"2":[1,8],"3":[9,2],"4":[1,7],"5":[8,1],"6":[0,0],"7":[0,2],"8":[2,2],"9":[3,0],"10":[0,0],"11":[0,1],"12":[1,1],"13":[1,0],"14":[3,4],"15":[0,7],"16":[5,2],"17":[7,5],"18":[2,0],"19":[2,2],"20":[0,10],"21":[10,10],"22":[8,2],"23":[1,7],"24":[7,1],"25":[7,1],"26":[0,1],"27":[1,1],"28":[0,0],"29":[0,0],"30":[0,0],"31":[0,0],"32":[0,0],"33":[0,0],"34":[0,1],"35":[0,14],"36":[14,14],"37":[0,8],"38":[8,8],"39":[8,2],"40":[2,0],"41":[0,0],"42":[6,5,5,4,2,2,1,1,1,0],"43":[1,0],"44":[0,1],"45":[0,1],"46":[0,1],"47":[0,0],"48":[0,0],"49":[0,6],"50":[6,4,3,2,2,2,1,0,0],"51":[6,0],"52":[6,6],"53":[1,5],"54":[6,1],"55":[5,5],"56":[6,0],"57":[6,5,5],"58":[0,6],"59":[6,0],"60":[0,0],"61":[0,0],"62":[0,0],"63":[5,0],"64":[5,0],"65":[5,0],"66":[1,4],"67":[5,1],"68":[0,0],"69":[0,0],"70":[0,0],"71":[0,0],"72":[0,0]},"meta":{"lastBranch":73,"lastFunction":58,"lastStatement":279,"seen":{"s:32:22:32:Infinity":0,"s:33:21:33:Infinity":1,"s:35:27:35:Infinity":2,"s:37:29:37:Infinity":3,"s:49:37:49:Infinity":4,"s:50:65:50:Infinity":5,"s:51:20:51:Infinity":6,"s:52:20:52:Infinity":7,"s:53:23:53:Infinity":8,"s:54:23:54:Infinity":9,"s:55:32:55:Infinity":10,"s:56:21:56:Infinity":11,"s:57:27:57:Infinity":12,"s:61:7:61:Infinity":13,"s:63:18:65:Infinity":14,"s:66:18:66:Infinity":15,"s:68:18:68:Infinity":16,"f:70:2:70:8":0,"b:71:4:73:Infinity:undefined:undefined:undefined:undefined":0,"s:71:4:73:Infinity":17,"b:71:8:71:20:71:20:71:34":1,"s:72:6:72:Infinity":18,"s:75:4:75:Infinity":19,"s:76:4:76:Infinity":20,"s:77:4:77:Infinity":21,"b:78:4:81:Infinity:undefined:undefined:undefined:undefined":2,"s:78:4:81:Infinity":22,"b:78:8:78:23:78:23:78:72":3,"s:79:6:79:Infinity":23,"s:80:6:80:Infinity":24,"b:82:4:86:Infinity:undefined:undefined:undefined:undefined":4,"s:82:4:86:Infinity":25,"b:82:8:82:23:82:23:82:66":5,"s:83:6:83:Infinity":26,"s:84:6:84:Infinity":27,"s:85:6:85:Infinity":28,"s:87:4:87:Infinity":29,"f:90:2:90:15":1,"s:91:4:91:Infinity":30,"s:92:4:92:Infinity":31,"s:93:4:93:Infinity":32,"s:94:4:94:Infinity":33,"s:95:4:95:Infinity":34,"s:96:4:96:Infinity":35,"b:97:4:100:Infinity:undefined:undefined:undefined:undefined":6,"s:97:4:100:Infinity":36,"s:98:6:98:Infinity":37,"s:99:6:99:Infinity":38,"f:103:2:103:16":2,"s:104:20:104:Infinity":39,"s:105:4:105:Infinity":40,"b:107:4:110:Infinity:undefined:undefined:undefined:undefined":7,"s:107:4:110:Infinity":41,"b:107:8:107:24:107:24:107:67":8,"s:109:6:109:Infinity":42,"s:112:20:112:Infinity":43,"s:113:34:113:Infinity":44,"s:114:36:114:Infinity":45,"s:116:4:118:Infinity":46,"b:117:6:117:Infinity:undefined:undefined:undefined:undefined":9,"s:117:6:117:Infinity":47,"s:117:28:117:Infinity":48,"s:119:4:121:Infinity":49,"b:120:6:120:Infinity:undefined:undefined:undefined:undefined":10,"s:120:6:120:Infinity":50,"s:120:28:120:Infinity":51,"s:123:4:123:Infinity":52,"s:124:4:124:Infinity":53,"f:127:8:127:Infinity":3,"b:132:4:134:Infinity:undefined:undefined:undefined:undefined":11,"s:132:4:134:Infinity":54,"s:133:6:133:Infinity":55,"s:135:4:135:Infinity":56,"s:136:27:136:Infinity":57,"s:137:4:150:Infinity":58,"f:137:29:137:30":4,"s:138:24:142:Infinity":59,"f:138:35:138:41":5,"s:139:8:139:Infinity":60,"s:140:8:140:Infinity":61,"s:141:8:141:Infinity":62,"s:143:6:148:Infinity":63,"f:145:17:145:23":6,"s:145:23:145:Infinity":64,"s:149:6:149:Infinity":65,"f:153:8:153:Infinity":7,"s:157:4:157:Infinity":66,"s:158:27:158:Infinity":67,"s:159:4:172:Infinity":68,"f:159:37:159:38":8,"s:160:24:164:Infinity":69,"f:160:35:160:41":9,"s:161:8:161:Infinity":70,"s:162:8:162:Infinity":71,"s:163:8:163:Infinity":72,"s:165:6:170:Infinity":73,"f:167:17:167:18":10,"s:167:24:167:Infinity":74,"s:171:6:171:Infinity":75,"f:175:8:175:Infinity":11,"s:182:4:182:Infinity":76,"s:183:27:189:Infinity":77,"b:183:48:183:60:183:60:183:64":12,"b:187:49:187:61:187:61:187:Infinity":13,"s:190:4:203:Infinity":78,"f:190:33:190:34":12,"s:191:24:195:Infinity":79,"f:191:35:191:41":13,"s:192:8:192:Infinity":80,"s:193:8:193:Infinity":81,"s:194:8:194:Infinity":82,"s:196:6:201:Infinity":83,"f:198:17:198:23":14,"s:198:23:198:Infinity":84,"s:202:6:202:Infinity":85,"f:211:8:211:Infinity":15,"s:216:4:216:Infinity":86,"s:217:10:217:Infinity":87,"s:218:27:218:Infinity":88,"s:219:4:232:Infinity":89,"f:219:29:219:30":16,"s:220:24:224:Infinity":90,"f:220:35:220:41":17,"s:221:8:221:Infinity":91,"s:222:8:222:Infinity":92,"s:223:8:223:Infinity":93,"s:225:6:230:Infinity":94,"f:227:17:227:23":18,"s:227:23:227:Infinity":95,"s:231:6:231:Infinity":96,"f:235:8:235:20":19,"s:236:4:236:Infinity":97,"s:237:27:237:Infinity":98,"s:238:4:251:Infinity":99,"f:238:29:238:30":20,"s:239:24:243:Infinity":100,"f:239:35:239:41":21,"s:240:8:240:Infinity":101,"s:241:8:241:Infinity":102,"s:242:8:242:Infinity":103,"s:244:6:249:Infinity":104,"f:246:17:246:23":22,"s:246:23:246:Infinity":105,"s:250:6:250:Infinity":106,"f:254:16:254:32":23,"b:255:4:257:Infinity:undefined:undefined:undefined:undefined":14,"s:255:4:257:Infinity":107,"s:256:6:256:Infinity":108,"b:258:4:260:Infinity:undefined:undefined:undefined:undefined":15,"s:258:4:260:Infinity":109,"s:259:6:259:Infinity":110,"b:261:4:263:Infinity:undefined:undefined:undefined:undefined":16,"s:261:4:263:Infinity":111,"b:261:8:261:23:261:23:261:66":17,"s:262:6:262:Infinity":112,"s:264:4:269:Infinity":113,"f:264:29:264:30":24,"s:265:6:265:Infinity":114,"b:266:6:268:Infinity:undefined:undefined:undefined:undefined":18,"s:266:6:268:Infinity":115,"b:266:10:266:26:266:26:266:44":19,"s:267:8:267:Infinity":116,"f:272:10:272:18":25,"b:273:4:275:Infinity:undefined:undefined:undefined:undefined":20,"s:273:4:275:Infinity":117,"b:273:8:273:20:273:20:273:36":21,"s:274:6:274:Infinity":118,"s:276:4:276:Infinity":119,"b:278:4:284:Infinity:undefined:undefined:undefined:undefined":22,"s:278:4:284:Infinity":120,"s:279:6:283:Infinity":121,"b:281:12:281:Infinity:282:12:282:Infinity":23,"s:286:4:286:Infinity":122,"s:287:4:287:Infinity":123,"s:289:4:299:Infinity":124,"f:289:41:289:47":26,"s:290:6:290:Infinity":125,"s:291:6:291:Infinity":126,"b:292:6:294:Infinity:undefined:undefined:undefined:undefined":24,"s:292:6:294:Infinity":127,"s:293:8:293:Infinity":128,"s:295:6:295:Infinity":129,"b:296:6:298:Infinity:undefined:undefined:undefined:undefined":25,"s:296:6:298:Infinity":130,"s:297:8:297:Infinity":131,"s:301:4:303:Infinity":132,"f:301:44:301:45":27,"s:302:6:302:Infinity":133,"s:305:4:317:Infinity":134,"f:305:42:305:48":28,"s:306:6:306:Infinity":135,"s:307:6:307:Infinity":136,"s:308:6:308:Infinity":137,"s:309:6:309:Infinity":138,"b:310:6:315:Infinity:undefined:undefined:undefined:undefined":26,"s:310:6:315:Infinity":139,"b:310:10:310:38:310:38:310:53":27,"b:311:8:313:Infinity:undefined:undefined:undefined:undefined":28,"s:311:8:313:Infinity":140,"b:311:12:311:28:311:28:311:54":29,"s:312:10:312:Infinity":141,"s:314:8:314:Infinity":142,"s:316:6:316:Infinity":143,"s:319:4:326:Infinity":144,"f:319:42:319:48":29,"b:320:6:322:Infinity:undefined:undefined:undefined:undefined":30,"s:320:6:322:Infinity":145,"b:320:10:320:25:320:25:320:68":31,"s:321:8:321:Infinity":146,"b:323:6:325:Infinity:undefined:undefined:undefined:undefined":32,"s:323:6:325:Infinity":147,"b:323:10:323:26:323:26:323:69":33,"s:324:8:324:Infinity":148,"f:329:10:329:36":30,"s:330:4:330:Infinity":149,"s:331:18:331:Infinity":150,"s:332:4:332:Infinity":151,"s:333:4:335:Infinity":152,"f:333:37:333:43":31,"s:334:6:334:Infinity":153,"f:338:10:338:33":32,"b:339:4:342:Infinity:undefined:undefined:undefined:undefined":34,"s:339:4:342:Infinity":154,"s:340:6:340:Infinity":155,"s:341:6:341:Infinity":156,"f:345:10:345:15":33,"s:346:4:346:Infinity":157,"b:347:4:349:Infinity:undefined:undefined:undefined:undefined":35,"s:347:4:349:Infinity":158,"b:347:8:347:24:347:24:347:67":36,"s:348:6:348:Infinity":159,"s:350:18:350:Infinity":160,"s:351:4:351:Infinity":161,"f:354:10:354:45":34,"s:355:4:355:Infinity":162,"s:356:4:356:Infinity":163,"f:360:10:360:42":35,"b:361:4:363:Infinity:undefined:undefined:undefined:undefined":37,"s:361:4:363:Infinity":164,"b:361:8:361:24:361:24:361:67":38,"s:362:6:362:Infinity":165,"s:364:27:364:Infinity":166,"s:365:4:374:Infinity":167,"f:367:15:367:21":36,"f:368:14:368:20":37,"s:369:8:369:Infinity":168,"f:371:28:371:34":38,"s:372:8:372:Infinity":169,"s:375:4:375:Infinity":170,"f:378:10:378:41":39,"s:379:4:379:Infinity":171,"f:382:16:382:29":40,"b:383:4:383:Infinity:undefined:undefined:undefined:undefined":39,"s:383:4:383:Infinity":172,"s:383:26:383:Infinity":173,"s:384:4:384:Infinity":174,"s:385:27:387:Infinity":175,"s:388:4:397:Infinity":176,"f:390:15:390:21":41,"f:391:14:391:20":42,"s:392:8:392:Infinity":177,"f:394:28:394:34":43,"s:395:8:395:Infinity":178,"s:398:4:398:Infinity":179,"f:401:16:401:31":44,"b:402:4:402:Infinity:undefined:undefined:undefined:undefined":40,"s:402:4:402:Infinity":180,"s:402:26:402:Infinity":181,"s:403:4:403:Infinity":182,"s:404:27:406:Infinity":183,"s:407:4:416:Infinity":184,"f:409:15:409:21":45,"f:410:14:410:20":46,"s:411:8:411:Infinity":185,"f:413:28:413:34":47,"s:414:8:414:Infinity":186,"s:417:4:417:Infinity":187,"f:425:10:425:30":48,"s:426:20:426:Infinity":188,"b:427:4:427:Infinity:undefined:undefined:undefined:undefined":41,"s:427:4:427:Infinity":189,"s:427:18:427:Infinity":190,"s:428:4:428:Infinity":191,"s:429:4:432:Infinity":192,"f:429:35:429:41":49,"s:430:6:430:Infinity":193,"s:431:6:431:Infinity":194,"f:435:10:435:31":50,"s:436:4:446:Infinity":195,"b:437:6:437:Infinity:438:6:438:Infinity:439:6:439:Infinity:440:6:440:Infinity:441:6:441:Infinity:442:6:442:Infinity:443:6:443:Infinity:444:6:444:Infinity:445:6:445:Infinity:446:6:446:Infinity":42,"f:455:10:455:29":51,"s:456:4:480:Infinity":196,"s:457:19:457:Infinity":197,"b:458:6:473:Infinity:undefined:undefined:undefined:undefined":43,"s:458:6:473:Infinity":198,"s:459:26:459:Infinity":199,"b:460:8:460:Infinity:undefined:undefined:undefined:undefined":44,"s:460:8:460:Infinity":200,"s:460:30:460:Infinity":201,"b:461:8:461:Infinity:undefined:undefined:undefined:undefined":45,"s:461:8:461:Infinity":202,"s:461:51:461:Infinity":203,"s:462:14:462:Infinity":204,"s:463:8:471:Infinity":205,"f:463:27:463:28":52,"s:464:23:464:Infinity":206,"b:465:10:469:Infinity:467:17:469:Infinity":46,"s:465:10:469:Infinity":207,"s:466:12:466:Infinity":208,"s:468:12:468:Infinity":209,"s:470:10:470:Infinity":210,"s:472:8:472:Infinity":211,"b:474:6:477:Infinity:undefined:undefined:undefined:undefined":47,"s:474:6:477:Infinity":212,"b:474:10:474:46:474:46:474:75":48,"s:475:8:475:Infinity":213,"s:476:8:476:Infinity":214,"s:481:4:481:Infinity":215,"f:484:10:484:24":53,"b:485:4:487:Infinity:undefined:undefined:undefined:undefined":49,"s:485:4:487:Infinity":216,"s:486:6:486:Infinity":217,"s:489:18:489:Infinity":218,"s:491:4:564:Infinity":219,"s:492:22:492:Infinity":220,"s:494:8:502:Infinity":221,"b:494:8:494:Infinity:495:8:495:Infinity:496:8:496:Infinity:497:8:497:Infinity:498:8:498:Infinity:499:8:499:Infinity:500:8:500:Infinity:501:8:501:Infinity:502:8:502:Infinity":50,"b:504:6:561:Infinity:undefined:undefined:undefined:undefined":51,"s:504:6:561:Infinity":222,"s:505:22:505:Infinity":223,"s:507:10:507:Infinity":224,"b:507:10:507:26:507:26:507:Infinity":52,"b:508:8:510:Infinity:undefined:undefined:undefined:undefined":53,"s:508:8:510:Infinity":225,"b:508:12:508:29:508:29:508:61":54,"s:509:10:509:Infinity":226,"s:512:8:512:Infinity":227,"s:513:25:513:Infinity":228,"b:513:25:513:45:513:45:513:Infinity":55,"s:515:10:515:Infinity":229,"b:515:10:515:28:515:28:515:Infinity":56,"s:518:10:520:Infinity":230,"b:518:10:518:Infinity:519:10:519:Infinity:520:10:520:Infinity":57,"s:522:10:522:Infinity":231,"b:524:8:538:Infinity:undefined:undefined:undefined:undefined":58,"s:524:8:538:Infinity":232,"b:524:12:524:31:524:31:524:38":59,"s:525:26:525:Infinity":233,"s:527:12:530:Infinity":234,"b:527:12:527:Infinity:528:13:530:Infinity":60,"b:529:16:529:Infinity:530:16:530:Infinity":61,"b:531:10:536:Infinity:undefined:undefined:undefined:undefined":62,"s:531:10:536:Infinity":235,"s:532:12:532:Infinity":236,"s:533:12:533:Infinity":237,"s:534:12:534:Infinity":238,"s:535:12:535:Infinity":239,"s:537:10:537:Infinity":240,"b:540:8:554:In
[...]
630:19:630:34:630:34:630:Infinity":127,"s:631:4:631:Infinity":249,"f:635:9:635:38":42,"s:636:2:636:Infinity":250,"s:639:44:729:Infinity":251,"f:640:2:640:9":43,"b:640:50:640:84":128,"b:641:4:643:Infinity:undefined:undefined:undefined:undefined":129,"s:641:4:643:Infinity":252,"s:642:6:642:Infinity":253,"b:644:4:646:Infinity:undefined:undefined:undefined:undefined":130,"s:644:4:646:Infinity":254,"s:645:6:645:Infinity":255,"b:647:4:649:Infinity:undefined:undefined:undefined:undefined":131,"s:647:4:649:Infinity":256,"s:648:6:648:Infinity":257,"s:650:4:650:Infinity":258,"f:653:2:653:9":44,"s:654:19:654:Infinity":259,"b:654:51:654:59:654:59:654:Infinity":132,"s:655:16:655:Infinity":260,"b:655:39:655:52:655:52:655:Infinity":133,"s:656:20:656:Infinity":261,"s:657:4:689:Infinity":262,"s:658:18:658:Infinity":263,"b:660:8:667:Infinity:668:8:675:Infinity:676:8:683:Infinity":134,"s:659:6:684:Infinity":264,"b:661:10:663:Infinity:undefined:undefined:undefined:undefined":135,"s:661:10:663:Infinity":265,"s:662:12:662:Infinity":266,"s:665:10:665:Infinity":267,"s:666:10:666:Infinity":268,"b:669:10:671:Infinity:undefined:undefined:undefined:undefined":136,"s:669:10:671:Infinity":269,"s:670:12:670:Infinity":270,"s:673:10:673:Infinity":271,"s:674:10:674:Infinity":272,"b:677:10:679:Infinity:undefined:undefined:undefined:undefined":137,"s:677:10:679:Infinity":273,"s:678:12:678:Infinity":274,"s:681:10:681:Infinity":275,"s:682:10:682:Infinity":276,"b:685:6:687:Infinity:undefined:undefined:undefined:undefined":138,"s:685:6:687:Infinity":277,"b:685:6:685:29:685:29:685:40":139,"s:686:8:686:Infinity":278,"s:688:6:688:Infinity":279,"s:690:4:690:Infinity":280,"f:693:2:693:11":45,"s:694:4:702:Infinity":281,"b:695:29:695:60:695:60:695:Infinity":140,"b:696:33:696:66:696:66:696:Infinity":141,"b:697:37:698:Infinity:699:10:701:Infinity":142,"b:699:33:700:Infinity:701:10:701:Infinity":143,"f:705:2:705:9":46,"s:706:21:706:Infinity":282,"b:707:4:709:Infinity:undefined:undefined:undefined:undefined":144,"s:707:4:709:Infinity":283,"s:708:6:708:Infinity":284,"b:710:4:712:Infinity:undefined:undefined:undefined:undefined":145,"s:710:4:712:Infinity":285,"s:711:6:711:Infinity":286,"b:713:4:715:Infinity:undefined:undefined:undefined:undefined":146,"s:713:4:715:Infinity":287,"s:714:6:714:Infinity":288,"s:716:4:716:Infinity":289,"f:719:2:719:51":47,"s:720:4:720:Infinity":290,"b:720:31:720:40:720:40:720:50":147,"f:722:2:722:56":48,"s:723:20:723:Infinity":291,"s:724:4:724:Infinity":292,"b:724:17:724:30:724:30:724:Infinity":148,"s:725:4:725:Infinity":293,"b:725:19:725:34:725:34:725:Infinity":149,"s:726:4:726:Infinity":294,"b:726:23:726:42:726:42:726:Infinity":150,"s:727:4:727:Infinity":295,"f:731:9:731:44":49,"s:732:2:732:Infinity":296,"s:735:50:809:Infinity":297,"f:736:2:736:9":50,"b:736:53:736:87":151,"b:737:4:739:Infinity:undefined:undefined:undefined:undefined":152,"s:737:4:739:Infinity":298,"s:738:6:738:Infinity":299,"b:740:4:742:Infinity:undefined:undefined:undefined:undefined":153,"s:740:4:742:Infinity":300,"s:741:6:741:Infinity":301,"s:743:4:743:Infinity":302,"f:746:2:746:9":51,"s:747:19:747:Infinity":303,"b:747:51:747:59:747:59:747:Infinity":154,"s:748:16:748:Infinity":304,"b:748:39:748:52:748:52:748:Infinity":155,"s:749:20:749:Infinity":305,"s:750:4:774:Infinity":306,"s:751:18:751:Infinity":307,"b:753:8:760:Infinity:761:8:768:Infinity":156,"s:752:6:769:Infinity":308,"b:754:10:756:Infinity:undefined:undefined:undefined:undefined":157,"s:754:10:756:Infinity":309,"s:755:12:755:Infinity":310,"s:758:10:758:Infinity":311,"s:759:10:759:Infinity":312,"b:762:10:764:Infinity:undefined:undefined:undefined:undefined":158,"s:762:10:764:Infinity":313,"s:763:12:763:Infinity":314,"s:766:10:766:Infinity":315,"s:767:10:767:Infinity":316,"b:770:6:772:Infinity:undefined:undefined:undefined:undefined":159,"s:770:6:772:Infinity":317,"b:770:6:770:29:770:29:770:40":160,"s:771:8:771:Infinity":318,"s:773:6:773:Infinity":319,"s:775:4:775:Infinity":320,"f:778:2:778:11":52,"s:779:4:786:Infinity":321,"b:781:10:781:Infinity:782:10:784:Infinity":161,"b:783:10:783:Infinity:784:10:784:Infinity":162,"b:785:35:785:66:785:66:785:Infinity":163,"f:789:2:789:9":53,"s:790:21:790:Infinity":322,"b:791:4:793:Infinity:undefined:undefined:undefined:undefined":164,"s:791:4:793:Infinity":323,"s:792:6:792:Infinity":324,"b:794:4:796:Infinity:undefined:undefined:undefined:undefined":165,"s:794:4:796:Infinity":325,"s:795:6:795:Infinity":326,"s:797:4:797:Infinity":327,"f:800:2:800:54":54,"s:801:4:801:Infinity":328,"b:801:34:801:43:801:43:801:53":166,"f:803:2:803:59":55,"s:804:20:804:Infinity":329,"s:805:4:805:Infinity":330,"b:805:20:805:36:805:36:805:Infinity":167,"s:806:4:806:Infinity":331,"b:806:76:806:110:806:110:806:Infinity":168,"b:806:21:806:51:806:51:806:76":169,"s:807:4:807:Infinity":332,"f:811:9:811:54":56,"s:812:2:812:Infinity":333,"s:815:60:894:Infinity":334,"f:816:2:816:9":57,"b:816:58:816:92":170,"s:817:4:819:Infinity":335,"f:817:53:817:54":58,"s:818:6:818:Infinity":336,"s:820:4:820:Infinity":337,"f:823:2:823:9":59,"s:824:19:824:Infinity":338,"b:824:51:824:59:824:59:824:Infinity":171,"s:825:16:825:Infinity":339,"b:825:39:825:52:825:52:825:Infinity":172,"s:826:20:826:Infinity":340,"s:827:4:846:Infinity":341,"s:828:18:828:Infinity":342,"b:830:8:840:Infinity":173,"s:829:6:841:Infinity":343,"b:831:10:833:Infinity:undefined:undefined:undefined:undefined":174,"s:831:10:833:Infinity":344,"s:832:12:832:Infinity":345,"s:835:25:835:Infinity":346,"b:836:10:838:Infinity:undefined:undefined:undefined:undefined":175,"s:836:10:838:Infinity":347,"s:837:12:837:Infinity":348,"s:839:10:839:Infinity":349,"b:842:6:844:Infinity:undefined:undefined:undefined:undefined":176,"s:842:6:844:Infinity":350,"b:842:6:842:29:842:29:842:40":177,"s:843:8:843:Infinity":351,"s:845:6:845:Infinity":352,"s:847:4:847:Infinity":353,"f:850:2:850:11":60,"s:851:4:861:Infinity":354,"b:853:11:859:Infinity:860:10:860:Infinity":178,"f:854:10:854:11":61,"s:855:12:855:Infinity":355,"s:856:12:856:Infinity":356,"f:864:2:864:9":62,"s:865:21:865:Infinity":357,"b:866:4:874:Infinity:undefined:undefined:undefined:undefined":179,"s:866:4:874:Infinity":358,"s:867:22:867:Infinity":359,"b:868:6:873:Infinity:undefined:undefined:undefined:undefined":180,"s:868:6:873:Infinity":360,"s:869:8:869:Infinity":361,"s:870:8:872:Infinity":362,"f:870:24:870:25":63,"s:871:10:871:Infinity":363,"s:875:4:875:Infinity":364,"f:878:2:878:59":64,"s:879:4:879:Infinity":365,"b:879:39:879:48:879:48:879:58":181,"f:881:2:881:64":65,"s:882:20:882:Infinity":366,"s:883:4:891:Infinity":367,"b:883:47:883:63:883:63:883:65":182,"f:884:6:884:7":66,"b:885:8:887:Infinity:undefined:undefined:undefined:undefined":183,"s:885:8:887:Infinity":368,"s:886:10:886:Infinity":369,"s:888:8:888:Infinity":370,"s:892:4:892:Infinity":371,"f:896:9:896:76":67,"s:897:2:897:Infinity":372,"s:900:82:972:Infinity":373,"f:901:2:901:9":68,"b:901:69:901:103":184,"b:902:4:904:Infinity:undefined:undefined:undefined:undefined":185,"s:902:4:904:Infinity":374,"s:903:6:903:Infinity":375,"b:905:4:907:Infinity:undefined:undefined:undefined:undefined":186,"s:905:4:907:Infinity":376,"s:906:6:906:Infinity":377,"s:908:4:908:Infinity":378,"f:911:2:911:9":69,"s:912:19:912:Infinity":379,"b:912:51:912:59:912:59:912:Infinity":187,"s:913:16:913:Infinity":380,"b:913:39:913:52:913:52:913:Infinity":188,"s:914:20:914:Infinity":381,"s:915:4:939:Infinity":382,"s:916:18:916:Infinity":383,"b:918:8:925:Infinity:926:8:933:Infinity":189,"s:917:6:934:Infinity":384,"b:919:10:921:Infinity:undefined:undefined:undefined:undefined":190,"s:919:10:921:Infinity":385,"s:920:12:920:Infinity":386,"s:923:10:923:Infinity":387,"s:924:10:924:Infinity":388,"b:927:10:929:Infinity:undefined:undefined:undefined:undefined":191,"s:927:10:929:Infinity":389,"s:928:12:928:Infinity":390,"s:931:10:931:Infinity":391,"s:932:10:932:Infinity":392,"b:935:6:937:Infinity:undefined:undefined:undefined:undefined":192,"s:935:6:937:Infinity":393,"b:935:6:935:29:935:29:935:40":193,"s:936:8:936:Infinity":394,"s:938:6:938:Infinity":395,"s:940:4:940:Infinity":396,"f:943:2:943:11":70,"s:944:4:947:Infinity":397,"b:945:31:945:63:945:63:945:Infinity":194,"b:946:35:946:74:946:74:946:Infinity":195,"f:950:2:950:9":71,"s:951:21:951:Infinity":398,"b:952:4:954:Infinity:undefined:undefined:undefined:undefined":196,"s:952:4:954:Infinity":399,"s:953:6:953:Infinity":400,"b:955:4:957:Infinity:undefined:undefined:undefined:undefined":197,"s:955:4:957:Infinity":401,"s:956:6:956:Infinity":402,"s:958:4:958:Infinity":403,"f:961:2:961:70":72,"s:962:4:962:Infinity":404,"b:962:50:962:59:962:59:962:69":198,"f:964:2:964:75":73,"s:965:20:965:Infinity":405,"s:966:4:966:Infinity":406,"b:966:18:966:32:966:32:966:Infinity":199,"s:967:4:969:Infinity":407,"b:968:8:968:Infinity:969:8:969:Infinity":200,"b:967:21:967:51:967:51:967:Infinity":201,"s:970:4:970:Infinity":408,"f:974:9:974:50":74,"s:975:2:975:Infinity":409,"s:978:56:1054:Infinity":410,"f:979:2:979:9":75,"b:979:56:979:90":202,"b:980:4:982:Infinity:undefined:undefined:undefined:undefined":203,"s:980:4:982:Infinity":411,"s:981:6:981:Infinity":412,"b:983:4:985:Infinity:undefined:undefined:undefined:undefined":204,"s:983:4:985:Infinity":413,"s:984:6:984:Infinity":414,"s:986:4:986:Infinity":415,"f:989:2:989:9":76,"s:990:19:990:Infinity":416,"b:990:51:990:59:990:59:990:Infinity":205,"s:991:16:991:Infinity":417,"b:991:39:991:52:991:52:991:Infinity":206,"s:992:20:992:Infinity":418,"s:993:4:1017:Infinity":419,"s:994:18:994:Infinity":420,"b:996:8:1003:Infinity:1004:8:1011:Infinity":207,"s:995:6:1012:Infinity":421,"b:997:10:999:Infinity:undefined:undefined:undefined:undefined":208,"s:997:10:999:Infinity":422,"s:998:12:998:Infinity":423,"s:1001:10:1001:Infinity":424,"s:1002:10:1002:Infinity":425,"b:1005:10:1007:Infinity:undefined:undefined:undefined:undefined":209,"s:1005:10:1007:Infinity":426,"s:1006:12:1006:Infinity":427,"s:1009:10:1009:Infinity":428,"s:1010:10:1010:Infinity":429,"b:1013:6:1015:Infinity:undefined:undefined:undefined:undefined":210,"s:1013:6:1015:Infinity":430,"b:1013:6:1013:29:1013:29:1013:40":211,"s:1014:8:1014:Infinity":431,"s:1016:6:1016:Infinity":432,"s:1018:4:1018:Infinity":433,"f:1021:2:1021:11":77,"s:1022:4:1029:Infinity":434,"b:1023:37:1023:79:1023:79:1023:Infinity":212,"b:1025:10:1025:Infinity:1026:10:1028:Infinity":213,"b:1027:10:1027:Infinity:1028:10:1028:Infinity":214,"f:1032:2:1032:9":78,"s:1033:21:1033:Infinity":435,"b:1034:4:1036:Infinity:undefined:undefined:undefined:undefined":215,"s:1034:4:1036:Infinity":436,"s:1035:6:1035:Infinity":437,"b:1037:4:1039:Infinity:undefined:undefined:undefined:undefined":216,"s:1037:4:1039:Infinity":438,"s:1038:6:1038:Infinity":439,"s:1040:4:1040:Infinity":440,"f:1043:2:1043:57":79,"s:1044:4:1044:Infinity":441,"b:1044:37:1044:46:1044:46:1044:56":217,"f:1046:2:1046:62":80,"s:1047:20:1047:Infinity":442,"s:1048:4:1050:Infinity":443,"b:1049:8:1049:Infinity:1050:8:1050:Infinity":218,"b:1048:22:1048:53:1048:53:1048:Infinity":219,"s:1051:4:1051:Infinity":444,"b:1051:27:1051:50:1051:50:1051:Infinity":220,"s:1052:4:1052:Infinity":445,"f:1056:9:1056:54":81,"s:1057:2:1057:Infinity":446,"s:1060:60:1139:Infinity":447,"f:1061:2:1061:9":82,"b:1061:58:1061:92":221,"s:1062:4:1064:Infinity":448,"f:1062:56:1062:57":83,"s:1063:6:1063:Infinity":449,"s:1065:4:1065:Infinity":450,"f:1068:2:1068:9":84,"s:1069:19:1069:Infinity":451,"b:1069:51:1069:59:1069:59:1069:Infinity":222,"s:1070:16:1070:Infinity":452,"b:1070:39:1070:52:1070:52:1070:Infinity":223,"s:1071:20:1071:Infinity":453,"s:1072:4:1091:Infinity":454,"s:1073:18:1073:Infinity":455,"b:1075:8:1085:Infinity":224,"s:1074:6:1086:Infinity":456,"b:1076:10:1078:Infinity:undefined:undefined:undefined:undefined":225,"s:1076:10:1078:Infinity":457,"s:1077:12:1077:Infinity":458,"s:1080:25:1080:Infinity":459,"b:1081:10:1083:Infinity:undefined:undefined:undefined:undefined":226,"s:1081:10:1083:Infinity":460,"s:1082:12:1082:Infinity":461,"s:1084:10:1084:Infinity":462,"b:1087:6:1089:Infinity:undefined:undefined:undefined:undefined":227,"s:1087:6:1089:Infinity":463,"b:1087:6:1087:29:1087:29:1087:40":228,"s:1088:8:1088:Infinity":464,"s:1090:6:1090:Infinity":465,"s:1092:4:1092:Infinity":466,"f:1095:2:1095:11":85,"s:1096:4:1106:Infinity":467,"b:1098:11:1104:Infinity:1105:10:1105:Infinity":229,"f:1099:10:1099:11":86,"s:1100:12:1100:Infinity":468,"s:1101:12:1101:Infinity":469,"f:1109:2:1109:9":87,"s:1110:21:1110:Infinity":470,"b:1111:4:1119:Infinity:undefined:undefined:undefined:undefined":230,"s:1111:4:1119:Infinity":471,"s:1112:22:1112:Infinity":472,"b:1113:6:1118:Infinity:undefined:undefined:undefined:undefined":231,"s:1113:6:1118:Infinity":473,"s:1114:8:1114:Infinity":474,"s:1115:8:1117:Infinity":475,"f:1115:24:1115:25":88,"s:1116:10:1116:Infinity":476,"s:1120:4:1120:Infinity":477,"f:1123:2:1123:59":89,"s:1124:4:1124:Infinity":478,"b:1124:39:1124:48:1124:48:1124:58":232,"f:1126:2:1126:64":90,"s:1127:20:1127:Infinity":479,"s:1128:4:1136:Infinity":480,"b:1128:50:1128:69:1128:69:1128:71":233,"f:1129:6:1129:7":91,"b:1130:8:1132:Infinity:undefined:undefined:undefined:undefined":234,"s:1130:8:1132:Infinity":481,"s:1131:10:1131:Infinity":482,"s:1133:8:1133:Infinity":483,"s:1137:4:1137:Infinity":484,"f:1141:9:1141:82":92,"s:1142:2:1142:Infinity":485,"s:1145:88:1219:Infinity":486,"f:1146:2:1146:9":93,"b:1146:72:1146:106":235,"b:1147:4:1149:Infinity:undefined:undefined:undefined:undefined":236,"s:1147:4:1149:Infinity":487,"s:1148:6:1148:Infinity":488,"b:1150:4:1152:Infinity:undefined:undefined:undefined:undefined":237,"s:1150:4:1152:Infinity":489,"s:1151:6:1151:Infinity":490,"s:1153:4:1153:Infinity":491,"f:1156:2:1156:9":94,"s:1157:19:1157:Infinity":492,"b:1157:51:1157:59:1157:59:1157:Infinity":238,"s:1158:16:1158:Infinity":493,"b:1158:39:1158:52:1158:52:1158:Infinity":239,"s:1159:20:1159:Infinity":494,"s:1160:4:1184:Infinity":495,"s:1161:18:1161:Infinity":496,"b:1163:8:1170:Infinity:1171:8:1178:Infinity":240,"s:1162:6:1179:Infinity":497,"b:1164:10:1166:Infinity:undefined:undefined:undefined:undefined":241,"s:1164:10:1166:Infinity":498,"s:1165:12:1165:Infinity":499,"s:1168:10:1168:Infinity":500,"s:1169:10:1169:Infinity":501,"b:1172:10:1174:Infinity:undefined:undefined:undefined:undefined":242,"s:1172:10:1174:Infinity":502,"s:1173:12:1173:Infinity":503,"s:1176:10:1176:Infinity":504,"s:1177:10:1177:Infinity":505,"b:1180:6:1182:Infinity:undefined:undefined:undefined:undefined":243,"s:1180:6:1182:Infinity":506,"b:1180:6:1180:29:1180:29:1180:40":244,"s:1181:8:1181:Infinity":507,"s:1183:6:1183:Infinity":508,"s:1185:4:1185:Infinity":509,"f:1188:2:1188:11":95,"s:1189:4:1192:Infinity":510,"b:1190:31:1190:63:1190:63:1190:Infinity":245,"b:1191:35:1191:74:1191:74:1191:Infinity":246,"f:1195:2:1195:9":96,"s:1196:21:1196:Infinity":511,"b:1197:4:1199:Infinity:undefined:undefined:undefined:undefined":247,"s:1197:4:1199:Infinity":512,"s:1198:6:1198:Infinity":513,"b:1200:4:1202:Infinity:undefined:undefined:undefined:undefined":248,"s:1200:4:1202:Infinity":514,"s:1201:6:1201:Infinity":515,"s:1203:4:1203:Infinity":516,"f:1206:2:1206:73":97,"s:1207:4:1207:Infinity":517,"b:1207:53:1207:62:1207:62:1207:72":249,"f:1209:2:1209:Infinity":98,"s:1212:20:1212:Infinity":518,"s:1213:4:1213:Infinity":519,"b:1213:18:1213:32:1213:32:1213:Infinity":250,"s:1214:4:1216:Infinity":520,"b:1215:8:1215:Infinity:1216:8:1216:Infinity":251,"b:1214:21:1214:51:1214:51:1214:Infinity":252,"s:1217:4:1217:Infinity":521,"f:1233:9:1233:22":99,"s:1234:14:1234:Infinity":522,"b:1235:2:1237:Infinity:undefined:undefined:undefined:undefined":253,"s:1235:2:1237:Infinity":523,"s:1236:4:1236:Infinity":524,"b:1238:2:1240:Infinity:undefined:undefined:undefined:undefined":254,"s:1238:2:1240:Infinity":525,"s:1239:4:1239:Infinity":526,"s:1241:2:1241:Infinity":527,"f:1244:9:1244:18":100,"s:1245:2:1245:Infinity":528,"b:1245:9:1245:38:1245:38:1245:Infinity":255,"f:1248:9:1248:15":101,"s:1249:2:1249:Infinity":529,"b:1249:9:1249:27:1249:27:1249:Infinity":256}}}
,"/Users/javierlazarocastellondorta/Documents/JAVIER/WORK/LiRAYS/SOFT/LiRAYS-Scada/frontend/src/lib/stores/snackbar.ts": {"path":"/Users/javierlazarocastellondorta/Documents/JAVIER/WORK/LiRAYS/SOFT/LiRAYS-Scada/frontend/src/lib/stores/snackbar.ts","statementMap":{"0":{"start":{"line":12,"column":28},"end":{"line":12,"column":null}},"1":{"start":{"line":15,"column":25},"end":{"line":15,"column":null}},"2":{"start":{"line":17,"column":2},"end":{"line":54,"column":null}},"3":{"start":{"line":21,"column":8},"end":{"line":27,"column":null}},"4":{"start":{"line":28,"column":6},"end":{"line":28,"column":null}},"5":{"start":{"line":31,"column":6},"end":{"line":35,"column":null}},"6":{"start":{"line":38,"column":6},"end":{"line":42,"column":null}},"7":{"start":{"line":45,"column":6},"end":{"line":49,"column":null}},"8":{"start":{"line":52,"column":6},"end":{"line":52,"column":null}},"9":{"start":{"line":57,"column":29},"end":{"line":57,"column":null}}},"fnMap":{"0":{"name":"createSnackbarStore","decl":{"start":{"line":14,"column":9},"end":{"line":14,"column":31}},"loc":{"start":{"line":14,"column":31},"end":{"line":55,"column":null}},"line":14},"1":{"name":"(anonymous_1)","decl":{"start":{"line":19,"column":4},"end":{"line":19,"column":9}},"loc":{"start":{"line":19,"column":50},"end":{"line":29,"column":null}},"line":19},"2":{"name":"(anonymous_2)","decl":{"start":{"line":30,"column":4},"end":{"line":30,"column":12}},"loc":{"start":{"line":30,"column":54},"end":{"line":36,"column":null}},"line":30},"3":{"name":"(anonymous_3)","decl":{"start":{"line":37,"column":4},"end":{"line":37,"column":12}},"loc":{"start":{"line":37,"column":54},"end":{"line":43,"column":null}},"line":37},"4":{"name":"(anonymous_4)","decl":{"start":{"line":44,"column":4},"end":{"line":44,"column":10}},"loc":{"start":{"line":44,"column":52},"end":{"line":50,"column":null}},"line":44},"5":{"name":"(anonymous_5)","decl":{"start":{"line":51,"column":4},"end":{"line":51,"column":17}},"loc":{"start":{"line":51,"column":17},"end":{"line":53,"column":null}},"line":51}},"branchMap":{"0":{"loc":{"start":{"line":21,"column":8},"end":{"line":27,"column":null}},"type":"cond-expr","locations":[{"start":{"line":22,"column":12},"end":{"line":22,"column":null}},{"start":{"line":23,"column":12},"end":{"line":27,"column":null}}],"line":21},"1":{"loc":{"start":{"line":26,"column":24},"end":{"line":26,"column":null}},"type":"binary-expr","locations":[{"start":{"line":26,"column":24},"end":{"line":26,"column":44}},{"start":{"line":26,"column":44},"end":{"line":26,"column":null}}],"line":26},"2":{"loc":{"start":{"line":34,"column":18},"end":{"line":34,"column":null}},"type":"binary-expr","locations":[{"start":{"line":34,"column":18},"end":{"line":34,"column":30}},{"start":{"line":34,"column":30},"end":{"line":34,"column":null}}],"line":34},"3":{"loc":{"start":{"line":41,"column":18},"end":{"line":41,"column":null}},"type":"binary-expr","locations":[{"start":{"line":41,"column":18},"end":{"line":41,"column":30}},{"start":{"line":41,"column":30},"end":{"line":41,"column":null}}],"line":41},"4":{"loc":{"start":{"line":48,"column":18},"end":{"line":48,"column":null}},"type":"binary-expr","locations":[{"start":{"line":48,"column":18},"end":{"line":48,"column":30}},{"start":{"line":48,"column":30},"end":{"line":48,"column":null}}],"line":48}},"s":{"0":2,"1":2,"2":2,"3":0,"4":0,"5":0,"6":0,"7":1,"8":0,"9":2},"f":{"0":2,"1":0,"2":0,"3":0,"4":1,"5":0},"b":{"0":[0,0],"1":[0,0],"2":[0,0],"3":[0,0],"4":[1,1]},"meta":{"lastBranch":5,"lastFunction":6,"lastStatement":10,"seen":{"s:12:28:12:Infinity":0,"f:14:9:14:31":0,"s:15:25:15:Infinity":1,"s:17:2:54:Infinity":2,"f:19:4:19:9":1,"s:21:8:27:Infinity":3,"b:22:12:22:Infinity:23:12:27:Infinity":0,"b:26:24:26:44:26:44:26:Infinity":1,"s:28:6:28:Infinity":4,"f:30:4:30:12":2,"s:31:6:35:Infinity":5,"b:34:18:34:30:34:30:34:Infinity":2,"f:37:4:37:12":3,"s:38:6:42:Infinity":6,"b:41:18:41:30:41:30:41:Infinity":3,"f:44:4:44:10":4,"s:45:6:49:Infinity":7,"b:48:18:48:30:48:30:48:Infinity":4,"f:51:4:51:17":5,"s:52:6:52:Infinity":8,"s:57:29:57:Infinity":9}}}
}
