{"/Users/javierlazarocastellondorta/Documents/JAVIER/WORK/LiRAYS/SOFT/LiRAYS-Scada/frontend/src/lib/core/theme/theme-utils.ts": {"path":"/Users/javierlazarocastellondorta/Documents/JAVIER/WORK/LiRAYS/SOFT/LiRAYS-Scada/frontend/src/lib/core/theme/theme-utils.ts","statementMap":{"0":{"start":{"line":4,"column":17},"end":{"line":4,"column":null}},"1":{"start":{"line":5,"column":2},"end":{"line":5,"column":null}}},"fnMap":{"0":{"name":"createThemeVars","decl":{"start":{"line":3,"column":16},"end":{"line":3,"column":32}},"loc":{"start":{"line":3,"column":58},"end":{"line":6,"column":null}},"line":3}},"branchMap":{"0":{"loc":{"start":{"line":5,"column":21},"end":{"line":5,"column":51}},"type":"cond-expr","locations":[{"start":{"line":5,"column":30},"end":{"line":5,"column":42}},{"start":{"line":5,"column":42},"end":{"line":5,"column":51}}],"line":5},"1":{"loc":{"start":{"line":5,"column":66},"end":{"line":5,"column":96}},"type":"cond-expr","locations":[{"start":{"line":5,"column":75},"end":{"line":5,"column":87}},{"start":{"line":5,"column":87},"end":{"line":5,"column":96}}],"line":5},"2":{"loc":{"start":{"line":5,"column":111},"end":{"line":5,"column":141}},"type":"cond-expr","locations":[{"start":{"line":5,"column":120},"end":{"line":5,"column":132}},{"start":{"line":5,"column":132},"end":{"line":5,"column":141}}],"line":5},"3":{"loc":{"start":{"line":5,"column":156},"end":{"line":5,"column":186}},"type":"cond-expr","locations":[{"start":{"line":5,"column":165},"end":{"line":5,"column":177}},{"start":{"line":5,"column":177},"end":{"line":5,"column":186}}],"line":5},"4":{"loc":{"start":{"line":5,"column":204},"end":{"line":5,"column":234}},"type":"cond-expr","locations":[{"start":{"line":5,"column":213},"end":{"line":5,"column":225}},{"start":{"line":5,"column":225},"end":{"line":5,"column":234}}],"line":5},"5":{"loc":{"start":{"line":5,"column":253},"end":{"line":5,"column":283}},"type":"cond-expr","locations":[{"start":{"line":5,"column":262},"end":{"line":5,"column":274}},{"start":{"line":5,"column":274},"end":{"line":5,"column":283}}],"line":5},"6":{"loc":{"start":{"line":5,"column":304},"end":{"line":5,"column":334}},"type":"cond-expr","locations":[{"start":{"line":5,"column":313},"end":{"line":5,"column":325}},{"start":{"line":5,"column":325},"end":{"line":5,"column":334}}],"line":5},"7":{"loc":{"start":{"line":5,"column":351},"end":{"line":5,"column":381}},"type":"cond-expr","locations":[{"start":{"line":5,"column":360},"end":{"line":5,"column":372}},{"start":{"line":5,"column":372},"end":{"line":5,"column":381}}],"line":5}},"s":{"0":3,"1":3},"f":{"0":3},"b":{"0":[1,2],"1":[1,2],"2":[1,2],"3":[1,2],"4":[1,2],"5":[1,2],"6":[1,2],"7":[1,2]},"meta":{"lastBranch":8,"lastFunction":1,"lastStatement":2,"seen":{"f:3:16:3:32":0,"s:4:17:4:Infinity":0,"s:5:2:5:Infinity":1,"b:5:30:5:42:5:42:5:51":0,"b:5:75:5:87:5:87:5:96":1,"b:5:120:5:132:5:132:5:141":2,"b:5:165:5:177:5:177:5:186":3,"b:5:213:5:225:5:225:5:234":4,"b:5:262:5:274:5:274:5:283":5,"b:5:313:5:325:5:325:5:334":6,"b:5:360:5:372:5:372:5:381":7}}}
,"/Users/javierlazarocastellondorta/Documents/JAVIER/WORK/LiRAYS/SOFT/LiRAYS-Scada/frontend/src/lib/core/ws/command-ws-client.ts": {"path":"/Users/javierlazarocastellondorta/Documents/JAVIER/WORK/LiRAYS/SOFT/LiRAYS-Scada/frontend/src/lib/core/ws/command-ws-client.ts","statementMap":{"0":{"start":{"line":13,"column":2},"end":{"line":13,"column":null}},"1":{"start":{"line":17,"column":12},"end":{"line":17,"column":null}},"2":{"start":{"line":18,"column":2},"end":{"line":18,"column":null}},"3":{"start":{"line":18,"column":21},"end":{"line":18,"column":null}},"4":{"start":{"line":19,"column":2},"end":{"line":19,"column":null}},"5":{"start":{"line":19,"column":38},"end":{"line":19,"column":null}},"6":{"start":{"line":20,"column":2},"end":{"line":20,"column":null}},"7":{"start":{"line":20,"column":38},"end":{"line":20,"column":null}},"8":{"start":{"line":21,"column":2},"end":{"line":21,"column":null}},"9":{"start":{"line":21,"column":39},"end":{"line":21,"column":null}},"10":{"start":{"line":22,"column":2},"end":{"line":22,"column":null}},"11":{"start":{"line":26,"column":2},"end":{"line":33,"column":null}},"12":{"start":{"line":46,"column":2},"end":{"line":46,"column":null}},"13":{"start":{"line":52,"column":2},"end":{"line":52,"column":null}},"14":{"start":{"line":52,"column":29},"end":{"line":52,"column":null}},"15":{"start":{"line":53,"column":2},"end":{"line":53,"column":null}},"16":{"start":{"line":57,"column":2},"end":{"line":57,"column":null}},"17":{"start":{"line":57,"column":27},"end":{"line":57,"column":null}},"18":{"start":{"line":58,"column":2},"end":{"line":58,"column":null}},"19":{"start":{"line":58,"column":59},"end":{"line":58,"column":null}},"20":{"start":{"line":59,"column":2},"end":{"line":59,"column":null}},"21":{"start":{"line":63,"column":2},"end":{"line":63,"column":null}},"22":{"start":{"line":63,"column":27},"end":{"line":63,"column":null}},"23":{"start":{"line":64,"column":2},"end":{"line":64,"column":null}},"24":{"start":{"line":64,"column":33},"end":{"line":64,"column":null}},"25":{"start":{"line":65,"column":2},"end":{"line":65,"column":null}},"26":{"start":{"line":69,"column":2},"end":{"line":69,"column":null}},"27":{"start":{"line":69,"column":27},"end":{"line":69,"column":null}},"28":{"start":{"line":70,"column":2},"end":{"line":77,"column":null}},"29":{"start":{"line":72,"column":27},"end":{"line":72,"column":51}},"30":{"start":{"line":74,"column":4},"end":{"line":76,"column":null}},"31":{"start":{"line":78,"column":2},"end":{"line":78,"column":null}},"32":{"start":{"line":82,"column":2},"end":{"line":84,"column":null}},"33":{"start":{"line":83,"column":4},"end":{"line":83,"column":null}},"34":{"start":{"line":85,"column":2},"end":{"line":87,"column":null}},"35":{"start":{"line":86,"column":4},"end":{"line":86,"column":null}},"36":{"start":{"line":88,"column":2},"end":{"line":90,"column":null}},"37":{"start":{"line":89,"column":4},"end":{"line":89,"column":null}},"38":{"start":{"line":91,"column":2},"end":{"line":91,"column":null}},"39":{"start":{"line":97,"column":2},"end":{"line":99,"column":null}},"40":{"start":{"line":98,"column":4},"end":{"line":98,"column":null}},"41":{"start":{"line":100,"column":2},"end":{"line":102,"column":null}},"42":{"start":{"line":101,"column":4},"end":{"line":101,"column":null}},"43":{"start":{"line":103,"column":2},"end":{"line":105,"column":null}},"44":{"start":{"line":104,"column":4},"end":{"line":104,"column":null}},"45":{"start":{"line":106,"column":2},"end":{"line":108,"column":null}},"46":{"start":{"line":107,"column":4},"end":{"line":107,"column":null}},"47":{"start":{"line":109,"column":2},"end":{"line":111,"column":null}},"48":{"start":{"line":110,"column":4},"end":{"line":110,"column":null}},"49":{"start":{"line":112,"column":2},"end":{"line":112,"column":null}},"50":{"start":{"line":122,"column":2},"end":{"line":130,"column":null}},"51":{"start":{"line":141,"column":2},"end":{"line":150,"column":null}},"52":{"start":{"line":161,"column":2},"end":{"line":170,"column":null}},"53":{"start":{"line":177,"column":2},"end":{"line":177,"column":null}},"54":{"start":{"line":185,"column":2},"end":{"line":193,"column":null}},"55":{"start":{"line":200,"column":2},"end":{"line":208,"column":null}},"56":{"start":{"line":216,"column":2},"end":{"line":225,"column":null}},"57":{"start":{"line":232,"column":2},"end":{"line":240,"column":null}},"58":{"start":{"line":247,"column":50},"end":{"line":247,"column":null}},"59":{"start":{"line":248,"column":2},"end":{"line":250,"column":null}},"60":{"start":{"line":249,"column":4},"end":{"line":249,"column":null}},"61":{"start":{"line":251,"column":2},"end":{"line":251,"column":null}},"62":{"start":{"line":255,"column":2},"end":{"line":257,"column":null}},"63":{"start":{"line":256,"column":4},"end":{"line":256,"column":null}},"64":{"start":{"line":258,"column":2},"end":{"line":269,"column":null}},"65":{"start":{"line":259,"column":4},"end":{"line":268,"column":null}},"66":{"start":{"line":270,"column":2},"end":{"line":276,"column":null}},"67":{"start":{"line":271,"column":55},"end":{"line":271,"column":null}},"68":{"start":{"line":272,"column":4},"end":{"line":274,"column":null}},"69":{"start":{"line":273,"column":6},"end":{"line":273,"column":null}},"70":{"start":{"line":275,"column":4},"end":{"line":275,"column":null}},"71":{"start":{"line":277,"column":2},"end":{"line":279,"column":null}},"72":{"start":{"line":287,"column":2},"end":{"line":296,"column":null}},"73":{"start":{"line":311,"column":2},"end":{"line":320,"column":null}},"74":{"start":{"line":334,"column":2},"end":{"line":347,"column":null}}},"fnMap":{"0":{"name":"createCommandId","decl":{"start":{"line":12,"column":16},"end":{"line":12,"column":32}},"loc":{"start":{"line":12,"column":56},"end":{"line":14,"column":null}},"line":12},"1":{"name":"stringToVarType","decl":{"start":{"line":16,"column":9},"end":{"line":16,"column":25}},"loc":{"start":{"line":16,"column":49},"end":{"line":23,"column":null}},"line":16},"2":{"name":"buildNamespaceVariable","decl":{"start":{"line":25,"column":9},"end":{"line":25,"column":32}},"loc":{"start":{"line":25,"column":43},"end":{"line":34,"column":null}},"line":25},"3":{"name":"isPlainObject","decl":{"start":{"line":45,"column":9},"end":{"line":45,"column":23}},"loc":{"start":{"line":45,"column":73},"end":{"line":47,"column":null}},"line":45},"4":{"name":"isNamespaceVariableSpec","decl":{"start":{"line":49,"column":9},"end":{"line":49,"column":null}},"loc":{"start":{"line":51,"column":34},"end":{"line":54,"column":null}},"line":51},"5":{"name":"toOptionalNumber","decl":{"start":{"line":56,"column":9},"end":{"line":56,"column":26}},"loc":{"start":{"line":56,"column":77},"end":{"line":60,"column":null}},"line":56},"6":{"name":"toOptionalString","decl":{"start":{"line":62,"column":9},"end":{"line":62,"column":26}},"loc":{"start":{"line":62,"column":77},"end":{"line":66,"column":null}},"line":62},"7":{"name":"toStringArray","decl":{"start":{"line":68,"column":9},"end":{"line":68,"column":23}},"loc":{"start":{"line":68,"column":64},"end":{"line":79,"column":null}},"line":68},"8":{"name":"(anonymous_8)","decl":{"start":{"line":72,"column":17},"end":{"line":72,"column":18}},"loc":{"start":{"line":72,"column":27},"end":{"line":72,"column":51}},"line":72},"9":{"name":"toBackendValue","decl":{"start":{"line":81,"column":16},"end":{"line":81,"column":31}},"loc":{"start":{"line":81,"column":61},"end":{"line":92,"column":null}},"line":81},"10":{"name":"fromBackendValue","decl":{"start":{"line":94,"column":16},"end":{"line":94,"column":null}},"loc":{"start":{"line":96,"column":30},"end":{"line":113,"column":null}},"line":96},"11":{"name":"createGetCommand","decl":{"start":{"line":115,"column":16},"end":{"line":115,"column":null}},"loc":{"start":{"line":121,"column":2},"end":{"line":131,"column":null}},"line":121},"12":{"name":"createSubscribeCommand","decl":{"start":{"line":133,"column":16},"end":{"line":133,"column":null}},"loc":{"start":{"line":140,"column":2},"end":{"line":151,"column":null}},"line":140},"13":{"name":"createUnsubscribeCommand","decl":{"start":{"line":153,"column":16},"end":{"line":153,"column":null}},"loc":{"start":{"line":160,"column":2},"end":{"line":171,"column":null}},"line":160},"14":{"name":"createTreeChangeSubscribeCommand","decl":{"start":{"line":174,"column":16},"end":{"line":174,"column":null}},"loc":{"start":{"line":176,"column":39},"end":{"line":178,"column":null}},"line":176},"15":{"name":"createSetCommand","decl":{"start":{"line":180,"column":16},"end":{"line":180,"column":null}},"loc":{"start":{"line":184,"column":39},"end":{"line":194,"column":null}},"line":184},"16":{"name":"createListCommand","decl":{"start":{"line":196,"column":16},"end":{"line":196,"column":null}},"loc":{"start":{"line":199,"column":39},"end":{"line":209,"column":null}},"line":199},"17":{"name":"createAddCommand","decl":{"start":{"line":211,"column":16},"end":{"line":211,"column":null}},"loc":{"start":{"line":215,"column":39},"end":{"line":226,"column":null}},"line":215},"18":{"name":"createDelCommand","decl":{"start":{"line":228,"column":16},"end":{"line":228,"column":null}},"loc":{"start":{"line":231,"column":39},"end":{"line":241,"column":null}},"line":231},"19":{"name":"namespaceJsonToSchema","decl":{"start":{"line":244,"column":16},"end":{"line":244,"column":null}},"loc":{"start":{"line":246,"column":19},"end":{"line":252,"column":null}},"line":246},"20":{"name":"nodeFromJson","decl":{"start":{"line":254,"column":9},"end":{"line":254,"column":22}},"loc":{"start":{"line":254,"column":51},"end":{"line":280,"column":null}},"line":254},"21":{"name":"createAddBulkCommand","decl":{"start":{"line":282,"column":16},"end":{"line":282,"column":null}},"loc":{"start":{"line":286,"column":39},"end":{"line":297,"column":null}},"line":286},"22":{"name":"createSingleItemMeta","decl":{"start":{"line":299,"column":16},"end":{"line":299,"column":null}},"loc":{"start":{"line":310,"column":12},"end":{"line":321,"column":null}},"line":310},"23":{"name":"createEditMetaCommand","decl":{"start":{"line":323,"column":16},"end":{"line":323,"column":null}},"loc":{"start":{"line":333,"column":39},"end":{"line":348,"column":null}},"line":333}},"branchMap":{"0":{"loc":{"start":{"line":18,"column":2},"end":{"line":18,"column":null}},"type":"if","locations":[{"start":{"line":18,"column":2},"end":{"line":18,"column":null}},{"start":{},"end":{}}],"line":18},"1":{"loc":{"start":{"line":19,"column":2},"end":{"line":19,"column":null}},"type":"if","locations":[{"start":{"line":19,"column":2},"end":{"line":19,"column":null}},{"start":{},"end":{}}],"line":19},"2":{"loc":{"start":{"line":19,"column":6},"end":{"line":19,"column":38}},"type":"binary-expr","locations":[{"start":{"line":19,"column":6},"end":{"line":19,"column":25}},{"start":{"line":19,"column":25},"end":{"line":19,"column":38}}],"line":19},"3":{"loc":{"start":{"line":20,"column":2},"end":{"line":20,"column":null}},"type":"if","locations":[{"start":{"line":20,"column":2},"end":{"line":20,"column":null}},{"start":{},"end":{}}],"line":20},"4":{"loc":{"start":{"line":20,"column":6},"end":{"line":20,"column":38}},"type":"binary-expr","locations":[{"start":{"line":20,"column":6},"end":{"line":20,"column":22}},{"start":{"line":20,"column":22},"end":{"line":20,"column":38}}],"line":20},"5":{"loc":{"start":{"line":21,"column":2},"end":{"line":21,"column":null}},"type":"if","locations":[{"start":{"line":21,"column":2},"end":{"line":21,"column":null}},{"start":{},"end":{}}],"line":21},"6":{"loc":{"start":{"line":21,"column":6},"end":{"line":21,"column":39}},"type":"binary-expr","locations":[{"start":{"line":21,"column":6},"end":{"line":21,"column":25}},{"start":{"line":21,"column":25},"end":{"line":21,"column":39}}],"line":21},"7":{"loc":{"start":{"line":46,"column":9},"end":{"line":46,"column":null}},"type":"binary-expr","locations":[{"start":{"line":46,"column":9},"end":{"line":46,"column":27}},{"start":{"line":46,"column":27},"end":{"line":46,"column":56}},{"start":{"line":46,"column":56},"end":{"line":46,"column":null}}],"line":46},"8":{"loc":{"start":{"line":52,"column":2},"end":{"line":52,"column":null}},"type":"if","locations":[{"start":{"line":52,"column":2},"end":{"line":52,"column":null}},{"start":{},"end":{}}],"line":52},"9":{"loc":{"start":{"line":57,"column":2},"end":{"line":57,"column":null}},"type":"if","locations":[{"start":{"line":57,"column":2},"end":{"line":57,"column":null}},{"start":{},"end":{}}],"line":57},"10":{"loc":{"start":{"line":58,"column":2},"end":{"line":58,"column":null}},"type":"if","locations":[{"start":{"line":58,"column":2},"end":{"line":58,"column":null}},{"start":{},"end":{}}],"line":58},"11":{"loc":{"start":{"line":58,"column":6},"end":{"line":58,"column":59}},"type":"binary-expr","locations":[{"start":{"line":58,"column":6},"end":{"line":58,"column":35}},{"start":{"line":58,"column":35},"end":{"line":58,"column":59}}],"line":58},"12":{"loc":{"start":{"line":63,"column":2},"end":{"line":63,"column":null}},"type":"if","locations":[{"start":{"line":63,"column":2},"end":{"line":63,"column":null}},{"start":{},"end":{}}],"line":63},"13":{"loc":{"start":{"line":64,"column":2},"end":{"line":64,"column":null}},"type":"if","locations":[{"start":{"line":64,"column":2},"end":{"line":64,"column":null}},{"start":{},"end":{}}],"line":64},"14":{"loc":{"start":{"line":69,"column":2},"end":{"line":69,"column":null}},"type":"if","locations":[{"start":{"line":69,"column":2},"end":{"line":69,"column":null}},{"start":{},"end":{}}],"line":69},"15":{"loc":{"start":{"line":70,"column":2},"end":{"line":77,"column":null}},"type":"if","locations":[{"start":{"line":70,"column":2},"end":{"line":77,"column":null}},{"start":{},"end":{}}],"line":70},"16":{"loc":{"start":{"line":71,"column":4},"end":{"line":72,"column":null}},"type":"binary-expr","locations":[{"start":{"line":71,"column":4},"end":{"line":71,"column":null}},{"start":{"line":72,"column":4},"end":{"line":72,"column":null}}],"line":71},"17":{"loc":{"start":{"line":82,"column":2},"end":{"line":84,"column":null}},"type":"if","locations":[{"start":{"line":82,"column":2},"end":{"line":84,"column":null}},{"start":{},"end":{}}],"line":82},"18":{"loc":{"start":{"line":85,"column":2},"end":{"line":87,"column":null}},"type":"if","locations":[{"start":{"line":85,"column":2},"end":{"line":87,"column":null}},{"start":{},"end":{}}],"line":85},"19":{"loc":{"start":{"line":88,"column":2},"end":{"line":90,"column":null}},"type":"if","locations":[{"start":{"line":88,"column":2},"end":{"line":90,"column":null}},{"start":{},"end":{}}],"line":88},"20":{"loc":{"start":{"line":97,"column":2},"end":{"line":99,"column":null}},"type":"if","locations":[{"start":{"line":97,"column":2},"end":{"line":99,"column":null}},{"start":{},"end":{}}],"line":97},"21":{"loc":{"start":{"line":100,"column":2},"end":{"line":102,"column":null}},"type":"if","locations":[{"start":{"line":100,"column":2},"end":{"line":102,"column":null}},{"start":{},"end":{}}],"line":100},"22":{"loc":{"start":{"line":103,"column":2},"end":{"line":105,"column":null}},"type":"if","locations":[{"start":{"line":103,"column":2},"end":{"line":105,"column":null}},{"start":{},"end":{}}],"line":103},"23":{"loc":{"start":{"line":106,"column":2},"end":{"line":108,"column":null}},"type":"if","locations":[{"start":{"line":106,"column":2},"end":{"line":108,"column":null}},{"start":{},"end":{}}],"line":106},"24":{"loc":{"start":{"line":109,"column":2},"end":{"line":111,"column":null}},"type":"if","locations":[{"start":{"line":109,"column":2},"end":{"line":111,"column":null}},{"start":{},"end":{}}],"line":109},"25":{"loc":{"start":{"line":117,"column":2},"end":{"line":117,"column":null}},"type":"default-arg","locations":[{"start":{"line":117,"column":10},"end":{"line":117,"column":null}}],"line":117},"26":{"loc":{"start":{"line":136,"column":2},"end":{"line":136,"column":null}},"type":"default-arg","locations":[{"start":{"line":136,"column":10},"end":{"line":136,"column":null}}],"line":136},"27":{"loc":{"start":{"line":156,"column":2},"end":{"line":156,"column":null}},"type":"default-arg","locations":[{"start":{"line":156,"column":10},"end":{"line":156,"column":null}}],"line":156},"28":{"loc":{"start":{"line":175,"column":2},"end":{"line":175,"column":null}},"type":"default-arg","locations":[{"start":{"line":175,"column":10},"end":{"line":175,"column":null}}],"line":175},"29":{"loc":{"start":{"line":183,"column":2},"end":{"line":183,"column":null}},"type":"default-arg","locations":[{"start":{"line":183,"column":10},"end":{"line":183,"column":null}}],"line":183},"30":{"loc":{"start":{"line":198,"column":2},"end":{"line":198,"column":null}},"type":"default-arg","locations":[{"start":{"line":198,"column":10},"end":{"line":198,"column":null}}],"line":198},"31":{"loc":{"start":{"line":214,"column":2},"end":{"line":214,"column":null}},"type":"default-arg","locations":[{"start":{"line":214,"column":10},"end":{"line":214,"column":null}}],"line":214},"32":{"loc":{"start":{"line":230,"column":2},"end":{"line":230,"column":null}},"type":"default-arg","locations":[{"start":{"line":230,"column":10},"end":{"line":230,"column":null}}],"line":230},"33":{"loc":{"start":{"line":255,"column":2},"end":{"line":257,"column":null}},"type":"if","locations":[{"start":{"line":255,"column":2},"end":{"line":257,"column":null}},{"start":{},"end":{}}],"line":255},"34":{"loc":{"start":{"line":258,"column":2},"end":{"line":269,"column":null}},"type":"if","locations":[{"start":{"line":258,"column":2},"end":{"line":269,"column":null}},{"start":{},"end":{}}],"line":258},"35":{"loc":{"start":{"line":270,"column":2},"end":{"line":276,"column":null}},"type":"if","locations":[{"start":{"line":270,"column":2},"end":{"line":276,"column":null}},{"start":{},"end":{}}],"line":270},"36":{"loc":{"start":{"line":285,"column":2},"end":{"line":285,"column":null}},"type":"default-arg","locations":[{"start":{"line":285,"column":10},"end":{"line":285,"column":null}}],"line":285},"37":{"loc":{"start":{"line":318,"column":13},"end":{"line":318,"column":null}},"type":"binary-expr","locations":[{"start":{"line":318,"column":13},"end":{"line":318,"column":30}},{"start":{"line":318,"column":30},"end":{"line":318,"column":null}}],"line":318},"38":{"loc":{"start":{"line":332,"column":2},"end":{"line":332,"column":null}},"type":"default-arg","locations":[{"start":{"line":332,"column":10},"end":{"line":332,"column":null}}],"line":332},"39":{"loc":{"start":{"line":343,"column":17},"end":{"line":343,"column":null}},"type":"binary-expr","locations":[{"start":{"line":343,"column":17},"end":{"line":343,"column":33}},{"start":{"line":343,"column":33},"end":{"line":343,"column":null}}],"line":343}},"s":{"0":30,"1":7,"2":7,"3":6,"4":1,"5":0,"6":1,"7":1,"8":0,"9":0,"10":0,"11":4,"12":11,"13":7,"14":1,"15":6,"16":7,"17":3,"18":4,"19":3,"20":1,"21":3,"22":2,"23":1,"24":1,"25":0,"26":2,"27":1,"28":1,"29":2,"30":0,"31":1,"32":6,"33":1,"34":5,"35":1,"36":4,"37":3,"38":1,"39":9,"40":2,"41":7,"42":3,"43":4,"44":1,"45":3,"46":2,"47":1,"48":1,"49":0,"50":4,"51":13,"52":0,"53":10,"54":2,"55":4,"56":2,"57":1,"58":7,"59":7,"60":8,"61":5,"62":11,"63":4,"64":7,"65":3,"66":4,"67":3,"68":3,"69":3,"70":3,"71":1,"72":2,"73":3,"74":1},"f":{"0":30,"1":7,"2":4,"3":11,"4":7,"5":7,"6":3,"7":2,"8":2,"9":6,"10":9,"11":4,"12":13,"13":0,"14":10,"15":2,"16":4,"17":2,"18":1,"19":7,"20":11,"21":2,"22":3,"23":1},"b":{"0":[6,1],"1":[0,1],"2":[1,1],"3":[1,0],"4":[1,0],"5":[0,0],"6":[0,0],"7":[11,11,9],"8":[1,6],"9":[3,4],"10":[3,1],"11":[4,3],"12":[2,1],"13":[1,0],"14":[1,1],"15":[0,1],"16":[1,1],"17":[1,5],"18":[1,4],"19":[3,1],"20":[2,7],"21":[3,4],"22":[1,3],"23":[2,1],"24":[1,0],"25":[4],"26":[13],"27":[0],"28":[10],"29":[2],"30":[4],"31":[2],"32":[1],"33":[4,7],"34":[3,4],"35":[3,1],"36":[2],"37":[3,2],"38":[1],"39":[1,0]},"meta":{"lastBranch":40,"lastFunction":24,"lastStatement":75,"seen":{"f:12:16:12:32":0,"s:13:2:13:Infinity":0,"f:16:9:16:25":1,"s:17:12:17:Infinity":1,"b:18:2:18:Infinity:undefined:undefined:undefined:undefined":0,"s:18:2:18:Infinity":2,"s:18:21:18:Infinity":3,"b:19:2:19:Infinity:undefined:undefined:undefined:undefined":1,"s:19:2:19:Infinity":4,"b:19:6:19:25:19:25:19:38":2,"s:19:38:19:Infinity":5,"b:20:2:20:Infinity:undefined:undefined:undefined:undefined":3,"s:20:2:20:Infinity":6,"b:20:6:20:22:20:22:20:38":4,"s:20:38:20:Infinity":7,"b:21:2:21:Infinity:undefined:undefined:undefined:undefined":5,"s:21:2:21:Infinity":8,"b:21:6:21:25:21:25:21:39":6,"s:21:39:21:Infinity":9,"s:22:2:22:Infinity":10,"f:25:9:25:32":2,"s:26:2:33:Infinity":11,"f:45:9:45:23":3,"s:46:2:46:Infinity":12,"b:46:9:46:27:46:27:46:56:46:56:46:Infinity":7,"f:49:9:49:Infinity":4,"b:52:2:52:Infinity:undefined:undefined:undefined:undefined":8,"s:52:2:52:Infinity":13,"s:52:29:52:Infinity":14,"s:53:2:53:Infinity":15,"f:56:9:56:26":5,"b:57:2:57:Infinity:undefined:undefined:undefined:undefined":9,"s:57:2:57:Infinity":16,"s:57:27:57:Infinity":17,"b:58:2:58:Infinity:undefined:undefined:undefined:undefined":10,"s:58:2:58:Infinity":18,"b:58:6:58:35:58:35:58:59":11,"s:58:59:58:Infinity":19,"s:59:2:59:Infinity":20,"f:62:9:62:26":6,"b:63:2:63:Infinity:undefined:undefined:undefined:undefined":12,"s:63:2:63:Infinity":21,"s:63:27:63:Infinity":22,"b:64:2:64:Infinity:undefined:undefined:undefined:undefined":13,"s:64:2:64:Infinity":23,"s:64:33:64:Infinity":24,"s:65:2:65:Infinity":25,"f:68:9:68:23":7,"b:69:2:69:Infinity:undefined:undefined:undefined:undefined":14,"s:69:2:69:Infinity":26,"s:69:27:69:Infinity":27,"b:70:2:77:Infinity:undefined:undefined:undefined:undefined":15,"s:70:2:77:Infinity":28,"b:71:4:71:Infinity:72:4:72:Infinity":16,"f:72:17:72:18":8,"s:72:27:72:51":29,"s:74:4:76:Infinity":30,"s:78:2:78:Infinity":31,"f:81:16:81:31":9,"b:82:2:84:Infinity:undefined:undefined:undefined:undefined":17,"s:82:2:84:Infinity":32,"s:83:4:83:Infinity":33,"b:85:2:87:Infinity:undefined:undefined:undefined:undefined":18,"s:85:2:87:Infinity":34,"s:86:4:86:Infinity":35,"b:88:2:90:Infinity:undefined:undefined:undefined:undefined":19,"s:88:2:90:Infinity":36,"s:89:4:89:Infinity":37,"s:91:2:91:Infinity":38,"f:94:16:94:Infinity":10,"b:97:2:99:Infinity:undefined:undefined:undefined:undefined":20,"s:97:2:99:Infinity":39,"s:98:4:98:Infinity":40,"b:100:2:102:Infinity:undefined:undefined:undefined:undefined":21,"s:100:2:102:Infinity":41,"s:101:4:101:Infinity":42,"b:103:2:105:Infinity:undefined:undefined:undefined:undefined":22,"s:103:2:105:Infinity":43,"s:104:4:104:Infinity":44,"b:106:2:108:Infinity:undefined:undefined:undefined:undefined":23,"s:106:2:108:Infinity":45,"s:107:4:107:Infinity":46,"b:109:2:111:Infinity:undefined:undefined:undefined:undefined":24,"s:109:2:111:Infinity":47,"s:110:4:110:Infinity":48,"s:112:2:112:Infinity":49,"f:115:16:115:Infinity":11,"b:117:10:117:Infinity":25,"s:122:2:130:Infinity":50,"f:133:16:133:Infinity":12,"b:136:10:136:Infinity":26,"s:141:2:150:Infinity":51,"f:153:16:153:Infinity":13,"b:156:10:156:Infinity":27,"s:161:2:170:Infinity":52,"f:174:16:174:Infinity":14,"b:175:10:175:Infinity":28,"s:177:2:177:Infinity":53,"f:180:16:180:Infinity":15,"b:183:10:183:Infinity":29,"s:185:2:193:Infinity":54,"f:196:16:196:Infinity":16,"b:198:10:198:Infinity":30,"s:200:2:208:Infinity":55,"f:211:16:211:Infinity":17,"b:214:10:214:Infinity":31,"s:216:2:225:Infinity":56,"f:228:16:228:Infinity":18,"b:230:10:230:Infinity":32,"s:232:2:240:Infinity":57,"f:244:16:244:Infinity":19,"s:247:50:247:Infinity":58,"s:248:2:250:Infinity":59,"s:249:4:249:Infinity":60,"s:251:2:251:Infinity":61,"f:254:9:254:22":20,"b:255:2:257:Infinity:undefined:undefined:undefined:undefined":33,"s:255:2:257:Infinity":62,"s:256:4:256:Infinity":63,"b:258:2:269:Infinity:undefined:undefined:undefined:undefined":34,"s:258:2:269:Infinity":64,"s:259:4:268:Infinity":65,"b:270:2:276:Infinity:undefined:undefined:undefined:undefined":35,"s:270:2:276:Infinity":66,"s:271:55:271:Infinity":67,"s:272:4:274:Infinity":68,"s:273:6:273:Infinity":69,"s:275:4:275:Infinity":70,"s:277:2:279:Infinity":71,"f:282:16:282:Infinity":21,"b:285:10:285:Infinity":36,"s:287:2:296:Infinity":72,"f:299:16:299:Infinity":22,"s:311:2:320:Infinity":73,"b:318:13:318:30:318:30:318:Infinity":37,"f:323:16:323:Infinity":23,"b:332:10:332:Infinity":38,"s:334:2:347:Infinity":74,"b:343:17:343:33:343:33:343:Infinity":39}}}
,"/Users/javierlazarocastellondorta/Documents/JAVIER/WORK/LiRAYS/SOFT/LiRAYS-Scada/frontend/src/lib/core/ws/tag-stream-client.ts": {"path":"/Users/javierlazarocastellondorta/Documents/JAVIER/WORK/LiRAYS/SOFT/LiRAYS-Scada/frontend/src/lib/core/ws/tag-stream-client.ts","statementMap":{"0":{"start":{"line":38,"column":22},"end":{"line":38,"column":null}},"1":{"start":{"line":39,"column":21},"end":{"line":39,"column":null}},"2":{"start":{"line":41,"column":27},"end":{"line":41,"column":null}},"3":{"start":{"line":43,"column":29},"end":{"line":43,"column":null}},"4":{"start":{"line":64,"column":37},"end":{"line":64,"column":null}},"5":{"start":{"line":65,"column":65},"end":{"line":65,"column":null}},"6":{"start":{"line":66,"column":20},"end":{"line":66,"column":null}},"7":{"start":{"line":67,"column":20},"end":{"line":67,"column":null}},"8":{"start":{"line":68,"column":23},"end":{"line":68,"column":null}},"9":{"start":{"line":69,"column":23},"end":{"line":69,"column":null}},"10":{"start":{"line":70,"column":32},"end":{"line":70,"column":null}},"11":{"start":{"line":71,"column":21},"end":{"line":71,"column":null}},"12":{"start":{"line":72,"column":27},"end":{"line":72,"column":null}},"13":{"start":{"line":76,"column":7},"end":{"line":76,"column":null}},"14":{"start":{"line":78,"column":18},"end":{"line":80,"column":null}},"15":{"start":{"line":81,"column":18},"end":{"line":81,"column":null}},"16":{"start":{"line":83,"column":18},"end":{"line":83,"column":null}},"17":{"start":{"line":86,"column":4},"end":{"line":88,"column":null}},"18":{"start":{"line":87,"column":6},"end":{"line":87,"column":null}},"19":{"start":{"line":90,"column":4},"end":{"line":90,"column":null}},"20":{"start":{"line":91,"column":4},"end":{"line":91,"column":null}},"21":{"start":{"line":92,"column":4},"end":{"line":92,"column":null}},"22":{"start":{"line":93,"column":4},"end":{"line":96,"column":null}},"23":{"start":{"line":94,"column":6},"end":{"line":94,"column":null}},"24":{"start":{"line":95,"column":6},"end":{"line":95,"column":null}},"25":{"start":{"line":97,"column":4},"end":{"line":101,"column":null}},"26":{"start":{"line":98,"column":6},"end":{"line":98,"column":null}},"27":{"start":{"line":99,"column":6},"end":{"line":99,"column":null}},"28":{"start":{"line":100,"column":6},"end":{"line":100,"column":null}},"29":{"start":{"line":102,"column":4},"end":{"line":102,"column":null}},"30":{"start":{"line":106,"column":29},"end":{"line":106,"column":null}},"31":{"start":{"line":107,"column":4},"end":{"line":121,"column":null}},"32":{"start":{"line":113,"column":6},"end":{"line":120,"column":null}},"33":{"start":{"line":114,"column":24},"end":{"line":116,"column":null}},"34":{"start":{"line":117,"column":8},"end":{"line":117,"column":null}},"35":{"start":{"line":123,"column":4},"end":{"line":123,"column":null}},"36":{"start":{"line":124,"column":4},"end":{"line":124,"column":null}},"37":{"start":{"line":125,"column":4},"end":{"line":125,"column":null}},"38":{"start":{"line":126,"column":4},"end":{"line":126,"column":null}},"39":{"start":{"line":127,"column":4},"end":{"line":127,"column":null}},"40":{"start":{"line":128,"column":4},"end":{"line":128,"column":null}},"41":{"start":{"line":129,"column":4},"end":{"line":132,"column":null}},"42":{"start":{"line":130,"column":6},"end":{"line":130,"column":null}},"43":{"start":{"line":131,"column":6},"end":{"line":131,"column":null}},"44":{"start":{"line":136,"column":20},"end":{"line":136,"column":null}},"45":{"start":{"line":137,"column":4},"end":{"line":137,"column":null}},"46":{"start":{"line":139,"column":4},"end":{"line":142,"column":null}},"47":{"start":{"line":141,"column":6},"end":{"line":141,"column":null}},"48":{"start":{"line":144,"column":20},"end":{"line":144,"column":null}},"49":{"start":{"line":145,"column":34},"end":{"line":145,"column":null}},"50":{"start":{"line":146,"column":36},"end":{"line":146,"column":null}},"51":{"start":{"line":148,"column":4},"end":{"line":150,"column":null}},"52":{"start":{"line":149,"column":6},"end":{"line":149,"column":null}},"53":{"start":{"line":149,"column":28},"end":{"line":149,"column":null}},"54":{"start":{"line":151,"column":4},"end":{"line":153,"column":null}},"55":{"start":{"line":152,"column":6},"end":{"line":152,"column":null}},"56":{"start":{"line":152,"column":28},"end":{"line":152,"column":null}},"57":{"start":{"line":155,"column":4},"end":{"line":155,"column":null}},"58":{"start":{"line":156,"column":4},"end":{"line":156,"column":null}},"59":{"start":{"line":164,"column":4},"end":{"line":166,"column":null}},"60":{"start":{"line":165,"column":6},"end":{"line":165,"column":null}},"61":{"start":{"line":167,"column":4},"end":{"line":167,"column":null}},"62":{"start":{"line":168,"column":27},"end":{"line":168,"column":null}},"63":{"start":{"line":169,"column":4},"end":{"line":189,"column":null}},"64":{"start":{"line":170,"column":24},"end":{"line":174,"column":null}},"65":{"start":{"line":171,"column":8},"end":{"line":171,"column":null}},"66":{"start":{"line":172,"column":8},"end":{"line":172,"column":null}},"67":{"start":{"line":173,"column":8},"end":{"line":173,"column":null}},"68":{"start":{"line":175,"column":6},"end":{"line":180,"column":null}},"69":{"start":{"line":177,"column":23},"end":{"line":177,"column":null}},"70":{"start":{"line":181,"column":6},"end":{"line":188,"column":null}},"71":{"start":{"line":182,"column":8},"end":{"line":187,"column":null}},"72":{"start":{"line":196,"column":4},"end":{"line":196,"column":null}},"73":{"start":{"line":197,"column":27},"end":{"line":197,"column":null}},"74":{"start":{"line":198,"column":4},"end":{"line":218,"column":null}},"75":{"start":{"line":199,"column":24},"end":{"line":203,"column":null}},"76":{"start":{"line":200,"column":8},"end":{"line":200,"column":null}},"77":{"start":{"line":201,"column":8},"end":{"line":201,"column":null}},"78":{"start":{"line":202,"column":8},"end":{"line":202,"column":null}},"79":{"start":{"line":204,"column":6},"end":{"line":209,"column":null}},"80":{"start":{"line":206,"column":24},"end":{"line":206,"column":null}},"81":{"start":{"line":210,"column":6},"end":{"line":217,"column":null}},"82":{"start":{"line":211,"column":8},"end":{"line":216,"column":null}},"83":{"start":{"line":225,"column":16},"end":{"line":225,"column":null}},"84":{"start":{"line":226,"column":4},"end":{"line":228,"column":null}},"85":{"start":{"line":227,"column":6},"end":{"line":227,"column":null}},"86":{"start":{"line":230,"column":4},"end":{"line":230,"column":null}},"87":{"start":{"line":231,"column":27},"end":{"line":231,"column":null}},"88":{"start":{"line":232,"column":4},"end":{"line":266,"column":null}},"89":{"start":{"line":233,"column":24},"end":{"line":237,"column":null}},"90":{"start":{"line":234,"column":8},"end":{"line":234,"column":null}},"91":{"start":{"line":235,"column":8},"end":{"line":235,"column":null}},"92":{"start":{"line":236,"column":8},"end":{"line":236,"column":null}},"93":{"start":{"line":238,"column":6},"end":{"line":257,"column":null}},"94":{"start":{"line":241,"column":26},"end":{"line":241,"column":null}},"95":{"start":{"line":242,"column":57},"end":{"line":242,"column":null}},"96":{"start":{"line":243,"column":10},"end":{"line":252,"column":null}},"97":{"start":{"line":243,"column":27},"end":{"line":243,"column":30}},"98":{"start":{"line":244,"column":12},"end":{"line":246,"column":null}},"99":{"start":{"line":245,"column":14},"end":{"line":245,"column":null}},"100":{"start":{"line":247,"column":26},"end":{"line":247,"column":null}},"101":{"start":{"line":248,"column":18},"end":{"line":248,"column":null}},"102":{"start":{"line":249,"column":12},"end":{"line":251,"column":null}},"103":{"start":{"line":250,"column":14},"end":{"line":250,"column":null}},"104":{"start":{"line":253,"column":10},"end":{"line":253,"column":null}},"105":{"start":{"line":258,"column":6},"end":{"line":265,"column":null}},"106":{"start":{"line":259,"column":8},"end":{"line":264,"column":null}},"107":{"start":{"line":283,"column":4},"end":{"line":283,"column":null}},"108":{"start":{"line":284,"column":27},"end":{"line":291,"column":null}},"109":{"start":{"line":292,"column":4},"end":{"line":312,"column":null}},"110":{"start":{"line":293,"column":24},"end":{"line":297,"column":null}},"111":{"start":{"line":294,"column":8},"end":{"line":294,"column":null}},"112":{"start":{"line":295,"column":8},"end":{"line":295,"column":null}},"113":{"start":{"line":296,"column":8},"end":{"line":296,"column":null}},"114":{"start":{"line":298,"column":6},"end":{"line":303,"column":null}},"115":{"start":{"line":300,"column":23},"end":{"line":300,"column":null}},"116":{"start":{"line":304,"column":6},"end":{"line":311,"column":null}},"117":{"start":{"line":305,"column":8},"end":{"line":310,"column":null}},"118":{"start":{"line":326,"column":4},"end":{"line":326,"column":null}},"119":{"start":{"line":327,"column":27},"end":{"line":327,"column":null}},"120":{"start":{"line":328,"column":4},"end":{"line":348,"column":null}},"121":{"start":{"line":329,"column":24},"end":{"line":333,"column":null}},"122":{"start":{"line":330,"column":8},"end":{"line":330,"column":null}},"123":{"start":{"line":331,"column":8},"end":{"line":331,"column":null}},"124":{"start":{"line":332,"column":8},"end":{"line":332,"column":null}},"125":{"start":{"line":334,"column":6},"end":{"line":339,"column":null}},"126":{"start":{"line":336,"column":23},"end":{"line":336,"column":null}},"127":{"start":{"line":340,"column":6},"end":{"line":347,"column":null}},"128":{"start":{"line":341,"column":8},"end":{"line":346,"column":null}},"129":{"start":{"line":361,"column":4},"end":{"line":361,"column":null}},"130":{"start":{"line":362,"column":10},"end":{"line":362,"column":null}},"131":{"start":{"line":363,"column":27},"end":{"line":363,"column":null}},"132":{"start":{"line":364,"column":4},"end":{"line":384,"column":null}},"133":{"start":{"line":365,"column":24},"end":{"line":369,"column":null}},"134":{"start":{"line":366,"column":8},"end":{"line":366,"column":null}},"135":{"start":{"line":367,"column":8},"end":{"line":367,"column":null}},"136":{"start":{"line":368,"column":8},"end":{"line":368,"column":null}},"137":{"start":{"line":370,"column":6},"end":{"line":375,"column":null}},"138":{"start":{"line":372,"column":23},"end":{"line":372,"column":null}},"139":{"start":{"line":376,"column":6},"end":{"line":383,"column":null}},"140":{"start":{"line":377,"column":8},"end":{"line":382,"column":null}},"141":{"start":{"line":388,"column":4},"end":{"line":388,"column":null}},"142":{"start":{"line":389,"column":27},"end":{"line":389,"column":null}},"143":{"start":{"line":390,"column":4},"end":{"line":410,"column":null}},"144":{"start":{"line":391,"column":24},"end":{"line":395,"column":null}},"145":{"start":{"line":392,"column":8},"end":{"line":392,"column":null}},"146":{"start":{"line":393,"column":8},"end":{"line":393,"column":null}},"147":{"start":{"line":394,"column":8},"end":{"line":394,"column":null}},"148":{"start":{"line":396,"column":6},"end":{"line":401,"column":null}},"149":{"start":{"line":398,"column":23},"end":{"line":398,"column":null}},"150":{"start":{"line":402,"column":6},"end":{"line":409,"column":null}},"151":{"start":{"line":403,"column":8},"end":{"line":408,"column":null}},"152":{"start":{"line":414,"column":4},"end":{"line":416,"column":null}},"153":{"start":{"line":415,"column":6},"end":{"line":415,"column":null}},"154":{"start":{"line":417,"column":4},"end":{"line":419,"column":null}},"155":{"start":{"line":418,"column":6},"end":{"line":418,"column":null}},"156":{"start":{"line":420,"column":4},"end":{"line":422,"column":null}},"157":{"start":{"line":421,"column":6},"end":{"line":421,"column":null}},"158":{"start":{"line":423,"column":4},"end":{"line":428,"column":null}},"159":{"start":{"line":424,"column":6},"end":{"line":424,"column":null}},"160":{"start":{"line":425,"column":6},"end":{"line":427,"column":null}},"161":{"start":{"line":426,"column":8},"end":{"line":426,"column":null}},"162":{"start":{"line":432,"column":4},"end":{"line":434,"column":null}},"163":{"start":{"line":433,"column":6},"end":{"line":433,"column":null}},"164":{"start":{"line":435,"column":4},"end":{"line":435,"column":null}},"165":{"start":{"line":437,"column":4},"end":{"line":443,"column":null}},"166":{"start":{"line":438,"column":6},"end":{"line":442,"column":null}},"167":{"start":{"line":445,"column":4},"end":{"line":445,"column":null}},"168":{"start":{"line":446,"column":4},"end":{"line":446,"column":null}},"169":{"start":{"line":448,"column":4},"end":{"line":458,"column":null}},"170":{"start":{"line":449,"column":6},"end":{"line":449,"column":null}},"171":{"start":{"line":450,"column":6},"end":{"line":450,"column":null}},"172":{"start":{"line":451,"column":6},"end":{"line":453,"column":null}},"173":{"start":{"line":452,"column":8},"end":{"line":452,"column":null}},"174":{"start":{"line":454,"column":6},"end":{"line":454,"column":null}},"175":{"start":{"line":455,"column":6},"end":{"line":457,"column":null}},"176":{"start":{"line":456,"column":8},"end":{"line":456,"column":null}},"177":{"start":{"line":460,"column":4},"end":{"line":462,"column":null}},"178":{"start":{"line":461,"column":6},"end":{"line":461,"column":null}},"179":{"start":{"line":464,"column":4},"end":{"line":476,"column":null}},"180":{"start":{"line":465,"column":6},"end":{"line":465,"column":null}},"181":{"start":{"line":466,"column":6},"end":{"line":466,"column":null}},"182":{"start":{"line":467,"column":6},"end":{"line":467,"column":null}},"183":{"start":{"line":468,"column":6},"end":{"line":468,"column":null}},"184":{"start":{"line":469,"column":6},"end":{"line":474,"column":null}},"185":{"start":{"line":470,"column":8},"end":{"line":472,"column":null}},"186":{"start":{"line":471,"column":10},"end":{"line":471,"column":null}},"187":{"start":{"line":473,"column":8},"end":{"line":473,"column":null}},"188":{"start":{"line":475,"column":6},"end":{"line":475,"column":null}},"189":{"start":{"line":478,"column":4},"end":{"line":485,"column":null}},"190":{"start":{"line":479,"column":6},"end":{"line":481,"column":null}},"191":{"start":{"line":480,"column":8},"end":{"line":480,"column":null}},"192":{"start":{"line":482,"column":6},"end":{"line":484,"column":null}},"193":{"start":{"line":483,"column":8},"end":{"line":483,"column":null}},"194":{"start":{"line":489,"column":4},"end":{"line":489,"column":null}},"195":{"start":{"line":490,"column":18},"end":{"line":490,"column":null}},"196":{"start":{"line":491,"column":4},"end":{"line":491,"column":null}},"197":{"start":{"line":492,"column":4},"end":{"line":494,"column":null}},"198":{"start":{"line":493,"column":6},"end":{"line":493,"column":null}},"199":{"start":{"line":498,"column":4},"end":{"line":501,"column":null}},"200":{"start":{"line":499,"column":6},"end":{"line":499,"column":null}},"201":{"start":{"line":500,"column":6},"end":{"line":500,"column":null}},"202":{"start":{"line":505,"column":4},"end":{"line":507,"column":null}},"203":{"start":{"line":506,"column":6},"end":{"line":506,"column":null}},"204":{"start":{"line":508,"column":18},"end":{"line":508,"column":null}},"205":{"start":{"line":509,"column":4},"end":{"line":509,"column":null}},"206":{"start":{"line":510,"column":4},"end":{"line":510,"column":null}},"207":{"start":{"line":519,"column":4},"end":{"line":519,"column":null}},"208":{"start":{"line":520,"column":4},"end":{"line":520,"column":null}},"209":{"start":{"line":521,"column":4},"end":{"line":521,"column":null}},"210":{"start":{"line":525,"column":4},"end":{"line":525,"column":null}},"211":{"start":{"line":526,"column":4},"end":{"line":526,"column":null}},"212":{"start":{"line":531,"column":4},"end":{"line":533,"column":null}},"213":{"start":{"line":532,"column":6},"end":{"line":532,"column":null}},"214":{"start":{"line":534,"column":27},"end":{"line":534,"column":null}},"215":{"start":{"line":535,"column":4},"end":{"line":544,"column":null}},"216":{"start":{"line":539,"column":8},"end":{"line":539,"column":null}},"217":{"start":{"line":542,"column":8},"end":{"line":542,"column":null}},"218":{"start":{"line":545,"column":4},"end":{"line":552,"column":null}},"219":{"start":{"line":546,"column":22},"end":{"line":546,"column":null}},"220":{"start":{"line":547,"column":6},"end":{"line":551,"column":null}},"221":{"start":{"line":548,"column":8},"end":{"line":548,"column":null}},"222":{"start":{"line":549,"column":8},"end":{"line":549,"column":null}},"223":{"start":{"line":550,"column":8},"end":{"line":550,"column":null}},"224":{"start":{"line":556,"column":4},"end":{"line":556,"column":null}},"225":{"start":{"line":560,"column":4},"end":{"line":560,"column":null}},"226":{"start":{"line":560,"column":26},"end":{"line":560,"column":null}},"227":{"start":{"line":561,"column":4},"end":{"line":561,"column":null}},"228":{"start":{"line":562,"column":27},"end":{"line":564,"column":null}},"229":{"start":{"line":565,"column":4},"end":{"line":574,"column":null}},"230":{"start":{"line":569,"column":8},"end":{"line":569,"column":null}},"231":{"start":{"line":572,"column":8},"end":{"line":572,"column":null}},"232":{"start":{"line":575,"column":4},"end":{"line":583,"column":null}},"233":{"start":{"line":576,"column":22},"end":{"line":576,"column":null}},"234":{"start":{"line":577,"column":6},"end":{"line":581,"column":null}},"235":{"start":{"line":578,"column":8},"end":{"line":578,"column":null}},"236":{"start":{"line":579,"column":8},"end":{"line":579,"column":null}},"237":{"start":{"line":580,"column":8},"end":{"line":580,"column":null}},"238":{"start":{"line":582,"column":6},"end":{"line":582,"column":null}},"239":{"start":{"line":584,"column":4},"end":{"line":584,"column":null}},"240":{"start":{"line":588,"column":4},"end":{"line":588,"column":null}},"241":{"start":{"line":588,"column":26},"end":{"line":588,"column":null}},"242":{"start":{"line":589,"column":4},"end":{"line":589,"column":null}},"243":{"start":{"line":590,"column":27},"end":{"line":590,"column":null}},"244":{"start":{"line":591,"column":4},"end":{"line":602,"column":null}},"245":{"start":{"line":594,"column":8},"end":{"line":594,"column":null}},"246":{"start":{"line":597,"column":8},"end":{"line":597,"column":null}},"247":{"start":{"line":600,"column":8},"end":{"line":600,"column":null}},"248":{"start":{"line":603,"column":4},"end":{"line":610,"column":null}},"249":{"start":{"line":604,"column":22},"end":{"line":604,"column":null}},"250":{"start":{"line":605,"column":6},"end":{"line":609,"column":null}},"251":{"start":{"line":606,"column":8},"end":{"line":606,"column":null}},"252":{"start":{"line":607,"column":8},"end":{"line":607,"column":null}},"253":{"start":{"line":608,"column":8},"end":{"line":608,"column":null}},"254":{"start":{"line":614,"column":4},"end":{"line":616,"column":null}},"255":{"start":{"line":615,"column":6},"end":{"line":615,"column":null}},"256":{"start":{"line":617,"column":4},"end":{"line":635,"column":null}},"257":{"start":{"line":618,"column":19},"end":{"line":618,"column":null}},"258":{"start":{"line":619,"column":6},"end":{"line":633,"column":null}},"259":{"start":{"line":619,"column":23},"end":{"line":619,"column":26}},"260":{"start":{"line":620,"column":8},"end":{"line":622,"column":null}},"261":{"start":{"line":621,"column":10},"end":{"line":621,"column":null}},"262":{"start":{"line":623,"column":22},"end":{"line":623,"column":null}},"263":{"start":{"line":624,"column":8},"end":{"line":626,"column":null}},"264":{"start":{"line":625,"column":10},"end":{"line":625,"column":null}},"265":{"start":{"line":627,"column":14},"end":{"line":627,"column":null}},"266":{"start":{"line":628,"column":8},"end":{"line":632,"column":null}},"267":{"start":{"line":629,"column":10},"end":{"line":629,"column":null}},"268":{"start":{"line":631,"column":10},"end":{"line":631,"column":null}},"269":{"start":{"line":634,"column":6},"end":{"line":634,"column":null}},"270":{"start":{"line":639,"column":4},"end":{"line":639,"column":null}},"271":{"start":{"line":639,"column":26},"end":{"line":639,"column":null}},"272":{"start":{"line":640,"column":4},"end":{"line":640,"column":null}},"273":{"start":{"line":641,"column":27},"end":{"line":643,"column":null}},"274":{"start":{"line":644,"column":4},"end":{"line":653,"column":null}},"275":{"start":{"line":648,"column":8},"end":{"line":648,"column":null}},"276":{"start":{"line":651,"column":8},"end":{"line":651,"column":null}},"277":{"start":{"line":654,"column":4},"end":{"line":661,"column":null}},"278":{"start":{"line":655,"column":22},"end":{"line":655,"column":null}},"279":{"start":{"line":656,"column":6},"end":{"line":660,"column":null}},"280":{"start":{"line":657,"column":8},"end":{"line":657,"column":null}},"281":{"start":{"line":658,"column":8},"end":{"line":658,"column":null}},"282":{"start":{"line":659,"column":8},"end":{"line":659,"column":null}},"283":{"start":{"line":670,"column":20},"end":{"line":670,"column":null}},"284":{"start":{"line":671,"column":4},"end":{"line":671,"column":null}},"285":{"start":{"line":671,"column":18},"end":{"line":671,"column":null}},"286":{"start":{"line":672,"column":4},"end":{"line":672,"column":null}},"287":{"start":{"line":673,"column":4},"end":{"line":676,"column":null}},"288":{"start":{"line":674,"column":6},"end":{"line":674,"column":null}},"289":{"start":{"line":675,"column":6},"end":{"line":675,"column":null}},"290":{"start":{"line":680,"column":4},"end":{"line":691,"column":null}},"291":{"start":{"line":701,"column":4},"end":{"line":725,"column":null}},"292":{"start":{"line":702,"column":19},"end":{"line":702,"column":null}},"293":{"start":{"line":703,"column":6},"end":{"line":718,"column":null}},"294":{"start":{"line":704,"column":26},"end":{"line":704,"column":null}},"295":{"start":{"line":705,"column":8},"end":{"line":705,"column":null}},"296":{"start":{"line":705,"column":30},"end":{"line":705,"column":null}},"297":{"start":{"line":706,"column":8},"end":{"line":706,"column":null}},"298":{"start":{"line":706,"column":51},"end":{"line":706,"column":null}},"299":{"start":{"line":707,"column":14},"end":{"line":707,"column":null}},"300":{"start":{"line":708,"column":8},"end":{"line":716,"column":null}},"301":{"start":{"line":709,"column":23},"end":{"line":709,"column":null}},"302":{"start":{"line":710,"column":10},"end":{"line":714,"column":null}},"303":{"start":{"line":711,"column":12},"end":{"line":711,"column":null}},"304":{"start":{"line":713,"column":12},"end":{"line":713,"column":null}},"305":{"start":{"line":715,"column":10},"end":{"line":715,"column":null}},"306":{"start":{"line":717,"column":8},"end":{"line":717,"column":null}},"307":{"start":{"line":719,"column":6},"end":{"line":722,"column":null}},"308":{"start":{"line":720,"column":8},"end":{"line":720,"column":null}},"309":{"start":{"line":721,"column":8},"end":{"line":721,"column":null}},"310":{"start":{"line":726,"column":4},"end":{"line":726,"column":null}},"311":{"start":{"line":730,"column":4},"end":{"line":732,"column":null}},"312":{"start":{"line":731,"column":6},"end":{"line":731,"column":null}},"313":{"start":{"line":734,"column":18},"end":{"line":734,"column":null}},"314":{"start":{"line":736,"column":4},"end":{"line":807,"column":null}},"315":{"start":{"line":737,"column":22},"end":{"line":737,"column":null}},"316":{"start":{"line":739,"column":8},"end":{"line":748,"column":null}},"317":{"start":{"line":750,"column":6},"end":{"line":804,"column":null}},"318":{"start":{"line":751,"column":22},"end":{"line":751,"column":null}},"319":{"start":{"line":752,"column":29},"end":{"line":752,"column":null}},"320":{"start":{"line":753,"column":8},"end":{"line":755,"column":null}},"321":{"start":{"line":754,"column":10},"end":{"line":754,"column":null}},"322":{"start":{"line":757,"column":25},"end":{"line":757,"column":null}},"323":{"start":{"line":758,"column":23},"end":{"line":758,"column":null}},"324":{"start":{"line":761,"column":10},"end":{"line":763,"column":null}},"325":{"start":{"line":765,"column":10},"end":{"line":765,"column":null}},"326":{"start":{"line":767,"column":8},"end":{"line":781,"column":null}},"327":{"start":{"line":768,"column":26},"end":{"line":768,"column":null}},"328":{"start":{"line":770,"column":12},"end":{"line":773,"column":null}},"329":{"start":{"line":774,"column":10},"end":{"line":779,"column":null}},"330":{"start":{"line":775,"column":12},"end":{"line":775,"column":null}},"331":{"start":{"line":776,"column":12},"end":{"line":776,"column":null}},"332":{"start":{"line":777,"column":12},"end":{"line":777,"column":null}},"333":{"start":{"line":778,"column":12},"end":{"line":778,"column":null}},"334":{"start":{"line":780,"column":10},"end":{"line":780,"column":null}},"335":{"start":{"line":783,"column":8},"end":{"line":797,"column":null}},"336":{"start":{"line":784,"column":26},"end":{"line":784,"column":null}},"337":{"start":{"line":785,"column":10},"end":{"line":795,"column":null}},"338":{"start":{"line":786,"column":12},"end":{"line":786,"column":null}},"339":{"start":{"line":787,"column":12},"end":{"line":787,"column":null}},"340":{"start":{"line":788,"column":12},"end":{"line":794,"column":null}},"341":{"start":{"line":789,"column":14},"end":{"line":789,"column":null}},"342":{"start":{"line":790,"column":12},"end":{"line":794,"column":null}},"343":{"start":{"line":791,"column":14},"end":{"line":791,"column":null}},"344":{"start":{"line":793,"column":14},"end":{"line":793,"column":null}},"345":{"start":{"line":796,"column":10},"end":{"line":796,"column":null}},"346":{"start":{"line":800,"column":8},"end":{"line":802,"column":null}},"347":{"start":{"line":801,"column":10},"end":{"line":801,"column":null}},"348":{"start":{"line":803,"column":8},"end":{"line":803,"column":null}},"349":{"start":{"line":809,"column":4},"end":{"line":811,"column":null}},"350":{"start":{"line":810,"column":6},"end":{"line":810,"column":null}},"351":{"start":{"line":813,"column":4},"end":{"line":830,"column":null}},"352":{"start":{"line":815,"column":36},"end":{"line":815,"column":null}},"353":{"start":{"line":816,"column":6},"end":{"line":816,"column":null}},"354":{"start":{"line":816,"column":28},"end":{"line":816,"column":null}},"355":{"start":{"line":817,"column":6},"end":{"line":817,"column":null}},"356":{"start":{"line":817,"column":49},"end":{"line":817,"column":null}},"357":{"start":{"line":818,"column":12},"end":{"line":818,"column":null}},"358":{"start":{"line":819,"column":6},"end":{"line":827,"column":null}},"359":{"start":{"line":820,"column":21},"end":{"line":820,"column":null}},"360":{"start":{"line":821,"column":8},"end":{"line":825,"column":null}},"361":{"start":{"line":822,"column":10},"end":{"line":822,"column":null}},"362":{"start":{"line":824,"column":10},"end":{"line":824,"column":null}},"363":{"start":{"line":826,"column":8},"end":{"line":826,"column":null}},"364":{"start":{"line":834,"column":4},"end":{"line":836,"column":null}},"365":{"start":{"line":835,"column":6},"end":{"line":835,"column":null}},"366":{"start":{"line":837,"column":4},"end":{"line":837,"column":null}},"367":{"start":{"line":841,"column":4},"end":{"line":843,"column":null}},"368":{"start":{"line":842,"column":6},"end":{"line":842,"column":null}},"369":{"start":{"line":844,"column":4},"end":{"line":844,"column":null}},"370":{"start":{"line":848,"column":4},"end":{"line":851,"column":null}},"371":{"start":{"line":849,"column":6},"end":{"line":849,"column":null}},"372":{"start":{"line":850,"column":6},"end":{"line":850,"column":null}},"373":{"start":{"line":852,"column":4},"end":{"line":852,"column":null}},"374":{"start":{"line":856,"column":31},"end":{"line":856,"column":null}}},"fnMap":{"0":{"name":"(anonymous_0)","decl":{"start":{"line":85,"column":2},"end":{"line":85,"column":8}},"loc":{"start":{"line":85,"column":32},"end":{"line":103,"column":null}},"line":85},"1":{"name":"(anonymous_1)","decl":{"start":{"line":105,"column":2},"end":{"line":105,"column":15}},"loc":{"start":{"line":105,"column":15},"end":{"line":133,"column":null}},"line":105},"2":{"name":"(anonymous_2)","decl":{"start":{"line":135,"column":2},"end":{"line":135,"column":16}},"loc":{"start":{"line":135,"column":37},"end":{"line":157,"column":null}},"line":135},"3":{"name":"(anonymous_3)","decl":{"start":{"line":159,"column":8},"end":{"line":159,"column":null}},"loc":{"start":{"line":163,"column":19},"end":{"line":190,"column":null}},"line":163},"4":{"name":"(anonymous_4)","decl":{"start":{"line":169,"column":29},"end":{"line":169,"column":30}},"loc":{"start":{"line":169,"column":50},"end":{"line":189,"column":5}},"line":169},"5":{"name":"(anonymous_5)","decl":{"start":{"line":170,"column":35},"end":{"line":170,"column":41}},"loc":{"start":{"line":170,"column":41},"end":{"line":174,"column":9}},"line":170},"6":{"name":"(anonymous_6)","decl":{"start":{"line":177,"column":17},"end":{"line":177,"column":23}},"loc":{"start":{"line":177,"column":23},"end":{"line":177,"column":null}},"line":177},"7":{"name":"(anonymous_7)","decl":{"start":{"line":192,"column":8},"end":{"line":192,"column":null}},"loc":{"start":{"line":195,"column":27},"end":{"line":219,"column":null}},"line":195},"8":{"name":"(anonymous_8)","decl":{"start":{"line":198,"column":37},"end":{"line":198,"column":38}},"loc":{"start":{"line":198,"column":58},"end":{"line":218,"column":5}},"line":198},"9":{"name":"(anonymous_9)","decl":{"start":{"line":199,"column":35},"end":{"line":199,"column":41}},"loc":{"start":{"line":199,"column":41},"end":{"line":203,"column":9}},"line":199},"10":{"name":"(anonymous_10)","decl":{"start":{"line":206,"column":17},"end":{"line":206,"column":18}},"loc":{"start":{"line":206,"column":24},"end":{"line":206,"column":null}},"line":206},"11":{"name":"(anonymous_11)","decl":{"start":{"line":221,"column":8},"end":{"line":221,"column":null}},"loc":{"start":{"line":224,"column":45},"end":{"line":267,"column":null}},"line":224},"12":{"name":"(anonymous_12)","decl":{"start":{"line":232,"column":55},"end":{"line":232,"column":56}},"loc":{"start":{"line":232,"column":76},"end":{"line":266,"column":5}},"line":232},"13":{"name":"(anonymous_13)","decl":{"start":{"line":233,"column":35},"end":{"line":233,"column":41}},"loc":{"start":{"line":233,"column":41},"end":{"line":237,"column":9}},"line":233},"14":{"name":"(anonymous_14)","decl":{"start":{"line":240,"column":17},"end":{"line":240,"column":18}},"loc":{"start":{"line":240,"column":28},"end":{"line":254,"column":null}},"line":240},"15":{"name":"(anonymous_15)","decl":{"start":{"line":269,"column":8},"end":{"line":269,"column":null}},"loc":{"start":{"line":282,"column":23},"end":{"line":313,"column":null}},"line":282},"16":{"name":"(anonymous_16)","decl":{"start":{"line":292,"column":33},"end":{"line":292,"column":34}},"loc":{"start":{"line":292,"column":54},"end":{"line":312,"column":5}},"line":292},"17":{"name":"(anonymous_17)","decl":{"start":{"line":293,"column":35},"end":{"line":293,"column":41}},"loc":{"start":{"line":293,"column":41},"end":{"line":297,"column":9}},"line":293},"18":{"name":"(anonymous_18)","decl":{"start":{"line":300,"column":17},"end":{"line":300,"column":23}},"loc":{"start":{"line":300,"column":23},"end":{"line":300,"column":null}},"line":300},"19":{"name":"(anonymous_19)","decl":{"start":{"line":315,"column":8},"end":{"line":315,"column":null}},"loc":{"start":{"line":325,"column":19},"end":{"line":349,"column":null}},"line":325},"20":{"name":"(anonymous_20)","decl":{"start":{"line":328,"column":29},"end":{"line":328,"column":30}},"loc":{"start":{"line":328,"column":50},"end":{"line":348,"column":5}},"line":328},"21":{"name":"(anonymous_21)","decl":{"start":{"line":329,"column":35},"end":{"line":329,"column":41}},"loc":{"start":{"line":329,"column":41},"end":{"line":333,"column":9}},"line":329},"22":{"name":"(anonymous_22)","decl":{"start":{"line":336,"column":17},"end":{"line":336,"column":23}},"loc":{"start":{"line":336,"column":23},"end":{"line":336,"column":null}},"line":336},"23":{"name":"(anonymous_23)","decl":{"start":{"line":356,"column":8},"end":{"line":356,"column":null}},"loc":{"start":{"line":360,"column":19},"end":{"line":385,"column":null}},"line":360},"24":{"name":"(anonymous_24)","decl":{"start":{"line":364,"column":29},"end":{"line":364,"column":30}},"loc":{"start":{"line":364,"column":50},"end":{"line":384,"column":5}},"line":364},"25":{"name":"(anonymous_25)","decl":{"start":{"line":365,"column":35},"end":{"line":365,"column":41}},"loc":{"start":{"line":365,"column":41},"end":{"line":369,"column":9}},"line":365},"26":{"name":"(anonymous_26)","decl":{"start":{"line":372,"column":17},"end":{"line":372,"column":23}},"loc":{"start":{"line":372,"column":23},"end":{"line":372,"column":null}},"line":372},"27":{"name":"(anonymous_27)","decl":{"start":{"line":387,"column":8},"end":{"line":387,"column":20}},"loc":{"start":{"line":387,"column":73},"end":{"line":411,"column":null}},"line":387},"28":{"name":"(anonymous_28)","decl":{"start":{"line":390,"column":29},"end":{"line":390,"column":30}},"loc":{"start":{"line":390,"column":50},"end":{"line":410,"column":5}},"line":390},"29":{"name":"(anonymous_29)","decl":{"start":{"line":391,"column":35},"end":{"line":391,"column":41}},"loc":{"start":{"line":391,"column":41},"end":{"line":395,"column":9}},"line":391},"30":{"name":"(anonymous_30)","decl":{"start":{"line":398,"column":17},"end":{"line":398,"column":23}},"loc":{"start":{"line":398,"column":23},"end":{"line":398,"column":null}},"line":398},"31":{"name":"(anonymous_31)","decl":{"start":{"line":413,"column":16},"end":{"line":413,"column":32}},"loc":{"start":{"line":413,"column":66},"end":{"line":429,"column":null}},"line":413},"32":{"name":"(anonymous_32)","decl":{"start":{"line":423,"column":29},"end":{"line":423,"column":30}},"loc":{"start":{"line":423,"column":50},"end":{"line":428,"column":5}},"line":423},"33":{"name":"(anonymous_33)","decl":{"start":{"line":431,"column":10},"end":{"line":431,"column":18}},"loc":{"start":{"line":431,"column":42},"end":{"line":486,"column":null}},"line":431},"34":{"name":"(anonymous_34)","decl":{"start":{"line":448,"column":41},"end":{"line":448,"column":47}},"loc":{"start":{"line":448,"column":47},"end":{"line":458,"column":5}},"line":448},"35":{"name":"(anonymous_35)","decl":{"start":{"line":460,"column":44},"end":{"line":460,"column":45}},"loc":{"start":{"line":460,"column":55},"end":{"line":462,"column":5}},"line":460},"36":{"name":"(anonymous_36)","decl":{"start":{"line":464,"column":42},"end":{"line":464,"column":48}},"loc":{"start":{"line":464,"column":48},"end":{"line":476,"column":5}},"line":464},"37":{"name":"(anonymous_37)","decl":{"start":{"line":478,"column":42},"end":{"line":478,"column":48}},"loc":{"start":{"line":478,"column":48},"end":{"line":485,"column":5}},"line":478},"38":{"name":"(anonymous_38)","decl":{"start":{"line":488,"column":10},"end":{"line":488,"column":36}},"loc":{"start":{"line":488,"column":36},"end":{"line":495,"column":null}},"line":488},"39":{"name":"(anonymous_39)","decl":{"start":{"line":492,"column":37},"end":{"line":492,"column":43}},"loc":{"start":{"line":492,"column":43},"end":{"line":494,"column":7}},"line":492},"40":{"name":"(anonymous_40)","decl":{"start":{"line":497,"column":10},"end":{"line":497,"column":33}},"loc":{"start":{"line":497,"column":33},"end":{"line":502,"column":null}},"line":497},"41":{"name":"(anonymous_41)","decl":{"start":{"line":504,"column":10},"end":{"line":504,"column":15}},"loc":{"start":{"line":504,"column":42},"end":{"line":511,"column":null}},"line":504},"42":{"name":"(anonymous_42)","decl":{"start":{"line":513,"column":10},"end":{"line":513,"column":null}},"loc":{"start":{"line":518,"column":10},"end":{"line":522,"column":null}},"line":518},"43":{"name":"(anonymous_43)","decl":{"start":{"line":524,"column":10},"end":{"line":524,"column":45}},"loc":{"start":{"line":524,"column":45},"end":{"line":527,"column":null}},"line":524},"44":{"name":"(anonymous_44)","decl":{"start":{"line":530,"column":10},"end":{"line":530,"column":42}},"loc":{"start":{"line":530,"column":42},"end":{"line":553,"column":null}},"line":530},"45":{"name":"(anonymous_45)","decl":{"start":{"line":537,"column":15},"end":{"line":537,"column":21}},"loc":{"start":{"line":537,"column":21},"end":{"line":537,"column":null}},"line":537},"46":{"name":"(anonymous_46)","decl":{"start":{"line":538,"column":14},"end":{"line":538,"column":20}},"loc":{"start":{"line":538,"column":20},"end":{"line":540,"column":null}},"line":538},"47":{"name":"(anonymous_47)","decl":{"start":{"line":541,"column":28},"end":{"line":541,"column":34}},"loc":{"start":{"line":541,"column":34},"end":{"line":543,"column":9}},"line":541},"48":{"name":"(anonymous_48)","decl":{"start":{"line":555,"column":10},"end":{"line":555,"column":41}},"loc":{"start":{"line":555,"column":41},"end":{"line":557,"column":null}},"line":555},"49":{"name":"(anonymous_49)","decl":{"start":{"line":559,"column":16},"end":{"line":559,"column":29}},"loc":{"start":{"line":559,"column":59},"end":{"line":585,"column":null}},"line":559},"50":{"name":"(anonymous_50)","decl":{"start":{"line":567,"column":15},"end":{"line":567,"column":21}},"loc":{"start":{"line":567,"column":21},"end":{"line":567,"column":null}},"line":567},"51":{"name":"(anonymous_51)","decl":{"start":{"line":568,"column":14},"end":{"line":568,"column":20}},"loc":{"start":{"line":568,"column":20},"end":{"line":570,"column":null}},"line":568},"52":{"name":"(anonymous_52)","decl":{"start":{"line":571,"column":28},"end":{"line":571,"column":34}},"loc":{"start":{"line":571,"column":34},"end":{"line":573,"column":9}},"line":571},"53":{"name":"(anonymous_53)","decl":{"start":{"line":587,"column":16},"end":{"line":587,"column":36}},"loc":{"start":{"line":587,"column":66},"end":{"line":611,"column":null}},"line":587},"54":{"name":"(anonymous_54)","decl":{"start":{"line":593,"column":15},"end":{"line":593,"column":16}},"loc":{"start":{"line":593,"column":22},"end":{"line":595,"column":null}},"line":593},"55":{"name":"(anonymous_55)","decl":{"start":{"line":596,"column":14},"end":{"line":596,"column":20}},"loc":{"start":{"line":596,"column":20},"end":{"line":598,"column":null}},"line":596},"56":{"name":"(anonymous_56)","decl":{"start":{"line":599,"column":28},"end":{"line":599,"column":34}},"loc":{"start":{"line":599,"column":34},"end":{"line":601,"column":9}},"line":599},"57":{"name":"(anonymous_57)","decl":{"start":{"line":613,"column":10},"end":{"line":613,"column":25}},"loc":{"start":{"line":613,"column":71},"end":{"line":636,"column":null}},"line":613},"58":{"name":"(anonymous_58)","decl":{"start":{"line":617,"column":23},"end":{"line":617,"column":24}},"loc":{"start":{"line":617,"column":36},"end":{"line":635,"column":5}},"line":617},"59":{"name":"(anonymous_59)","decl":{"start":{"line":638,"column":16},"end":{"line":638,"column":31}},"loc":{"start":{"line":638,"column":61},"end":{"line":662,"column":null}},"line":638},"60":{"name":"(anonymous_60)","decl":{"start":{"line":646,"column":15},"end":{"line":646,"column":21}},"loc":{"start":{"line":646,"column":21},"end":{"line":646,"column":null}},"line":646},"61":{"name":"(anonymous_61)","decl":{"start":{"line":647,"column":14},"end":{"line":647,"column":20}},"loc":{"start":{"line":647,"column":20},"end":{"line":649,"column":null}},"line":647},"62":{"name":"(anonymous_62)","decl":{"start":{"line":650,"column":28},"end":{"line":650,"column":34}},"loc":{"start":{"line":650,"column":34},"end":{"line":652,"column":9}},"line":650},"63":{"name":"(anonymous_63)","decl":{"start":{"line":669,"column":10},"end":{"line":669,"column":30}},"loc":{"start":{"line":669,"column":51},"end":{"line":677,"column":null}},"line":669},"64":{"name":"(anonymous_64)","decl":{"start":{"line":673,"column":35},"end":{"line":673,"column":41}},"loc":{"start":{"line":673,"column":41},"end":{"line":676,"column":7}},"line":673},"65":{"name":"(anonymous_65)","decl":{"start":{"line":679,"column":10},"end":{"line":679,"column":31}},"loc":{"start":{"line":679,"column":58},"end":{"line":693,"column":null}},"line":679},"66":{"name":"(anonymous_66)","decl":{"start":{"line":700,"column":10},"end":{"line":700,"column":29}},"loc":{"start":{"line":700,"column":57},"end":{"line":727,"column":null}},"line":700},"67":{"name":"(anonymous_67)","decl":{"start":{"line":708,"column":27},"end":{"line":708,"column":28}},"loc":{"start":{"line":708,"column":40},"end":{"line":716,"column":9}},"line":708},"68":{"name":"(anonymous_68)","decl":{"start":{"line":729,"column":10},"end":{"line":729,"column":24}},"loc":{"start":{"line":729,"column":48},"end":{"line":831,"column":null}},"line":729},"69":{"name":"(anonymous_69)","decl":{"start":{"line":819,"column":25},"end":{"line":819,"column":26}},"loc":{"start":{"line":819,"column":38},"end":{"line":827,"column":7}},"line":819},"70":{"name":"(anonymous_70)","decl":{"start":{"line":833,"column":10},"end":{"line":833,"column":43}},"loc":{"start":{"line":833,"column":43},"end":{"line":838,"column":null}},"line":833},"71":{"name":"(anonymous_71)","decl":{"start":{"line":840,"column":10},"end":{"line":840,"column":34}},"loc":{"start":{"line":840,"column":54},"end":{"line":845,"column":null}},"line":840},"72":{"name":"(anonymous_72)","decl":{"start":{"line":847,"column":10},"end":{"line":847,"column":27}},"loc":{"start":{"line":847,"column":47},"end":{"line":853,"column":null}},"line":847}},"branchMap":{"0":{"loc":{"start":{"line":86,"column":4},"end":{"line":88,"column":null}},"type":"if","locations":[{"start":{"line":86,"column":4},"end":{"line":88,"column":null}},{"start":{},"end":{}}],"line":86},"1":{"loc":{"start":{"line":86,"column":8},"end":{"line":86,"column":34}},"type":"binary-expr","locations":[{"start":{"line":86,"column":8},"end":{"line":86,"column":20}},{"start":{"line":86,"column":20},"end":{"line":86,"column":34}}],"line":86},"2":{"loc":{"start":{"line":93,"column":4},"end":{"line":96,"column":null}},"type":"if","locations":[{"start":{"line":93,"column":4},"end":{"line":96,"column":null}},{"start":{},"end":{}}],"line":93},"3":{"loc":{"start":{"line":93,"column":8},"end":{"line":93,"column":72}},"type":"binary-expr","locations":[{"start":{"line":93,"column":8},"end":{"line":93,"column":23}},{"start":{"line":93,"column":23},"end":{"line":93,"column":72}}],"line":93},"4":{"loc":{"start":{"line":97,"column":4},"end":{"line":101,"column":null}},"type":"if","locations":[{"start":{"line":97,"column":4},"end":{"line":101,"column":null}},{"start":{},"end":{}}],"line":97},"5":{"loc":{"start":{"line":97,"column":8},"end":{"line":97,"column":66}},"type":"binary-expr","locations":[{"start":{"line":97,"column":8},"end":{"line":97,"column":23}},{"start":{"line":97,"column":23},"end":{"line":97,"column":66}}],"line":97},"6":{"loc":{"start":{"line":107,"column":4},"end":{"line":121,"column":null}},"type":"if","locations":[{"start":{"line":107,"column":4},"end":{"line":121,"column":null}},{"start":{},"end":{}}],"line":107},"7":{"loc":{"start":{"line":108,"column":6},"end":{"line":110,"column":null}},"type":"binary-expr","locations":[{"start":{"line":108,"column":6},"end":{"line":108,"column":null}},{"start":{"line":109,"column":6},"end":{"line":109,"column":null}},{"start":{"line":110,"column":6},"end":{"line":110,"column":null}}],"line":108},"8":{"loc":{"start":{"line":129,"column":4},"end":{"line":132,"column":null}},"type":"if","locations":[{"start":{"line":129,"column":4},"end":{"line":132,"column":null}},{"start":{},"end":{}}],"line":129},"9":{"loc":{"start":{"line":139,"column":4},"end":{"line":142,"column":null}},"type":"if","locations":[{"start":{"line":139,"column":4},"end":{"line":142,"column":null}},{"start":{},"end":{}}],"line":139},"10":{"loc":{"start":{"line":139,"column":8},"end":{"line":139,"column":67}},"type":"binary-expr","locations":[{"start":{"line":139,"column":8},"end":{"line":139,"column":24}},{"start":{"line":139,"column":24},"end":{"line":139,"column":67}}],"line":139},"11":{"loc":{"start":{"line":149,"column":6},"end":{"line":149,"column":null}},"type":"if","locations":[{"start":{"line":149,"column":6},"end":{"line":149,"column":null}},{"start":{},"end":{}}],"line":149},"12":{"loc":{"start":{"line":152,"column":6},"end":{"line":152,"column":null}},"type":"if","locations":[{"start":{"line":152,"column":6},"end":{"line":152,"column":null}},{"start":{},"end":{}}],"line":152},"13":{"loc":{"start":{"line":164,"column":4},"end":{"line":166,"column":null}},"type":"if","locations":[{"start":{"line":164,"column":4},"end":{"line":166,"column":null}},{"start":{},"end":{}}],"line":164},"14":{"loc":{"start":{"line":181,"column":6},"end":{"line":188,"column":null}},"type":"if","locations":[{"start":{"line":181,"column":6},"end":{"line":188,"column":null}},{"start":{},"end":{}}],"line":181},"15":{"loc":{"start":{"line":210,"column":6},"end":{"line":217,"column":null}},"type":"if","locations":[{"start":{"line":210,"column":6},"end":{"line":217,"column":null}},{"start":{},"end":{}}],"line":210},"16":{"loc":{"start":{"line":226,"column":4},"end":{"line":228,"column":null}},"type":"if","locations":[{"start":{"line":226,"column":4},"end":{"line":228,"column":null}},{"start":{},"end":{}}],"line":226},"17":{"loc":{"start":{"line":244,"column":12},"end":{"line":246,"column":null}},"type":"if","locations":[{"start":{"line":244,"column":12},"end":{"line":246,"column":null}},{"start":{},"end":{}}],"line":244},"18":{"loc":{"start":{"line":249,"column":12},"end":{"line":251,"column":null}},"type":"if","locations":[{"start":{"line":249,"column":12},"end":{"line":251,"column":null}},{"start":{},"end":{}}],"line":249},"19":{"loc":{"start":{"line":258,"column":6},"end":{"line":265,"column":null}},"type":"if","locations":[{"start":{"line":258,"column":6},"end":{"line":265,"column":null}},{"start":{},"end":{}}],"line":258},"20":{"loc":{"start":{"line":284,"column":48},"end":{"line":284,"column":64}},"type":"binary-expr","locations":[{"start":{"line":284,"column":48},"end":{"line":284,"column":60}},{"start":{"line":284,"column":60},"end":{"line":284,"column":64}}],"line":284},"21":{"loc":{"start":{"line":288,"column":8},"end":{"line":288,"column":null}},"type":"cond-expr","locations":[{"start":{"line":288,"column":49},"end":{"line":288,"column":61}},{"start":{"line":288,"column":61},"end":{"line":288,"column":null}}],"line":288},"22":{"loc":{"start":{"line":304,"column":6},"end":{"line":311,"column":null}},"type":"if","locations":[{"start":{"line":304,"column":6},"end":{"line":311,"column":null}},{"start":{},"end":{}}],"line":304},"23":{"loc":{"start":{"line":340,"column":6},"end":{"line":347,"column":null}},"type":"if","locations":[{"start":{"line":340,"column":6},"end":{"line":347,"column":null}},{"start":{},"end":{}}],"line":340},"24":{"loc":{"start":{"line":376,"column":6},"end":{"line":383,"column":null}},"type":"if","locations":[{"start":{"line":376,"column":6},"end":{"line":383,"column":null}},{"start":{},"end":{}}],"line":376},"25":{"loc":{"start":{"line":402,"column":6},"end":{"line":409,"column":null}},"type":"if","locations":[{"start":{"line":402,"column":6},"end":{"line":409,"column":null}},{"start":{},"end":{}}],"line":402},"26":{"loc":{"start":{"line":414,"column":4},"end":{"line":416,"column":null}},"type":"if","locations":[{"start":{"line":414,"column":4},"end":{"line":416,"column":null}},{"start":{},"end":{}}],"line":414},"27":{"loc":{"start":{"line":417,"column":4},"end":{"line":419,"column":null}},"type":"if","locations":[{"start":{"line":417,"column":4},"end":{"line":419,"column":null}},{"start":{},"end":{}}],"line":417},"28":{"loc":{"start":{"line":420,"column":4},"end":{"line":422,"column":null}},"type":"if","locations":[{"start":{"line":420,"column":4},"end":{"line":422,"column":null}},{"start":{},"end":{}}],"line":420},"29":{"loc":{"start":{"line":420,"column":8},"end":{"line":420,"column":66}},"type":"binary-expr","locations":[{"start":{"line":420,"column":8},"end":{"line":420,"column":23}},{"start":{"line":420,"column":23},"end":{"line":420,"column":66}}],"line":420},"30":{"loc":{"start":{"line":425,"column":6},"end":{"line":427,"column":null}},"type":"if","locations":[{"start":{"line":425,"column":6},"end":{"line":427,"column":null}},{"start":{},"end":{}}],"line":425},"31":{"loc":{"start":{"line":425,"column":10},"end":{"line":425,"column":44}},"type":"binary-expr","locations":[{"start":{"line":425,"column":10},"end":{"line":425,"column":26}},{"start":{"line":425,"column":26},"end":{"line":425,"column":44}}],"line":425},"32":{"loc":{"start":{"line":432,"column":4},"end":{"line":434,"column":null}},"type":"if","locations":[{"start":{"line":432,"column":4},"end":{"line":434,"column":null}},{"start":{},"end":{}}],"line":432},"33":{"loc":{"start":{"line":432,"column":8},"end":{"line":432,"column":36}},"type":"binary-expr","locations":[{"start":{"line":432,"column":8},"end":{"line":432,"column":20}},{"start":{"line":432,"column":20},"end":{"line":432,"column":36}}],"line":432},"34":{"loc":{"start":{"line":437,"column":4},"end":{"line":443,"column":null}},"type":"if","locations":[{"start":{"line":437,"column":4},"end":{"line":443,"column":null}},{"start":{},"end":{}}],"line":437},"35":{"loc":{"start":{"line":439,"column":8},"end":{"line":441,"column":null}},"type":"cond-expr","locations":[{"start":{"line":440,"column":12},"end":{"line":440,"column":null}},{"start":{"line":441,"column":12},"end":{"line":441,"column":null}}],"line":439},"36":{"loc":{"start":{"line":451,"column":6},"end":{"line":453,"column":null}},"type":"if","locations":[{"start":{"line":451,"column":6},"end":{"line":453,"column":null}},{"start":{},"end":{}}],"line":451},"37":{"loc":{"start":{"line":455,"column":6},"end":{"line":457,"column":null}},"type":"if","locations":[{"start":{"line":455,"column":6},"end":{"line":457,"column":null}},{"start":{},"end":{}}],"line":455},"38":{"loc":{"start":{"line":469,"column":6},"end":{"line":474,"column":null}},"type":"if","locations":[{"start":{"line":469,"column":6},"end":{"line":474,"column":null}},{"start":{},"end":{}}],"line":469},"39":{"loc":{"start":{"line":469,"column":10},"end":{"line":469,"column":53}},"type":"binary-expr","locations":[{"start":{"line":469,"column":10},"end":{"line":469,"column":38}},{"start":{"line":469,"column":38},"end":{"line":469,"column":53}}],"line":469},"40":{"loc":{"start":{"line":470,"column":8},"end":{"line":472,"column":null}},"type":"if","locations":[{"start":{"line":470,"column":8},"end":{"line":472,"column":null}},{"start":{},"end":{}}],"line":470},"41":{"loc":{"start":{"line":470,"column":12},"end":{"line":470,"column":54}},"type":"binary-expr","locations":[{"start":{"line":470,"column":12},"end":{"line":470,"column":28}},{"start":{"line":470,"column":28},"end":{"line":470,"column":54}}],"line":470},"42":{"loc":{"start":{"line":479,"column":6},"end":{"line":481,"column":null}},"type":"if","locations":[{"start":{"line":479,"column":6},"end":{"line":481,"column":null}},{"start":{},"end":{}}],"line":479},"43":{"loc":{"start":{"line":479,"column":10},"end":{"line":479,"column":68}},"type":"binary-expr","locations":[{"start":{"line":479,"column":10},"end":{"line":479,"column":25}},{"start":{"line":479,"column":25},"end":{"line":479,"column":68}}],"line":479},"44":{"loc":{"start":{"line":482,"column":6},"end":{"line":484,"column":null}},"type":"if","locations":[{"start":{"line":482,"column":6},"end":{"line":484,"column":null}},{"start":{},"end":{}}],"line":482},"45":{"loc":{"start":{"line":482,"column":10},"end":{"line":482,"column":69}},"type":"binary-expr","locations":[{"start":{"line":482,"column":10},"end":{"line":482,"column":26}},{"start":{"line":482,"column":26},"end":{"line":482,"column":69}}],"line":482},"46":{"loc":{"start":{"line":498,"column":4},"end":{"line":501,"column":null}},"type":"if","locations":[{"start":{"line":498,"column":4},"end":{"line":501,"column":null}},{"start":{},"end":{}}],"line":498},"47":{"loc":{"start":{"line":505,"column":4},"end":{"line":507,"column":null}},"type":"if","locations":[{"start":{"line":505,"column":4},"end":{"line":507,"column":null}},{"start":{},"end":{}}],"line":505},"48":{"loc":{"start":{"line":505,"column":8},"end":{"line":505,"column":67}},"type":"binary-expr","locations":[{"start":{"line":505,"column":8},"end":{"line":505,"column":24}},{"start":{"line":505,"column":24},"end":{"line":505,"column":67}}],"line":505},"49":{"loc":{"start":{"line":531,"column":4},"end":{"line":533,"column":null}},"type":"if","locations":[{"start":{"line":531,"column":4},"end":{"line":533,"column":null}},{"start":{},"end":{}}],"line":531},"50":{"loc":{"start":{"line":531,"column":8},"end":{"line":531,"column":67}},"type":"binary-expr","locations":[{"start":{"line":531,"column":8},"end":{"line":531,"column":24}},{"start":{"line":531,"column":24},"end":{"line":531
[...]
d-expr","locations":[{"start":{"line":553,"column":8},"end":{"line":553,"column":null}},{"start":{"line":554,"column":8},"end":{"line":554,"column":null}}],"line":552},"81":{"loc":{"start":{"line":552,"column":5},"end":{"line":552,"column":null}},"type":"binary-expr","locations":[{"start":{"line":552,"column":5},"end":{"line":552,"column":39}},{"start":{"line":552,"column":39},"end":{"line":552,"column":null}}],"line":552}},"s":{"0":0,"1":0,"2":0,"3":0,"4":0,"5":0,"6":0,"7":0,"8":0,"9":0,"10":0,"11":0,"12":0,"13":0,"14":0,"15":0,"16":0,"17":0,"18":0,"19":0,"20":0,"21":0,"22":0,"23":0,"24":0,"25":0,"26":0,"27":0,"28":0,"29":0,"30":0,"31":0,"32":0,"33":0,"34":0,"35":0,"36":0,"37":0,"38":0,"39":0,"40":0,"41":0,"42":0,"43":0,"44":0,"45":0,"46":0,"47":0,"48":0,"49":0,"50":0,"51":0,"52":0,"53":0,"54":0,"55":0,"56":0,"57":0,"58":0,"59":0,"60":0,"61":0,"62":0,"63":0,"64":0,"65":0,"66":0,"67":0,"68":0,"69":0,"70":0,"71":0,"72":0,"73":0,"74":0,"75":0,"76":0,"77":0,"78":0,"79":0,"80":0,"81":0,"82":0,"83":0,"84":0,"85":0,"86":0,"87":0,"88":0,"89":0,"90":0,"91":0,"92":0,"93":0,"94":0,"95":0,"96":0,"97":0,"98":0,"99":0,"100":0,"101":0,"102":0,"103":0,"104":0,"105":0,"106":0,"107":0,"108":0,"109":0,"110":0,"111":0,"112":0,"113":0,"114":0,"115":0,"116":0,"117":0,"118":0,"119":0,"120":0,"121":0,"122":0,"123":0,"124":0,"125":0,"126":0,"127":0,"128":0,"129":0,"130":0,"131":0,"132":0,"133":0,"134":0,"135":0,"136":0,"137":0,"138":0,"139":0,"140":0,"141":0,"142":0,"143":0,"144":0,"145":0,"146":0,"147":0,"148":0,"149":0,"150":0,"151":0,"152":0,"153":0,"154":0,"155":0,"156":0,"157":0,"158":0,"159":0,"160":0,"161":3,"162":3,"163":0,"164":0,"165":0,"166":0,"167":0,"168":0,"169":0,"170":0,"171":7,"172":7,"173":7,"174":3,"175":0,"176":3,"177":4,"178":1,"179":3,"180":1,"181":2,"182":3,"183":3,"184":0,"185":3,"186":3,"187":0,"188":3,"189":0,"190":0,"191":0,"192":0,"193":0,"194":0,"195":0,"196":0,"197":0,"198":0,"199":0,"200":0,"201":0,"202":0,"203":0,"204":0,"205":0,"206":0,"207":0,"208":0,"209":0,"210":0,"211":0,"212":2,"213":2,"214":0,"215":0,"216":0,"217":0,"218":0,"219":0,"220":0,"221":0,"222":0,"223":0,"224":0,"225":0,"226":0,"227":0,"228":0,"229":0,"230":0,"231":0,"232":0,"233":0,"234":0,"235":0,"236":2,"237":2},"f":{"0":0,"1":0,"2":0,"3":0,"4":0,"5":0,"6":0,"7":0,"8":0,"9":0,"10":0,"11":0,"12":0,"13":0,"14":0,"15":0,"16":0,"17":0,"18":0,"19":0,"20":0,"21":0,"22":0,"23":0,"24":0,"25":0,"26":0,"27":0,"28":0,"29":0,"30":0,"31":3,"32":0,"33":7,"34":3,"35":0,"36":0,"37":0,"38":0,"39":0,"40":0,"41":0,"42":2,"43":0,"44":0,"45":0,"46":0,"47":0,"48":2,"49":2},"b":{"0":[0,0],"1":[0,0],"2":[0,0],"3":[0,0],"4":[0,0],"5":[0,0],"6":[0,0],"7":[0,0],"8":[0,0],"9":[0,0],"10":[0,0],"11":[0,0],"12":[0,0],"13":[0,0],"14":[0,0],"15":[0,0],"16":[0,0],"17":[0,0],"18":[0,0],"19":[0,0],"20":[0,0],"21":[0,0],"22":[0,0],"23":[0,0],"24":[0,0],"25":[0,0],"26":[0,0],"27":[0,0],"28":[0,0],"29":[0,0],"30":[0,0],"31":[0,0],"32":[0,0],"33":[0,0],"34":[0],"35":[0],"36":[0,0],"37":[0,0],"38":[0,0],"39":[0,0],"40":[0,0],"41":[0,0],"42":[3,0],"43":[3,3],"44":[0,0],"45":[0,0],"46":[0,0],"47":[0,0],"48":[7,4],"49":[7,4],"50":[3,4],"51":[7,4],"52":[0,3],"53":[2,1],"54":[1,3],"55":[1,2],"56":[0,3],"57":[0,3],"58":[3,3],"59":[0,0],"60":[0,0],"61":[0,0],"62":[0,0],"63":[0,0,0,0],"64":[0,0],"65":[0,0],"66":[0,0],"67":[0,0],"68":[0,0],"69":[0,0],"70":[0,0],"71":[0,0],"72":[0,0],"73":[0,0],"74":[0,0],"75":[0,0],"76":[0,0],"77":[0,0],"78":[0,0],"79":[2,0],"80":[0,0],"81":[0,0]},"meta":{"lastBranch":82,"lastFunction":50,"lastStatement":238,"seen":{"f:50:16:50:Infinity":0,"s:53:2:60:Infinity":0,"f:58:16:58:22":1,"s:58:22:58:Infinity":1,"f:63:9:63:29":2,"b:64:2:64:Infinity:undefined:undefined:undefined:undefined":0,"s:64:2:64:Infinity":2,"s:64:37:64:Infinity":3,"b:65:2:65:Infinity:undefined:undefined:undefined:undefined":1,"s:65:2:65:Infinity":4,"s:65:40:65:Infinity":5,"s:69:46:69:Infinity":6,"s:70:23:70:Infinity":7,"s:71:21:71:Infinity":8,"s:72:50:72:Infinity":9,"s:73:52:73:Infinity":10,"s:74:42:74:Infinity":11,"s:75:49:75:Infinity":12,"s:76:37:78:Infinity":13,"s:89:37:110:Infinity":14,"s:112:31:121:Infinity":15,"s:123:37:132:Infinity":16,"f:80:12:80:37":3,"s:81:23:81:Infinity":17,"b:82:6:82:Infinity:undefined:undefined:undefined:undefined":2,"s:82:6:82:Infinity":18,"s:82:21:82:Infinity":19,"s:83:19:83:Infinity":20,"s:84:6:86:Infinity":21,"f:85:8:85:9":4,"s:85:19:85:Infinity":22,"b:85:19:85:47:85:47:85:Infinity":3,"f:89:37:89:38":5,"b:90:6:90:Infinity:undefined:undefined:undefined:undefined":4,"s:90:6:90:Infinity":23,"s:90:42:90:Infinity":24,"b:91:6:91:Infinity:undefined:undefined:undefined:undefined":5,"s:91:6:91:Infinity":25,"s:91:22:91:Infinity":26,"b:92:6:92:Infinity:undefined:undefined:undefined:undefined":6,"s:92:6:92:Infinity":27,"s:92:49:92:Infinity":28,"s:93:23:93:Infinity":29,"b:95:6:103:Infinity:undefined:undefined:undefined:undefined":7,"s:95:6:103:Infinity":30,"b:96:8:96:Infinity:97:8:97:Infinity":8,"s:99:8:99:Infinity":31,"s:100:8:100:Infinity":32,"s:101:8:101:Infinity":33,"s:102:8:102:Infinity":34,"b:105:6:109:Infinity:undefined:undefined:undefined:undefined":9,"s:105:6:109:Infinity":35,"b:105:10:105:53:105:53:105:77":10,"s:106:8:106:Infinity":36,"s:107:8:107:Infinity":37,"s:108:8:108:Infinity":38,"f:112:31:112:32":6,"b:113:6:113:Infinity:undefined:undefined:undefined:undefined":11,"s:113:6:113:Infinity":39,"s:113:42:113:Infinity":40,"b:114:6:114:Infinity:undefined:undefined:undefined:undefined":12,"s:114:6:114:Infinity":41,"s:114:52:114:Infinity":42,"b:115:6:115:Infinity:undefined:undefined:undefined:undefined":13,"s:115:6:115:Infinity":43,"s:115:49:115:Infinity":44,"s:116:6:120:Infinity":45,"f:123:37:123:38":7,"b:124:6:124:Infinity:undefined:undefined:undefined:undefined":14,"s:124:6:124:Infinity":46,"s:124:42:124:Infinity":47,"b:125:6:125:Infinity:undefined:undefined:undefined:undefined":15,"s:125:6:125:Infinity":48,"s:125:52:125:Infinity":49,"b:126:6:126:Infinity:undefined:undefined:undefined:undefined":16,"s:126:6:126:Infinity":50,"s:126:49:126:Infinity":51,"s:127:6:131:Infinity":52,"f:134:4:134:18":8,"s:135:6:135:Infinity":53,"s:136:6:136:Infinity":54,"f:139:4:139:30":9,"s:140:6:140:Infinity":55,"s:141:6:141:Infinity":56,"s:142:6:142:Infinity":57,"s:143:6:143:Infinity":58,"s:144:6:144:Infinity":59,"s:145:6:145:Infinity":60,"f:148:4:148:33":10,"s:149:6:149:Infinity":61,"s:150:6:150:Infinity":62,"s:151:6:151:Infinity":63,"s:152:6:152:Infinity":64,"s:153:6:153:Infinity":65,"b:154:6:157:Infinity:undefined:undefined:undefined:undefined":17,"s:154:6:157:Infinity":66,"s:155:8:155:Infinity":67,"s:156:8:156:Infinity":68,"s:158:6:158:Infinity":69,"s:159:6:159:Infinity":70,"f:162:8:162:19":11,"b:163:6:163:Infinity:undefined:undefined:undefined:undefined":18,"s:163:6:163:Infinity":71,"s:163:31:163:Infinity":72,"s:164:6:164:Infinity":73,"s:165:6:165:Infinity":74,"f:168:8:168:23":12,"s:169:19:169:Infinity":75,"b:170:6:170:Infinity:undefined:undefined:undefined:undefined":19,"s:170:6:170:Infinity":76,"s:170:34:170:Infinity":77,"s:171:6:171:Infinity":78,"s:172:6:172:Infinity":79,"f:175:12:175:27":13,"b:176:6:176:Infinity:undefined:undefined:undefined:undefined":20,"s:176:6:176:Infinity":80,"s:176:22:176:Infinity":81,"s:178:6:178:Infinity":82,"b:178:57:178:66:178:66:178:73":21,"s:179:6:182:Infinity":83,"b:181:29:181:38:181:38:181:Infinity":22,"s:183:6:183:Infinity":84,"s:185:19:185:Infinity":85,"s:186:6:192:Infinity":86,"s:193:6:193:Infinity":87,"b:195:6:195:Infinity:undefined:undefined:undefined:undefined":23,"s:195:6:195:Infinity":88,"s:195:22:195:Infinity":89,"s:196:6:234:Infinity":90,"f:199:15:199:35":14,"s:200:10:200:Infinity":91,"f:201:16:201:Infinity":15,"s:206:10:206:Infinity":92,"s:207:10:209:Infinity":93,"f:207:37:207:43":16,"s:208:12:208:Infinity":94,"f:211:18:211:Infinity":17,"s:216:27:216:Infinity":95,"b:217:10:217:Infinity:undefined:undefined:undefined:undefined":24,"s:217:10:217:Infinity":96,"s:217:24:217:Infinity":97,"s:218:24:221:Infinity":98,"f:218:35:218:41":18,"s:219:12:219:Infinity":99,"s:220:12:220:Infinity":100,"s:222:10:222:Infinity":101,"f:224:25:224:26":19,"s:225:10:225:Infinity":102,"f:226:22:226:23":20,"s:227:10:227:Infinity":103,"f:229:16:229:17":21,"b:230:12:230:Infinity:undefined:undefined:undefined:undefined":25,"s:230:12:230:Infinity":104,"s:230:58:230:Infinity":105,"s:231:12:231:Infinity":106,"f:237:12:237:36":22,"s:238:6:238:Infinity":107,"s:238:51:238:Infinity":108,"s:239:6:239:Infinity":109,"f:242:12:242:32":23,"s:243:6:243:Infinity":110,"s:243:48:243:Infinity":111,"s:244:6:244:Infinity":112,"f:247:12:247:41":24,"b:248:6:248:Infinity:undefined:undefined:undefined:undefined":26,"s:248:6:248:Infinity":113,"b:248:10:248:33:248:33:248:72":27,"s:248:72:248:Infinity":114,"s:249:6:252:Infinity":115,"f:249:47:249:53":25,"s:250:8:250:Infinity":116,"s:251:8:251:Infinity":117,"s:253:6:253:Infinity":118,"f:256:12:256:38":26,"s:257:20:257:Infinity":119,"s:258:21:258:Infinity":120,"s:259:22:259:Infinity":121,"s:260:6:260:Infinity":122,"s:261:6:261:Infinity":123,"s:262:6:262:Infinity":124,"f:265:12:265:42":27,"b:266:6:268:Infinity:undefined:undefined:undefined:undefined":28,"s:266:6:268:Infinity":125,"s:267:8:267:Infinity":126,"s:269:6:272:Infinity":127,"f:269:48:269:54":28,"s:270:8:270:Infinity":128,"s:271:8:271:Infinity":129,"f:275:12:275:39":29,"s:276:23:278:Infinity":130,"s:279:6:314:Infinity":131,"s:280:26:280:Infinity":132,"b:281:8:281:Infinity:undefined:undefined:undefined:undefined":29,"s:281:8:281:Infinity":133,"s:281:24:281:Infinity":134,"s:282:31:282:Infinity":135,"s:283:32:283:Infinity":136,"b:284:8:284:Infinity:undefined:undefined:undefined:undefined":30,"s:284:8:284:Infinity":137,"b:284:12:284:36:284:36:284:59":31,"s:284:59:284:Infinity":138,"s:286:24:286:Infinity":139,"s:287:24:293:Infinity":140,"s:295:18:295:Infinity":141,"s:296:19:296:Infinity":142,"s:297:19:297:Infinity":143,"s:299:8:311:Infinity":144,"s:300:22:300:Infinity":145,"s:301:10:301:Infinity":146,"s:303:12:304:Infinity":147,"b:303:12:303:Infinity:304:12:304:Infinity":32,"b:305:10:310:Infinity:308:17:310:Infinity":33,"s:305:10:310:Infinity":148,"s:306:12:306:Infinity":149,"s:307:12:307:Infinity":150,"s:309:12:309:Infinity":151,"s:313:8:313:Infinity":152,"s:318:2:318:Infinity":153,"f:329:9:329:27":30,"b:333:14:333:Infinity":34,"b:334:17:334:Infinity":35,"s:336:16:336:Infinity":154,"b:336:27:336:41:336:41:336:49":36,"s:337:22:337:Infinity":155,"b:338:2:338:Infinity:undefined:undefined:undefined:undefined":37,"s:338:2:338:Infinity":156,"s:338:18:338:Infinity":157,"b:339:2:339:Infinity:undefined:undefined:undefined:undefined":38,"s:339:2:339:Infinity":158,"b:339:6:339:19:339:19:339:33":39,"s:339:33:339:Infinity":159,"s:341:2:352:Infinity":160,"b:342:23:342:39:342:39:342:41":40,"b:346:8:347:Infinity:350:8:350:Infinity":41,"f:357:16:357:26":31,"b:358:2:358:Infinity:undefined:undefined:undefined:undefined":42,"s:358:2:358:Infinity":161,"b:358:6:358:35:358:35:358:59":43,"s:358:59:358:Infinity":162,"b:359:2:359:Infinity:undefined:undefined:undefined:undefined":44,"s:359:2:359:Infinity":163,"s:359:34:359:Infinity":164,"b:359:49:359:55:359:55:359:Infinity":45,"b:360:2:363:Infinity:undefined:undefined:undefined:undefined":46,"s:360:2:363:Infinity":165,"s:361:19:361:Infinity":166,"b:362:4:362:Infinity:undefined:undefined:undefined:undefined":47,"s:362:4:362:Infinity":167,"s:362:33:362:Infinity":168,"s:364:2:364:Infinity":169,"f:367:16:367:26":32,"s:368:2:368:Infinity":170,"f:371:16:371:36":33,"s:372:17:372:Infinity":171,"b:372:17:372:44:372:44:372:Infinity":48,"s:373:17:373:Infinity":172,"b:373:17:373:44:373:44:373:Infinity":49,"b:375:2:380:Infinity:undefined:undefined:undefined:undefined":50,"s:375:2:380:Infinity":173,"b:375:6:375:16:375:16:375:24":51,"b:376:4:378:Infinity:undefined:undefined:undefined:undefined":52,"s:376:4:378:Infinity":174,"s:377:6:377:Infinity":175,"s:379:4:379:Infinity":176,"b:379:23:379:38:379:38:379:Infinity":53,"b:382:2:384:Infinity:undefined:undefined:undefined:undefined":54,"s:382:2:384:Infinity":177,"s:383:4:383:Infinity":178,"b:386:2:388:Infinity:undefined:undefined:undefined:undefined":55,"s:386:2:388:Infinity":179,"s:387:4:387:Infinity":180,"s:390:2:390:Infinity":181,"f:393:16:393:Infinity":34,"s:397:18:397:Infinity":182,"b:398:2:398:Infinity:undefined:undefined:undefined:undefined":56,"s:398:2:398:Infinity":183,"s:398:24:398:Infinity":184,"s:399:15:399:Infinity":185,"b:400:2:400:Infinity:undefined:undefined:undefined:undefined":57,"s:400:2:400:Infinity":186,"b:400:6:400:32:400:32:400:44":58,"s:400:44:400:Infinity":187,"s:401:2:404:Infinity":188,"f:407:16:407:26":35,"b:408:2:408:Infinity:undefined:undefined:undefined:undefined":59,"s:408:2:408:Infinity":189,"s:408:34:408:Infinity":190,"b:409:2:409:Infinity:undefined:undefined:undefined:undefined":60,"s:409:2:409:Infinity":191,"s:409:33:409:Infinity":192,"b:409:40:409:66:409:66:409:Infinity":61,"b:410:2:418:Infinity:undefined:undefined:undefined:undefined":62,"s:410:2:418:Infinity":193,"s:411:23:411:Infinity":194,"s:412:4:416:Infinity":195,"b:413:6:413:Infinity:414:6:414:Infinity:415:6:415:Infinity:416:6:416:Infinity":63,"s:419:2:419:Infinity":196,"f:422:16:422:23":36,"s:423:2:423:Infinity":197,"b:423:31:423:38:423:38:423:Infinity":64,"f:426:16:426:27":37,"s:427:2:432:Infinity":198,"f:435:16:435:Infinity":38,"s:439:2:439:Infinity":199,"f:442:16:442:Infinity":39,"s:446:25:446:Infinity":200,"s:447:2:447:Infinity":201,"s:448:2:452:Infinity":202,"s:449:4:449:Infinity":203,"s:451:4:451:Infinity":204,"f:455:16:455:Infinity":40,"b:458:2:460:Infinity:undefined:undefined:undefined:undefined":65,"s:458:2:460:Infinity":205,"b:458:6:458:23:458:23:458:47":66,"s:459:4:459:Infinity":206,"s:461:2:461:Infinity":207,"f:464:16:464:Infinity":41,"s:468:16:468:Infinity":208,"b:469:2:469:Infinity:undefined:undefined:undefined:undefined":67,"s:469:2:469:Infinity":209,"s:469:28:469:Infinity":210,"s:470:2:470:Infinity":211,"f:473:16:473:Infinity":42,"s:477:14:477:Infinity":212,"s:478:2:478:Infinity":213,"f:481:16:481:31":43,"s:482:15:482:Infinity":214,"s:483:2:483:Infinity":215,"b:483:36:483:43:483:43:483:Infinity":68,"f:486:16:486:Infinity":44,"s:491:14:491:Infinity":216,"s:493:4:493:Infinity":217,"b:493:4:493:36:493:36:493:Infinity":69,"b:494:2:496:Infinity:undefined:undefined:undefined:undefined":70,"s:494:2:496:Infinity":218,"s:495:4:495:Infinity":219,"s:498:18:498:Infinity":220,"b:499:2:501:Infinity:undefined:undefined:undefined:undefined":71,"s:499:2:501:Infinity":221,"s:500:4:500:Infinity":222,"s:503:2:503:Infinity":223,"f:506:16:506:Infinity":45,"s:511:16:511:Infinity":224,"s:512:2:512:Infinity":225,"b:512:31:512:43:512:43:512:Infinity":72,"f:515:16:515:Infinity":46,"b:520:2:522:Infinity:undefined:undefined:undefined:undefined":73,"s:520:2:522:Infinity":226,"s:521:4:521:Infinity":227,"s:523:16:523:Infinity":228,"s:524:19:524:Infinity":229,"b:525:2:528:Infinity:undefined:undefined:undefined:undefined":74,"s:525:2:528:Infinity":230,"s:526:4:526:Infinity":231,"s:527:4:527:Infinity":232,"s:529:2:529:Infinity":233,"f:532:9:532:Infinity":47,"s:535:8:535:Infinity":234,"s:536:2:543:Infinity":235,"b:537:18:537:44:537:44:537:Infinity":75,"b:539:6:539:39:539:39:539:Infinity":76,"b:541:6:541:39:541:39:541:Infinity":77,"b:542:19:542:46:542:46:542:Infinity":78,"f:546:9:546:Infinity":48,"s:550:2:554:Infinity":236,"b:551:4:551:Infinity:552:5:554:Infinity":79,"f:551:31:551:32":49,"s:551:44:551:66":237,"b:553:8:553:Infinity:554:8:554:Infinity":80,"b:552:5:552:39:552:39:552:Infinity":81}}}
,"/Users/javierlazarocastellondorta/Documents/JAVIER/WORK/LiRAYS/SOFT/LiRAYS-Scada/frontend/src/lib/scada/plugins/internal-widgets/runtime/widget-shell.css": {"path":"/Users/javierlazarocastellondorta/Documents/JAVIER/WORK/LiRAYS/SOFT/LiRAYS-Scada/frontend/src/lib/scada/plugins/internal-widgets/runtime/widget-shell.css","statementMap":{},"fnMap":{},"branchMap":{},"s":{},"f":{},"b":{},"meta":{"lastBranch":0,"lastFunction":0,"lastStatement":0,"seen":{}}}
,"/Users/javierlazarocastellondorta/Documents/JAVIER/WORK/LiRAYS/SOFT/LiRAYS-Scada/frontend/src/lib/stores/snackbar.ts": {"path":"/Users/javierlazarocastellondorta/Documents/JAVIER/WORK/LiRAYS/SOFT/LiRAYS-Scada/frontend/src/lib/stores/snackbar.ts","statementMap":{"0":{"start":{"line":12,"column":28},"end":{"line":12,"column":null}},"1":{"start":{"line":15,"column":25},"end":{"line":15,"column":null}},"2":{"start":{"line":17,"column":2},"end":{"line":54,"column":null}},"3":{"start":{"line":21,"column":8},"end":{"line":27,"column":null}},"4":{"start":{"line":28,"column":6},"end":{"line":28,"column":null}},"5":{"start":{"line":31,"column":6},"end":{"line":35,"column":null}},"6":{"start":{"line":38,"column":6},"end":{"line":42,"column":null}},"7":{"start":{"line":45,"column":6},"end":{"line":49,"column":null}},"8":{"start":{"line":52,"column":6},"end":{"line":52,"column":null}},"9":{"start":{"line":57,"column":29},"end":{"line":57,"column":null}}},"fnMap":{"0":{"name":"createSnackbarStore","decl":{"start":{"line":14,"column":9},"end":{"line":14,"column":31}},"loc":{"start":{"line":14,"column":31},"end":{"line":55,"column":null}},"line":14},"1":{"name":"(anonymous_1)","decl":{"start":{"line":19,"column":4},"end":{"line":19,"column":9}},"loc":{"start":{"line":19,"column":50},"end":{"line":29,"column":null}},"line":19},"2":{"name":"(anonymous_2)","decl":{"start":{"line":30,"column":4},"end":{"line":30,"column":12}},"loc":{"start":{"line":30,"column":54},"end":{"line":36,"column":null}},"line":30},"3":{"name":"(anonymous_3)","decl":{"start":{"line":37,"column":4},"end":{"line":37,"column":12}},"loc":{"start":{"line":37,"column":54},"end":{"line":43,"column":null}},"line":37},"4":{"name":"(anonymous_4)","decl":{"start":{"line":44,"column":4},"end":{"line":44,"column":10}},"loc":{"start":{"line":44,"column":52},"end":{"line":50,"column":null}},"line":44},"5":{"name":"(anonymous_5)","decl":{"start":{"line":51,"column":4},"end":{"line":51,"column":17}},"loc":{"start":{"line":51,"column":17},"end":{"line":53,"column":null}},"line":51}},"branchMap":{"0":{"loc":{"start":{"line":21,"column":8},"end":{"line":27,"column":null}},"type":"cond-expr","locations":[{"start":{"line":22,"column":12},"end":{"line":22,"column":null}},{"start":{"line":23,"column":12},"end":{"line":27,"column":null}}],"line":21},"1":{"loc":{"start":{"line":26,"column":24},"end":{"line":26,"column":null}},"type":"binary-expr","locations":[{"start":{"line":26,"column":24},"end":{"line":26,"column":44}},{"start":{"line":26,"column":44},"end":{"line":26,"column":null}}],"line":26},"2":{"loc":{"start":{"line":34,"column":18},"end":{"line":34,"column":null}},"type":"binary-expr","locations":[{"start":{"line":34,"column":18},"end":{"line":34,"column":30}},{"start":{"line":34,"column":30},"end":{"line":34,"column":null}}],"line":34},"3":{"loc":{"start":{"line":41,"column":18},"end":{"line":41,"column":null}},"type":"binary-expr","locations":[{"start":{"line":41,"column":18},"end":{"line":41,"column":30}},{"start":{"line":41,"column":30},"end":{"line":41,"column":null}}],"line":41},"4":{"loc":{"start":{"line":48,"column":18},"end":{"line":48,"column":null}},"type":"binary-expr","locations":[{"start":{"line":48,"column":18},"end":{"line":48,"column":30}},{"start":{"line":48,"column":30},"end":{"line":48,"column":null}}],"line":48}},"s":{"0":2,"1":2,"2":2,"3":0,"4":0,"5":0,"6":0,"7":1,"8":0,"9":2},"f":{"0":2,"1":0,"2":0,"3":0,"4":1,"5":0},"b":{"0":[0,0],"1":[0,0],"2":[0,0],"3":[0,0],"4":[1,1]},"meta":{"lastBranch":5,"lastFunction":6,"lastStatement":10,"seen":{"s:12:28:12:Infinity":0,"f:14:9:14:31":0,"s:15:25:15:Infinity":1,"s:17:2:54:Infinity":2,"f:19:4:19:9":1,"s:21:8:27:Infinity":3,"b:22:12:22:Infinity:23:12:27:Infinity":0,"b:26:24:26:44:26:44:26:Infinity":1,"s:28:6:28:Infinity":4,"f:30:4:30:12":2,"s:31:6:35:Infinity":5,"b:34:18:34:30:34:30:34:Infinity":2,"f:37:4:37:12":3,"s:38:6:42:Infinity":6,"b:41:18:41:30:41:30:41:Infinity":3,"f:44:4:44:10":4,"s:45:6:49:Infinity":7,"b:48:18:48:30:48:30:48:Infinity":4,"f:51:4:51:17":5,"s:52:6:52:Infinity":8,"s:57:29:57:Infinity":9}}}
}
